mode: atomic
github.com/mmonterroca/docxgo/pkg/errors/errors.go:57.36,60.16 2 0
github.com/mmonterroca/docxgo/pkg/errors/errors.go:60.16,62.3 1 0
github.com/mmonterroca/docxgo/pkg/errors/errors.go:64.2,64.18 1 0
github.com/mmonterroca/docxgo/pkg/errors/errors.go:64.18,66.3 1 0
github.com/mmonterroca/docxgo/pkg/errors/errors.go:68.2,68.21 1 0
github.com/mmonterroca/docxgo/pkg/errors/errors.go:68.21,70.3 1 0
github.com/mmonterroca/docxgo/pkg/errors/errors.go:72.2,72.18 1 0
github.com/mmonterroca/docxgo/pkg/errors/errors.go:72.18,74.3 1 0
github.com/mmonterroca/docxgo/pkg/errors/errors.go:76.2,76.24 1 0
github.com/mmonterroca/docxgo/pkg/errors/errors.go:76.24,78.31 2 0
github.com/mmonterroca/docxgo/pkg/errors/errors.go:78.31,80.4 1 0
github.com/mmonterroca/docxgo/pkg/errors/errors.go:81.3,81.78 1 0
github.com/mmonterroca/docxgo/pkg/errors/errors.go:84.2,84.35 1 0
github.com/mmonterroca/docxgo/pkg/errors/errors.go:88.36,90.2 1 0
github.com/mmonterroca/docxgo/pkg/errors/errors.go:93.43,95.9 2 0
github.com/mmonterroca/docxgo/pkg/errors/errors.go:95.9,97.3 1 0
github.com/mmonterroca/docxgo/pkg/errors/errors.go:98.2,98.25 1 0
github.com/mmonterroca/docxgo/pkg/errors/errors.go:110.42,111.21 1 0
github.com/mmonterroca/docxgo/pkg/errors/errors.go:111.21,114.3 1 0
github.com/mmonterroca/docxgo/pkg/errors/errors.go:115.2,116.34 1 0
github.com/mmonterroca/docxgo/pkg/errors/errors.go:126.39,127.18 1 0
github.com/mmonterroca/docxgo/pkg/errors/errors.go:127.18,129.3 1 0
github.com/mmonterroca/docxgo/pkg/errors/errors.go:130.2,130.22 1 0
github.com/mmonterroca/docxgo/pkg/errors/errors.go:134.39,136.2 1 0
github.com/mmonterroca/docxgo/pkg/errors/errors.go:139.40,141.2 1 0
github.com/mmonterroca/docxgo/pkg/errors/errors.go:144.36,146.2 1 0
github.com/mmonterroca/docxgo/pkg/errors/errors.go:149.39,150.32 1 0
github.com/mmonterroca/docxgo/pkg/errors/errors.go:150.32,152.3 1 0
github.com/mmonterroca/docxgo/pkg/errors/errors.go:158.65,164.2 1 0
github.com/mmonterroca/docxgo/pkg/errors/errors.go:167.39,168.16 1 0
github.com/mmonterroca/docxgo/pkg/errors/errors.go:168.16,170.3 1 0
github.com/mmonterroca/docxgo/pkg/errors/errors.go:171.2,175.3 1 0
github.com/mmonterroca/docxgo/pkg/errors/errors.go:179.53,180.16 1 0
github.com/mmonterroca/docxgo/pkg/errors/errors.go:180.16,182.3 1 0
github.com/mmonterroca/docxgo/pkg/errors/errors.go:183.2,187.3 1 0
github.com/mmonterroca/docxgo/pkg/errors/errors.go:191.82,192.16 1 0
github.com/mmonterroca/docxgo/pkg/errors/errors.go:192.16,194.3 1 0
github.com/mmonterroca/docxgo/pkg/errors/errors.go:195.2,200.3 1 0
github.com/mmonterroca/docxgo/pkg/errors/errors.go:204.38,210.2 1 0
github.com/mmonterroca/docxgo/pkg/errors/errors.go:213.45,219.2 1 0
github.com/mmonterroca/docxgo/pkg/errors/errors.go:222.84,229.2 1 0
github.com/mmonterroca/docxgo/pkg/errors/errors.go:233.84,243.2 1 0
github.com/mmonterroca/docxgo/pkg/errors/errors.go:247.82,253.2 1 0
github.com/mmonterroca/docxgo/pkg/errors/errors.go:256.81,266.2 1 0
github.com/mmonterroca/docxgo/pkg/errors/errors.go:269.44,275.2 1 0
github.com/mmonterroca/docxgo/pkg/color/color.go:56.35,58.2 1 0
github.com/mmonterroca/docxgo/pkg/color/color.go:62.48,64.35 1 0
github.com/mmonterroca/docxgo/pkg/color/color.go:64.35,66.3 1 0
github.com/mmonterroca/docxgo/pkg/color/color.go:68.2,70.18 2 0
github.com/mmonterroca/docxgo/pkg/color/color.go:71.9,74.17 2 0
github.com/mmonterroca/docxgo/pkg/color/color.go:74.17,76.4 1 0
github.com/mmonterroca/docxgo/pkg/color/color.go:77.3,78.17 2 0
github.com/mmonterroca/docxgo/pkg/color/color.go:78.17,80.4 1 0
github.com/mmonterroca/docxgo/pkg/color/color.go:81.3,82.17 2 0
github.com/mmonterroca/docxgo/pkg/color/color.go:82.17,84.4 1 0
github.com/mmonterroca/docxgo/pkg/color/color.go:85.3,87.24 3 0
github.com/mmonterroca/docxgo/pkg/color/color.go:89.9,92.17 2 0
github.com/mmonterroca/docxgo/pkg/color/color.go:92.17,94.4 1 0
github.com/mmonterroca/docxgo/pkg/color/color.go:95.3,96.17 2 0
github.com/mmonterroca/docxgo/pkg/color/color.go:96.17,98.4 1 0
github.com/mmonterroca/docxgo/pkg/color/color.go:99.3,100.17 2 0
github.com/mmonterroca/docxgo/pkg/color/color.go:100.17,102.4 1 0
github.com/mmonterroca/docxgo/pkg/color/color.go:103.3,105.16 3 0
github.com/mmonterroca/docxgo/pkg/color/color.go:107.10,109.71 1 0
github.com/mmonterroca/docxgo/pkg/color/color.go:112.2,112.44 1 0
github.com/mmonterroca/docxgo/pkg/color/color.go:116.37,119.2 1 0
github.com/mmonterroca/docxgo/internal/serializer/serializer.go:35.40,37.2 1 9
github.com/mmonterroca/docxgo/internal/serializer/serializer.go:40.60,46.2 2 7
github.com/mmonterroca/docxgo/internal/serializer/serializer.go:48.80,52.16 2 7
github.com/mmonterroca/docxgo/internal/serializer/serializer.go:52.16,54.3 1 4
github.com/mmonterroca/docxgo/internal/serializer/serializer.go:57.2,57.18 1 7
github.com/mmonterroca/docxgo/internal/serializer/serializer.go:57.18,59.3 1 1
github.com/mmonterroca/docxgo/internal/serializer/serializer.go:62.2,62.18 1 7
github.com/mmonterroca/docxgo/internal/serializer/serializer.go:62.18,64.3 1 0
github.com/mmonterroca/docxgo/internal/serializer/serializer.go:67.2,67.45 1 7
github.com/mmonterroca/docxgo/internal/serializer/serializer.go:67.45,71.3 1 0
github.com/mmonterroca/docxgo/internal/serializer/serializer.go:74.2,74.38 1 7
github.com/mmonterroca/docxgo/internal/serializer/serializer.go:74.38,78.3 1 1
github.com/mmonterroca/docxgo/internal/serializer/serializer.go:81.2,81.45 1 7
github.com/mmonterroca/docxgo/internal/serializer/serializer.go:81.45,84.3 2 1
github.com/mmonterroca/docxgo/internal/serializer/serializer.go:87.2,88.63 2 7
github.com/mmonterroca/docxgo/internal/serializer/serializer.go:88.63,94.3 1 0
github.com/mmonterroca/docxgo/internal/serializer/serializer.go:97.2,97.45 1 7
github.com/mmonterroca/docxgo/internal/serializer/serializer.go:97.45,101.3 1 0
github.com/mmonterroca/docxgo/internal/serializer/serializer.go:103.2,103.14 1 7
github.com/mmonterroca/docxgo/internal/serializer/serializer.go:106.65,108.16 2 7
github.com/mmonterroca/docxgo/internal/serializer/serializer.go:108.16,110.3 1 0
github.com/mmonterroca/docxgo/internal/serializer/serializer.go:112.2,117.67 2 7
github.com/mmonterroca/docxgo/internal/serializer/serializer.go:117.67,119.3 1 1
github.com/mmonterroca/docxgo/internal/serializer/serializer.go:121.2,121.16 1 7
github.com/mmonterroca/docxgo/internal/serializer/serializer.go:124.84,125.15 1 0
github.com/mmonterroca/docxgo/internal/serializer/serializer.go:126.28,127.38 1 0
github.com/mmonterroca/docxgo/internal/serializer/serializer.go:128.30,129.40 1 0
github.com/mmonterroca/docxgo/internal/serializer/serializer.go:130.30,131.40 1 0
github.com/mmonterroca/docxgo/internal/serializer/serializer.go:132.29,133.39 1 0
github.com/mmonterroca/docxgo/internal/serializer/serializer.go:134.30,135.40 1 0
github.com/mmonterroca/docxgo/internal/serializer/serializer.go:136.30,137.40 1 0
github.com/mmonterroca/docxgo/internal/serializer/serializer.go:138.28,139.38 1 0
github.com/mmonterroca/docxgo/internal/serializer/serializer.go:140.10,141.40 1 0
github.com/mmonterroca/docxgo/internal/serializer/serializer.go:145.86,146.17 1 0
github.com/mmonterroca/docxgo/internal/serializer/serializer.go:147.28,148.38 1 0
github.com/mmonterroca/docxgo/internal/serializer/serializer.go:149.30,150.40 1 0
github.com/mmonterroca/docxgo/internal/serializer/serializer.go:151.29,152.39 1 0
github.com/mmonterroca/docxgo/internal/serializer/serializer.go:153.28,154.38 1 0
github.com/mmonterroca/docxgo/internal/serializer/serializer.go:155.31,156.41 1 0
github.com/mmonterroca/docxgo/internal/serializer/serializer.go:157.28,158.38 1 0
github.com/mmonterroca/docxgo/internal/serializer/serializer.go:159.27,160.37 1 0
github.com/mmonterroca/docxgo/internal/serializer/serializer.go:161.32,162.42 1 0
github.com/mmonterroca/docxgo/internal/serializer/serializer.go:163.32,164.42 1 0
github.com/mmonterroca/docxgo/internal/serializer/serializer.go:165.33,166.43 1 0
github.com/mmonterroca/docxgo/internal/serializer/serializer.go:167.35,168.45 1 0
github.com/mmonterroca/docxgo/internal/serializer/serializer.go:169.31,170.41 1 0
github.com/mmonterroca/docxgo/internal/serializer/serializer.go:171.34,172.44 1 0
github.com/mmonterroca/docxgo/internal/serializer/serializer.go:173.32,174.42 1 0
github.com/mmonterroca/docxgo/internal/serializer/serializer.go:175.33,176.43 1 0
github.com/mmonterroca/docxgo/internal/serializer/serializer.go:177.10,178.38 1 0
github.com/mmonterroca/docxgo/internal/serializer/serializer.go:188.52,192.2 1 7
github.com/mmonterroca/docxgo/internal/serializer/serializer.go:195.79,202.34 2 5
github.com/mmonterroca/docxgo/internal/serializer/serializer.go:202.34,204.3 1 5
github.com/mmonterroca/docxgo/internal/serializer/serializer.go:206.2,206.16 1 5
github.com/mmonterroca/docxgo/internal/serializer/serializer.go:209.99,213.46 2 5
github.com/mmonterroca/docxgo/internal/serializer/serializer.go:213.46,217.3 1 1
github.com/mmonterroca/docxgo/internal/serializer/serializer.go:220.2,221.91 2 5
github.com/mmonterroca/docxgo/internal/serializer/serializer.go:221.91,228.3 1 1
github.com/mmonterroca/docxgo/internal/serializer/serializer.go:231.2,235.84 4 5
github.com/mmonterroca/docxgo/internal/serializer/serializer.go:235.84,242.3 1 0
github.com/mmonterroca/docxgo/internal/serializer/serializer.go:244.2,244.14 1 5
github.com/mmonterroca/docxgo/internal/serializer/serializer.go:247.80,248.15 1 1
github.com/mmonterroca/docxgo/internal/serializer/serializer.go:249.28,250.38 1 0
github.com/mmonterroca/docxgo/internal/serializer/serializer.go:251.30,252.40 1 1
github.com/mmonterroca/docxgo/internal/serializer/serializer.go:253.29,254.39 1 0
github.com/mmonterroca/docxgo/internal/serializer/serializer.go:255.31,256.41 1 0
github.com/mmonterroca/docxgo/internal/serializer/serializer.go:257.34,258.44 1 0
github.com/mmonterroca/docxgo/internal/serializer/serializer.go:259.10,260.38 1 0
github.com/mmonterroca/docxgo/internal/serializer/serializer.go:264.92,266.14 2 0
github.com/mmonterroca/docxgo/internal/serializer/serializer.go:267.30,268.38 1 0
github.com/mmonterroca/docxgo/internal/serializer/serializer.go:269.31,270.39 1 0
github.com/mmonterroca/docxgo/internal/serializer/serializer.go:271.33,272.41 1 0
github.com/mmonterroca/docxgo/internal/serializer/serializer.go:273.10,274.38 1 0
github.com/mmonterroca/docxgo/internal/serializer/serializer.go:276.2,276.13 1 0
github.com/mmonterroca/docxgo/internal/serializer/serializer.go:285.44,289.2 1 3
github.com/mmonterroca/docxgo/internal/serializer/serializer.go:292.68,300.40 2 2
github.com/mmonterroca/docxgo/internal/serializer/serializer.go:300.40,303.3 2 4
github.com/mmonterroca/docxgo/internal/serializer/serializer.go:305.2,305.17 1 2
github.com/mmonterroca/docxgo/internal/serializer/serializer.go:308.93,319.47 4 2
github.com/mmonterroca/docxgo/internal/serializer/serializer.go:319.47,323.3 1 0
github.com/mmonterroca/docxgo/internal/serializer/serializer.go:326.2,326.46 1 2
github.com/mmonterroca/docxgo/internal/serializer/serializer.go:326.46,330.3 1 0
github.com/mmonterroca/docxgo/internal/serializer/serializer.go:332.2,332.14 1 2
github.com/mmonterroca/docxgo/internal/serializer/serializer.go:335.76,340.43 2 2
github.com/mmonterroca/docxgo/internal/serializer/serializer.go:340.43,342.3 1 5
github.com/mmonterroca/docxgo/internal/serializer/serializer.go:344.2,344.13 1 2
github.com/mmonterroca/docxgo/internal/serializer/serializer.go:347.75,353.22 2 4
github.com/mmonterroca/docxgo/internal/serializer/serializer.go:353.22,360.3 1 0
github.com/mmonterroca/docxgo/internal/serializer/serializer.go:363.2,363.35 1 4
github.com/mmonterroca/docxgo/internal/serializer/serializer.go:363.35,365.3 1 10
github.com/mmonterroca/docxgo/internal/serializer/serializer.go:367.2,367.15 1 4
github.com/mmonterroca/docxgo/internal/serializer/serializer.go:370.79,378.41 2 10
github.com/mmonterroca/docxgo/internal/serializer/serializer.go:378.41,380.3 1 1
github.com/mmonterroca/docxgo/internal/serializer/serializer.go:383.2,383.38 1 10
github.com/mmonterroca/docxgo/internal/serializer/serializer.go:383.38,385.3 1 0
github.com/mmonterroca/docxgo/internal/serializer/serializer.go:388.2,388.62 1 10
github.com/mmonterroca/docxgo/internal/serializer/serializer.go:388.62,390.3 1 9
github.com/mmonterroca/docxgo/internal/serializer/serializer.go:392.2,392.16 1 10
github.com/mmonterroca/docxgo/internal/serializer/serializer.go:395.99,399.22 2 10
github.com/mmonterroca/docxgo/internal/serializer/serializer.go:399.22,404.3 1 0
github.com/mmonterroca/docxgo/internal/serializer/serializer.go:407.2,407.25 1 10
github.com/mmonterroca/docxgo/internal/serializer/serializer.go:407.25,411.3 1 0
github.com/mmonterroca/docxgo/internal/serializer/serializer.go:414.2,414.40 1 10
github.com/mmonterroca/docxgo/internal/serializer/serializer.go:414.40,416.44 2 0
github.com/mmonterroca/docxgo/internal/serializer/serializer.go:416.44,418.4 1 0
github.com/mmonterroca/docxgo/internal/serializer/serializer.go:420.3,420.24 1 0
github.com/mmonterroca/docxgo/internal/serializer/serializer.go:424.2,424.57 1 10
github.com/mmonterroca/docxgo/internal/serializer/serializer.go:424.57,428.3 1 0
github.com/mmonterroca/docxgo/internal/serializer/serializer.go:431.2,431.41 1 10
github.com/mmonterroca/docxgo/internal/serializer/serializer.go:431.41,436.3 1 0
github.com/mmonterroca/docxgo/internal/serializer/serializer.go:438.2,438.14 1 10
github.com/mmonterroca/docxgo/internal/serializer/serializer.go:441.76,442.15 1 2
github.com/mmonterroca/docxgo/internal/serializer/serializer.go:443.24,444.33 1 2
github.com/mmonterroca/docxgo/internal/serializer/serializer.go:445.23,446.32 1 0
github.com/mmonterroca/docxgo/internal/serializer/serializer.go:447.23,448.32 1 0
github.com/mmonterroca/docxgo/internal/serializer/serializer.go:449.10,450.33 1 0
github.com/mmonterroca/docxgo/internal/serializer/serializer.go:454.76,455.15 1 0
github.com/mmonterroca/docxgo/internal/serializer/serializer.go:456.28,457.38 1 0
github.com/mmonterroca/docxgo/internal/serializer/serializer.go:458.30,459.40 1 0
github.com/mmonterroca/docxgo/internal/serializer/serializer.go:460.29,461.39 1 0
github.com/mmonterroca/docxgo/internal/serializer/serializer.go:462.31,463.41 1 0
github.com/mmonterroca/docxgo/internal/serializer/serializer.go:464.34,465.44 1 0
github.com/mmonterroca/docxgo/internal/serializer/serializer.go:466.10,467.38 1 0
github.com/mmonterroca/docxgo/internal/serializer/serializer.go:471.88,472.15 1 0
github.com/mmonterroca/docxgo/internal/serializer/serializer.go:473.31,474.45 1 0
github.com/mmonterroca/docxgo/internal/serializer/serializer.go:475.34,476.48 1 0
github.com/mmonterroca/docxgo/internal/serializer/serializer.go:477.34,478.48 1 0
github.com/mmonterroca/docxgo/internal/serializer/serializer.go:479.10,480.45 1 0
github.com/mmonterroca/docxgo/internal/serializer/serializer.go:486.28,488.2 1 5
github.com/mmonterroca/docxgo/internal/serializer/serializer.go:490.34,491.12 1 4
github.com/mmonterroca/docxgo/internal/serializer/serializer.go:491.12,493.3 1 1
github.com/mmonterroca/docxgo/internal/serializer/serializer.go:494.2,494.11 1 3
github.com/mmonterroca/docxgo/internal/serializer/serializer.go:504.50,509.2 1 2
github.com/mmonterroca/docxgo/internal/serializer/serializer.go:512.75,520.40 2 2
github.com/mmonterroca/docxgo/internal/serializer/serializer.go:520.40,522.3 1 2
github.com/mmonterroca/docxgo/internal/serializer/serializer.go:524.2,524.37 1 2
github.com/mmonterroca/docxgo/internal/serializer/serializer.go:524.37,526.3 1 1
github.com/mmonterroca/docxgo/internal/serializer/serializer.go:528.2,528.13 1 2
github.com/mmonterroca/docxgo/internal/serializer/serializer.go:532.83,538.2 1 2
github.com/mmonterroca/docxgo/internal/serializer/serializer.go:541.97,554.28 2 1
github.com/mmonterroca/docxgo/internal/serializer/serializer.go:554.28,556.36 2 0
github.com/mmonterroca/docxgo/internal/serializer/serializer.go:556.36,557.13 1 0
github.com/mmonterroca/docxgo/internal/serializer/serializer.go:557.13,559.5 1 0
github.com/mmonterroca/docxgo/internal/serializer/serializer.go:560.4,560.18 1 0
github.com/mmonterroca/docxgo/internal/serializer/serializer.go:562.3,562.28 1 0
github.com/mmonterroca/docxgo/internal/serializer/serializer.go:566.2,566.24 1 1
github.com/mmonterroca/docxgo/internal/serializer/serializer.go:566.24,571.3 1 0
github.com/mmonterroca/docxgo/internal/serializer/serializer.go:572.2,572.25 1 1
github.com/mmonterroca/docxgo/internal/serializer/serializer.go:572.25,577.3 1 0
github.com/mmonterroca/docxgo/internal/serializer/serializer.go:579.2,579.14 1 1
github.com/mmonterroca/docxgo/internal/serializer/serializer.go:583.93,592.2 1 0
github.com/mmonterroca/docxgo/internal/serializer/serializer.go:595.62,598.2 1 0
github.com/mmonterroca/docxgo/internal/manager/character_style.go:58.71,68.2 1 56
github.com/mmonterroca/docxgo/internal/manager/character_style.go:71.39,75.2 3 6
github.com/mmonterroca/docxgo/internal/manager/character_style.go:78.41,82.2 3 0
github.com/mmonterroca/docxgo/internal/manager/character_style.go:85.51,87.2 1 16
github.com/mmonterroca/docxgo/internal/manager/character_style.go:90.44,94.2 3 0
github.com/mmonterroca/docxgo/internal/manager/character_style.go:97.60,102.2 4 44
github.com/mmonterroca/docxgo/internal/manager/character_style.go:105.41,107.2 1 0
github.com/mmonterroca/docxgo/internal/manager/character_style.go:110.57,117.2 1 0
github.com/mmonterroca/docxgo/internal/manager/character_style.go:120.46,124.2 3 0
github.com/mmonterroca/docxgo/internal/manager/character_style.go:127.59,128.21 1 0
github.com/mmonterroca/docxgo/internal/manager/character_style.go:128.21,135.3 1 0
github.com/mmonterroca/docxgo/internal/manager/character_style.go:137.2,140.12 4 0
github.com/mmonterroca/docxgo/internal/manager/character_style.go:144.44,148.2 3 0
github.com/mmonterroca/docxgo/internal/manager/character_style.go:151.60,156.2 4 11
github.com/mmonterroca/docxgo/internal/manager/character_style.go:159.43,163.2 3 0
github.com/mmonterroca/docxgo/internal/manager/character_style.go:166.39,170.2 3 1
github.com/mmonterroca/docxgo/internal/manager/character_style.go:173.52,178.2 4 12
github.com/mmonterroca/docxgo/internal/manager/character_style.go:181.41,185.2 3 1
github.com/mmonterroca/docxgo/internal/manager/character_style.go:188.56,193.2 4 12
github.com/mmonterroca/docxgo/internal/manager/character_style.go:196.61,200.2 3 0
github.com/mmonterroca/docxgo/internal/manager/character_style.go:203.75,204.66 1 22
github.com/mmonterroca/docxgo/internal/manager/character_style.go:204.66,211.3 1 0
github.com/mmonterroca/docxgo/internal/manager/character_style.go:213.2,216.12 4 22
github.com/mmonterroca/docxgo/internal/manager/character_style.go:220.48,224.2 3 1
github.com/mmonterroca/docxgo/internal/manager/character_style.go:227.62,232.2 4 23
github.com/mmonterroca/docxgo/internal/manager/character_style.go:235.38,239.2 3 1
github.com/mmonterroca/docxgo/internal/manager/character_style.go:242.57,243.78 1 1
github.com/mmonterroca/docxgo/internal/manager/character_style.go:243.78,250.3 1 0
github.com/mmonterroca/docxgo/internal/manager/character_style.go:252.2,255.12 4 1
github.com/mmonterroca/docxgo/internal/manager/id.go:56.36,58.2 1 0
github.com/mmonterroca/docxgo/internal/manager/id.go:61.48,64.2 2 0
github.com/mmonterroca/docxgo/internal/manager/id.go:67.42,70.2 2 0
github.com/mmonterroca/docxgo/internal/manager/id.go:73.44,76.2 2 0
github.com/mmonterroca/docxgo/internal/manager/id.go:79.42,82.2 2 0
github.com/mmonterroca/docxgo/internal/manager/id.go:85.43,88.2 2 0
github.com/mmonterroca/docxgo/internal/manager/id.go:91.44,94.2 2 0
github.com/mmonterroca/docxgo/internal/manager/id.go:97.44,100.2 2 0
github.com/mmonterroca/docxgo/internal/manager/id.go:103.42,106.2 2 0
github.com/mmonterroca/docxgo/internal/manager/id.go:109.47,112.2 2 0
github.com/mmonterroca/docxgo/internal/manager/id.go:115.46,118.2 2 0
github.com/mmonterroca/docxgo/internal/manager/id.go:121.47,124.2 2 0
github.com/mmonterroca/docxgo/internal/manager/id.go:127.46,130.2 2 0
github.com/mmonterroca/docxgo/internal/manager/id.go:134.56,138.2 2 0
github.com/mmonterroca/docxgo/internal/manager/id.go:142.31,155.2 12 0
github.com/mmonterroca/docxgo/internal/manager/media.go:59.56,64.2 1 0
github.com/mmonterroca/docxgo/internal/manager/media.go:67.88,68.20 1 0
github.com/mmonterroca/docxgo/internal/manager/media.go:68.20,70.3 1 0
github.com/mmonterroca/docxgo/internal/manager/media.go:71.2,71.20 1 0
github.com/mmonterroca/docxgo/internal/manager/media.go:71.20,73.3 1 0
github.com/mmonterroca/docxgo/internal/manager/media.go:75.2,99.22 11 0
github.com/mmonterroca/docxgo/internal/manager/media.go:103.60,108.13 4 0
github.com/mmonterroca/docxgo/internal/manager/media.go:108.13,110.3 1 0
github.com/mmonterroca/docxgo/internal/manager/media.go:112.2,112.18 1 0
github.com/mmonterroca/docxgo/internal/manager/media.go:116.68,120.32 3 0
github.com/mmonterroca/docxgo/internal/manager/media.go:120.32,121.24 1 0
github.com/mmonterroca/docxgo/internal/manager/media.go:121.24,123.4 1 0
github.com/mmonterroca/docxgo/internal/manager/media.go:126.2,126.69 1 0
github.com/mmonterroca/docxgo/internal/manager/media.go:130.44,135.32 4 0
github.com/mmonterroca/docxgo/internal/manager/media.go:135.32,137.3 1 0
github.com/mmonterroca/docxgo/internal/manager/media.go:139.2,139.14 1 0
github.com/mmonterroca/docxgo/internal/manager/media.go:143.37,148.2 3 0
github.com/mmonterroca/docxgo/internal/manager/media.go:151.49,155.40 3 0
github.com/mmonterroca/docxgo/internal/manager/media.go:155.40,157.3 1 0
github.com/mmonterroca/docxgo/internal/manager/media.go:159.2,160.12 2 0
github.com/mmonterroca/docxgo/internal/manager/media.go:164.62,165.13 1 0
github.com/mmonterroca/docxgo/internal/manager/media.go:166.14,167.34 1 0
github.com/mmonterroca/docxgo/internal/manager/media.go:168.23,169.35 1 0
github.com/mmonterroca/docxgo/internal/manager/media.go:170.14,171.34 1 0
github.com/mmonterroca/docxgo/internal/manager/media.go:172.14,173.34 1 0
github.com/mmonterroca/docxgo/internal/manager/media.go:174.23,175.35 1 0
github.com/mmonterroca/docxgo/internal/manager/media.go:176.14,177.34 1 0
github.com/mmonterroca/docxgo/internal/manager/media.go:178.14,179.34 1 0
github.com/mmonterroca/docxgo/internal/manager/media.go:180.10,181.36 1 0
github.com/mmonterroca/docxgo/internal/manager/paragraph_style.go:63.71,75.2 1 401
github.com/mmonterroca/docxgo/internal/manager/paragraph_style.go:78.39,82.2 3 135
github.com/mmonterroca/docxgo/internal/manager/paragraph_style.go:85.41,89.2 3 0
github.com/mmonterroca/docxgo/internal/manager/paragraph_style.go:92.51,94.2 1 82
github.com/mmonterroca/docxgo/internal/manager/paragraph_style.go:97.44,101.2 3 0
github.com/mmonterroca/docxgo/internal/manager/paragraph_style.go:104.60,109.2 4 286
github.com/mmonterroca/docxgo/internal/manager/paragraph_style.go:112.41,116.2 3 0
github.com/mmonterroca/docxgo/internal/manager/paragraph_style.go:119.57,124.2 4 0
github.com/mmonterroca/docxgo/internal/manager/paragraph_style.go:127.46,131.2 3 0
github.com/mmonterroca/docxgo/internal/manager/paragraph_style.go:134.59,135.21 1 99
github.com/mmonterroca/docxgo/internal/manager/paragraph_style.go:135.21,142.3 1 0
github.com/mmonterroca/docxgo/internal/manager/paragraph_style.go:144.2,147.12 4 99
github.com/mmonterroca/docxgo/internal/manager/paragraph_style.go:151.44,155.2 3 0
github.com/mmonterroca/docxgo/internal/manager/paragraph_style.go:158.60,163.2 4 11
github.com/mmonterroca/docxgo/internal/manager/paragraph_style.go:166.43,170.2 3 0
github.com/mmonterroca/docxgo/internal/manager/paragraph_style.go:173.56,177.2 3 1
github.com/mmonterroca/docxgo/internal/manager/paragraph_style.go:180.70,181.72 1 12
github.com/mmonterroca/docxgo/internal/manager/paragraph_style.go:181.72,188.3 1 0
github.com/mmonterroca/docxgo/internal/manager/paragraph_style.go:190.2,193.12 4 12
github.com/mmonterroca/docxgo/internal/manager/paragraph_style.go:197.47,201.2 3 1
github.com/mmonterroca/docxgo/internal/manager/paragraph_style.go:204.61,205.15 1 111
github.com/mmonterroca/docxgo/internal/manager/paragraph_style.go:205.15,212.3 1 0
github.com/mmonterroca/docxgo/internal/manager/paragraph_style.go:214.2,217.12 4 111
github.com/mmonterroca/docxgo/internal/manager/paragraph_style.go:221.46,225.2 3 0
github.com/mmonterroca/docxgo/internal/manager/paragraph_style.go:228.60,229.15 1 121
github.com/mmonterroca/docxgo/internal/manager/paragraph_style.go:229.15,236.3 1 0
github.com/mmonterroca/docxgo/internal/manager/paragraph_style.go:238.2,241.12 4 121
github.com/mmonterroca/docxgo/internal/manager/paragraph_style.go:245.45,249.2 3 0
github.com/mmonterroca/docxgo/internal/manager/paragraph_style.go:252.59,253.15 1 0
github.com/mmonterroca/docxgo/internal/manager/paragraph_style.go:253.15,260.3 1 0
github.com/mmonterroca/docxgo/internal/manager/paragraph_style.go:262.2,265.12 4 0
github.com/mmonterroca/docxgo/internal/manager/paragraph_style.go:269.60,273.2 3 0
github.com/mmonterroca/docxgo/internal/manager/paragraph_style.go:276.75,281.2 4 121
github.com/mmonterroca/docxgo/internal/manager/paragraph_style.go:284.43,288.2 3 0
github.com/mmonterroca/docxgo/internal/manager/paragraph_style.go:291.56,296.2 4 99
github.com/mmonterroca/docxgo/internal/manager/paragraph_style.go:299.44,303.2 3 0
github.com/mmonterroca/docxgo/internal/manager/paragraph_style.go:306.57,311.2 4 99
github.com/mmonterroca/docxgo/internal/manager/paragraph_style.go:314.50,318.2 3 0
github.com/mmonterroca/docxgo/internal/manager/paragraph_style.go:321.70,326.2 4 0
github.com/mmonterroca/docxgo/internal/manager/paragraph_style.go:329.46,333.2 3 1
github.com/mmonterroca/docxgo/internal/manager/paragraph_style.go:336.60,337.28 1 101
github.com/mmonterroca/docxgo/internal/manager/paragraph_style.go:337.28,344.3 1 1
github.com/mmonterroca/docxgo/internal/manager/paragraph_style.go:346.2,349.12 4 100
github.com/mmonterroca/docxgo/internal/manager/relationship.go:55.70,60.2 1 0
github.com/mmonterroca/docxgo/internal/manager/relationship.go:63.88,64.19 1 0
github.com/mmonterroca/docxgo/internal/manager/relationship.go:64.19,66.3 1 0
github.com/mmonterroca/docxgo/internal/manager/relationship.go:67.2,67.18 1 0
github.com/mmonterroca/docxgo/internal/manager/relationship.go:67.18,69.3 1 0
github.com/mmonterroca/docxgo/internal/manager/relationship.go:71.2,78.22 4 0
github.com/mmonterroca/docxgo/internal/manager/relationship.go:78.22,80.3 1 0
github.com/mmonterroca/docxgo/internal/manager/relationship.go:82.2,90.16 3 0
github.com/mmonterroca/docxgo/internal/manager/relationship.go:94.70,99.13 4 0
github.com/mmonterroca/docxgo/internal/manager/relationship.go:99.13,101.3 1 0
github.com/mmonterroca/docxgo/internal/manager/relationship.go:103.2,103.17 1 0
github.com/mmonterroca/docxgo/internal/manager/relationship.go:108.82,112.39 3 0
github.com/mmonterroca/docxgo/internal/manager/relationship.go:112.39,113.27 1 0
github.com/mmonterroca/docxgo/internal/manager/relationship.go:113.27,115.4 1 0
github.com/mmonterroca/docxgo/internal/manager/relationship.go:118.2,118.80 1 0
github.com/mmonterroca/docxgo/internal/manager/relationship.go:122.54,127.39 4 0
github.com/mmonterroca/docxgo/internal/manager/relationship.go:127.39,129.3 1 0
github.com/mmonterroca/docxgo/internal/manager/relationship.go:131.2,131.13 1 0
github.com/mmonterroca/docxgo/internal/manager/relationship.go:135.44,140.2 3 0
github.com/mmonterroca/docxgo/internal/manager/relationship.go:143.56,147.48 3 0
github.com/mmonterroca/docxgo/internal/manager/relationship.go:147.48,149.3 1 0
github.com/mmonterroca/docxgo/internal/manager/relationship.go:151.2,152.12 2 0
github.com/mmonterroca/docxgo/internal/manager/relationship.go:156.72,158.2 1 0
github.com/mmonterroca/docxgo/internal/manager/relationship.go:161.76,163.2 1 0
github.com/mmonterroca/docxgo/internal/manager/relationship.go:166.73,168.2 1 0
github.com/mmonterroca/docxgo/internal/manager/relationship.go:171.73,173.2 1 0
github.com/mmonterroca/docxgo/internal/manager/relationship.go:176.59,185.39 4 0
github.com/mmonterroca/docxgo/internal/manager/relationship.go:185.39,193.3 2 0
github.com/mmonterroca/docxgo/internal/manager/relationship.go:195.2,195.13 1 0
github.com/mmonterroca/docxgo/internal/manager/style.go:46.44,57.2 3 11
github.com/mmonterroca/docxgo/internal/manager/style.go:60.51,79.44 2 11
github.com/mmonterroca/docxgo/internal/manager/style.go:79.44,81.3 1 352
github.com/mmonterroca/docxgo/internal/manager/style.go:84.2,92.44 2 11
github.com/mmonterroca/docxgo/internal/manager/style.go:92.44,94.3 1 99
github.com/mmonterroca/docxgo/internal/manager/style.go:97.2,102.82 4 11
github.com/mmonterroca/docxgo/internal/manager/style.go:110.56,136.29 6 11
github.com/mmonterroca/docxgo/internal/manager/style.go:136.29,150.3 10 99
github.com/mmonterroca/docxgo/internal/manager/style.go:153.2,175.26 16 11
github.com/mmonterroca/docxgo/internal/manager/style.go:175.26,178.12 3 99
github.com/mmonterroca/docxgo/internal/manager/style.go:179.10,180.42 1 11
github.com/mmonterroca/docxgo/internal/manager/style.go:181.10,182.42 1 11
github.com/mmonterroca/docxgo/internal/manager/style.go:183.10,184.42 1 11
github.com/mmonterroca/docxgo/internal/manager/style.go:185.10,186.42 1 11
github.com/mmonterroca/docxgo/internal/manager/style.go:187.10,188.42 1 11
github.com/mmonterroca/docxgo/internal/manager/style.go:189.10,190.42 1 11
github.com/mmonterroca/docxgo/internal/manager/style.go:191.10,192.42 1 11
github.com/mmonterroca/docxgo/internal/manager/style.go:193.10,194.42 1 11
github.com/mmonterroca/docxgo/internal/manager/style.go:195.10,196.42 1 11
github.com/mmonterroca/docxgo/internal/manager/style.go:198.3,201.27 4 99
github.com/mmonterroca/docxgo/internal/manager/style.go:205.2,222.48 14 11
github.com/mmonterroca/docxgo/internal/manager/style.go:230.56,261.2 21 11
github.com/mmonterroca/docxgo/internal/manager/style.go:264.72,269.13 4 103
github.com/mmonterroca/docxgo/internal/manager/style.go:269.13,276.3 1 1
github.com/mmonterroca/docxgo/internal/manager/style.go:278.2,278.19 1 102
github.com/mmonterroca/docxgo/internal/manager/style.go:282.60,283.18 1 104
github.com/mmonterroca/docxgo/internal/manager/style.go:283.18,290.3 1 0
github.com/mmonterroca/docxgo/internal/manager/style.go:292.2,293.19 2 104
github.com/mmonterroca/docxgo/internal/manager/style.go:293.19,300.3 1 0
github.com/mmonterroca/docxgo/internal/manager/style.go:302.2,306.33 3 104
github.com/mmonterroca/docxgo/internal/manager/style.go:306.33,313.3 1 1
github.com/mmonterroca/docxgo/internal/manager/style.go:316.2,316.45 1 103
github.com/mmonterroca/docxgo/internal/manager/style.go:316.45,323.3 1 1
github.com/mmonterroca/docxgo/internal/manager/style.go:325.2,326.12 2 102
github.com/mmonterroca/docxgo/internal/manager/style.go:330.59,335.33 3 3
github.com/mmonterroca/docxgo/internal/manager/style.go:335.33,342.3 1 1
github.com/mmonterroca/docxgo/internal/manager/style.go:344.2,344.46 1 2
github.com/mmonterroca/docxgo/internal/manager/style.go:344.46,351.3 1 1
github.com/mmonterroca/docxgo/internal/manager/style.go:353.2,354.12 2 1
github.com/mmonterroca/docxgo/internal/manager/style.go:358.53,363.34 4 101
github.com/mmonterroca/docxgo/internal/manager/style.go:363.34,365.3 1 3875
github.com/mmonterroca/docxgo/internal/manager/style.go:367.2,367.15 1 101
github.com/mmonterroca/docxgo/internal/manager/style.go:371.85,376.34 4 2
github.com/mmonterroca/docxgo/internal/manager/style.go:376.34,377.32 1 64
github.com/mmonterroca/docxgo/internal/manager/style.go:377.32,379.4 1 32
github.com/mmonterroca/docxgo/internal/manager/style.go:382.2,382.15 1 2
github.com/mmonterroca/docxgo/internal/manager/style.go:386.88,391.13 4 3
github.com/mmonterroca/docxgo/internal/manager/style.go:391.13,398.3 1 0
github.com/mmonterroca/docxgo/internal/manager/style.go:400.2,400.32 1 3
github.com/mmonterroca/docxgo/internal/manager/style.go:404.91,410.13 4 3
github.com/mmonterroca/docxgo/internal/manager/style.go:410.13,417.3 1 1
github.com/mmonterroca/docxgo/internal/manager/style.go:420.2,420.31 1 2
github.com/mmonterroca/docxgo/internal/manager/style.go:420.31,427.3 1 1
github.com/mmonterroca/docxgo/internal/manager/style.go:429.2,430.12 2 1
github.com/mmonterroca/docxgo/internal/manager/style.go:434.55,440.2 4 130
github.com/mmonterroca/docxgo/internal/manager/style.go:443.56,448.2 3 3
github.com/mmonterroca/docxgo/internal/core/document.go:66.36,77.2 2 15
github.com/mmonterroca/docxgo/internal/core/document.go:80.61,85.2 4 12
github.com/mmonterroca/docxgo/internal/core/document.go:88.67,89.68 1 10
github.com/mmonterroca/docxgo/internal/core/document.go:89.68,92.3 1 3
github.com/mmonterroca/docxgo/internal/core/document.go:93.2,93.68 1 7
github.com/mmonterroca/docxgo/internal/core/document.go:93.68,96.3 1 3
github.com/mmonterroca/docxgo/internal/core/document.go:98.2,101.19 4 4
github.com/mmonterroca/docxgo/internal/core/document.go:105.57,108.2 1 0
github.com/mmonterroca/docxgo/internal/core/document.go:111.61,112.26 1 0
github.com/mmonterroca/docxgo/internal/core/document.go:112.26,117.3 3 0
github.com/mmonterroca/docxgo/internal/core/document.go:118.2,118.27 1 0
github.com/mmonterroca/docxgo/internal/core/document.go:122.52,127.2 3 11
github.com/mmonterroca/docxgo/internal/core/document.go:130.44,134.2 3 6
github.com/mmonterroca/docxgo/internal/core/document.go:137.48,141.2 3 0
github.com/mmonterroca/docxgo/internal/core/document.go:144.56,161.83 8 3
github.com/mmonterroca/docxgo/internal/core/document.go:161.83,163.3 1 0
github.com/mmonterroca/docxgo/internal/core/document.go:168.2,168.15 1 3
github.com/mmonterroca/docxgo/internal/core/document.go:172.46,173.16 1 1
github.com/mmonterroca/docxgo/internal/core/document.go:173.16,175.3 1 0
github.com/mmonterroca/docxgo/internal/core/document.go:178.2,179.16 2 1
github.com/mmonterroca/docxgo/internal/core/document.go:179.16,181.3 1 0
github.com/mmonterroca/docxgo/internal/core/document.go:182.2,186.16 3 1
github.com/mmonterroca/docxgo/internal/core/document.go:186.16,188.3 1 0
github.com/mmonterroca/docxgo/internal/core/document.go:190.2,190.12 1 1
github.com/mmonterroca/docxgo/internal/core/document.go:194.37,196.50 1 0
github.com/mmonterroca/docxgo/internal/core/document.go:196.50,198.3 1 0
github.com/mmonterroca/docxgo/internal/core/document.go:201.2,201.36 1 0
github.com/mmonterroca/docxgo/internal/core/document.go:201.36,202.18 1 0
github.com/mmonterroca/docxgo/internal/core/document.go:202.18,205.4 1 0
github.com/mmonterroca/docxgo/internal/core/document.go:209.2,209.33 1 0
github.com/mmonterroca/docxgo/internal/core/document.go:209.33,210.19 1 0
github.com/mmonterroca/docxgo/internal/core/document.go:210.19,213.4 1 0
github.com/mmonterroca/docxgo/internal/core/document.go:216.2,216.12 1 0
github.com/mmonterroca/docxgo/internal/core/document.go:220.48,222.2 1 0
github.com/mmonterroca/docxgo/internal/core/document.go:225.61,226.17 1 0
github.com/mmonterroca/docxgo/internal/core/document.go:226.17,228.3 1 0
github.com/mmonterroca/docxgo/internal/core/document.go:229.2,230.12 2 0
github.com/mmonterroca/docxgo/internal/core/field.go:51.56,62.2 3 23
github.com/mmonterroca/docxgo/internal/core/field.go:65.40,68.2 2 1
github.com/mmonterroca/docxgo/internal/core/field.go:71.39,74.2 2 1
github.com/mmonterroca/docxgo/internal/core/field.go:77.59,81.35 2 3
github.com/mmonterroca/docxgo/internal/core/field.go:81.35,83.3 1 2
github.com/mmonterroca/docxgo/internal/core/field.go:86.2,88.14 2 3
github.com/mmonterroca/docxgo/internal/core/field.go:92.62,100.2 7 2
github.com/mmonterroca/docxgo/internal/core/field.go:103.54,108.2 4 2
github.com/mmonterroca/docxgo/internal/core/field.go:111.45,115.2 3 111
github.com/mmonterroca/docxgo/internal/core/field.go:118.35,122.2 3 112
github.com/mmonterroca/docxgo/internal/core/field.go:125.48,126.35 1 4
github.com/mmonterroca/docxgo/internal/core/field.go:126.35,133.3 1 2
github.com/mmonterroca/docxgo/internal/core/field.go:135.2,141.12 5 2
github.com/mmonterroca/docxgo/internal/core/field.go:145.37,149.2 3 107
github.com/mmonterroca/docxgo/internal/core/field.go:152.36,156.16 3 109
github.com/mmonterroca/docxgo/internal/core/field.go:156.16,158.3 1 99
github.com/mmonterroca/docxgo/internal/core/field.go:161.2,161.21 1 10
github.com/mmonterroca/docxgo/internal/core/field.go:162.34,163.17 1 5
github.com/mmonterroca/docxgo/internal/core/field.go:164.33,165.17 1 1
github.com/mmonterroca/docxgo/internal/core/field.go:166.32,167.17 1 0
github.com/mmonterroca/docxgo/internal/core/field.go:168.27,169.33 1 1
github.com/mmonterroca/docxgo/internal/core/field.go:170.32,171.16 1 0
github.com/mmonterroca/docxgo/internal/core/field.go:172.33,174.49 1 0
github.com/mmonterroca/docxgo/internal/core/field.go:174.49,176.4 1 0
github.com/mmonterroca/docxgo/internal/core/field.go:177.28,178.24 1 1
github.com/mmonterroca/docxgo/internal/core/field.go:179.28,180.24 1 0
github.com/mmonterroca/docxgo/internal/core/field.go:181.27,182.17 1 1
github.com/mmonterroca/docxgo/internal/core/field.go:183.27,184.16 1 0
github.com/mmonterroca/docxgo/internal/core/field.go:185.30,186.16 1 1
github.com/mmonterroca/docxgo/internal/core/field.go:187.10,188.16 1 0
github.com/mmonterroca/docxgo/internal/core/field.go:191.2,192.12 2 10
github.com/mmonterroca/docxgo/internal/core/field.go:196.45,197.21 1 23
github.com/mmonterroca/docxgo/internal/core/field.go:198.34,199.39 1 5
github.com/mmonterroca/docxgo/internal/core/field.go:200.33,201.37 1 3
github.com/mmonterroca/docxgo/internal/core/field.go:202.32,203.37 1 0
github.com/mmonterroca/docxgo/internal/core/field.go:204.27,205.59 1 5
github.com/mmonterroca/docxgo/internal/core/field.go:206.28,207.33 1 2
github.com/mmonterroca/docxgo/internal/core/field.go:208.28,209.33 1 0
github.com/mmonterroca/docxgo/internal/core/field.go:210.32,211.54 1 2
github.com/mmonterroca/docxgo/internal/core/field.go:212.27,213.44 1 1
github.com/mmonterroca/docxgo/internal/core/field.go:214.27,215.32 1 0
github.com/mmonterroca/docxgo/internal/core/field.go:216.33,217.21 1 2
github.com/mmonterroca/docxgo/internal/core/field.go:218.30,219.12 1 3
github.com/mmonterroca/docxgo/internal/core/field.go:220.10,221.12 1 0
github.com/mmonterroca/docxgo/internal/core/field.go:226.43,230.46 2 3
github.com/mmonterroca/docxgo/internal/core/field.go:230.46,232.3 1 1
github.com/mmonterroca/docxgo/internal/core/field.go:232.8,234.3 1 2
github.com/mmonterroca/docxgo/internal/core/field.go:237.2,240.50 2 3
github.com/mmonterroca/docxgo/internal/core/field.go:240.50,242.3 1 1
github.com/mmonterroca/docxgo/internal/core/field.go:245.2,245.48 1 3
github.com/mmonterroca/docxgo/internal/core/field.go:245.48,247.3 1 0
github.com/mmonterroca/docxgo/internal/core/field.go:250.2,255.13 3 3
github.com/mmonterroca/docxgo/internal/core/field.go:259.52,264.2 4 2
github.com/mmonterroca/docxgo/internal/core/field.go:267.60,272.2 4 5
github.com/mmonterroca/docxgo/internal/core/field.go:275.36,279.2 3 5
github.com/mmonterroca/docxgo/internal/core/field.go:282.33,286.2 3 1
github.com/mmonterroca/docxgo/internal/core/image.go:56.54,59.16 2 19
github.com/mmonterroca/docxgo/internal/core/image.go:59.16,61.3 1 0
github.com/mmonterroca/docxgo/internal/core/image.go:64.2,65.18 2 19
github.com/mmonterroca/docxgo/internal/core/image.go:65.18,67.3 1 1
github.com/mmonterroca/docxgo/internal/core/image.go:70.2,71.16 2 18
github.com/mmonterroca/docxgo/internal/core/image.go:71.16,73.3 1 0
github.com/mmonterroca/docxgo/internal/core/image.go:76.2,77.15 2 18
github.com/mmonterroca/docxgo/internal/core/image.go:77.15,79.3 1 0
github.com/mmonterroca/docxgo/internal/core/image.go:80.2,91.8 2 18
github.com/mmonterroca/docxgo/internal/core/image.go:95.85,97.16 2 2
github.com/mmonterroca/docxgo/internal/core/image.go:97.16,99.3 1 0
github.com/mmonterroca/docxgo/internal/core/image.go:101.2,101.42 1 2
github.com/mmonterroca/docxgo/internal/core/image.go:101.42,103.3 1 0
github.com/mmonterroca/docxgo/internal/core/image.go:105.2,105.17 1 2
github.com/mmonterroca/docxgo/internal/core/image.go:109.115,111.16 2 1
github.com/mmonterroca/docxgo/internal/core/image.go:111.16,113.3 1 0
github.com/mmonterroca/docxgo/internal/core/image.go:115.2,118.17 3 1
github.com/mmonterroca/docxgo/internal/core/image.go:122.35,124.2 1 6
github.com/mmonterroca/docxgo/internal/core/image.go:127.51,129.2 1 14
github.com/mmonterroca/docxgo/internal/core/image.go:132.47,134.2 1 6
github.com/mmonterroca/docxgo/internal/core/image.go:137.60,139.45 1 3
github.com/mmonterroca/docxgo/internal/core/image.go:139.45,141.3 1 0
github.com/mmonterroca/docxgo/internal/core/image.go:143.2,143.23 1 3
github.com/mmonterroca/docxgo/internal/core/image.go:143.23,148.3 3 0
github.com/mmonterroca/docxgo/internal/core/image.go:148.8,148.31 1 3
github.com/mmonterroca/docxgo/internal/core/image.go:148.31,153.3 3 0
github.com/mmonterroca/docxgo/internal/core/image.go:155.2,156.12 2 3
github.com/mmonterroca/docxgo/internal/core/image.go:160.37,165.2 3 3
github.com/mmonterroca/docxgo/internal/core/image.go:168.47,170.2 1 2
github.com/mmonterroca/docxgo/internal/core/image.go:173.52,175.2 1 0
github.com/mmonterroca/docxgo/internal/core/image.go:178.39,180.2 1 3
github.com/mmonterroca/docxgo/internal/core/image.go:183.44,185.2 1 1
github.com/mmonterroca/docxgo/internal/core/image.go:188.57,191.2 2 1
github.com/mmonterroca/docxgo/internal/core/image.go:194.55,196.2 1 1
github.com/mmonterroca/docxgo/internal/core/image.go:199.56,203.13 3 19
github.com/mmonterroca/docxgo/internal/core/image.go:204.13,205.31 1 10
github.com/mmonterroca/docxgo/internal/core/image.go:206.21,207.32 1 2
github.com/mmonterroca/docxgo/internal/core/image.go:208.13,209.31 1 1
github.com/mmonterroca/docxgo/internal/core/image.go:210.13,211.31 1 1
github.com/mmonterroca/docxgo/internal/core/image.go:212.21,213.32 1 2
github.com/mmonterroca/docxgo/internal/core/image.go:214.13,215.31 1 1
github.com/mmonterroca/docxgo/internal/core/image.go:216.14,217.32 1 1
github.com/mmonterroca/docxgo/internal/core/image.go:218.10,219.12 1 1
github.com/mmonterroca/docxgo/internal/core/image.go:224.64,227.16 2 19
github.com/mmonterroca/docxgo/internal/core/image.go:227.16,231.17 3 0
github.com/mmonterroca/docxgo/internal/core/image.go:231.17,233.4 1 0
github.com/mmonterroca/docxgo/internal/core/image.go:236.2,238.56 2 19
github.com/mmonterroca/docxgo/internal/core/image.go:242.104,245.16 2 1
github.com/mmonterroca/docxgo/internal/core/image.go:245.16,247.3 1 0
github.com/mmonterroca/docxgo/internal/core/image.go:250.2,251.16 2 1
github.com/mmonterroca/docxgo/internal/core/image.go:251.16,253.3 1 0
github.com/mmonterroca/docxgo/internal/core/image.go:256.2,267.8 2 1
github.com/mmonterroca/docxgo/internal/core/paragraph.go:64.107,78.2 1 19
github.com/mmonterroca/docxgo/internal/core/paragraph.go:81.50,86.2 4 14
github.com/mmonterroca/docxgo/internal/core/paragraph.go:89.72,92.2 1 0
github.com/mmonterroca/docxgo/internal/core/paragraph.go:95.79,96.15 1 0
github.com/mmonterroca/docxgo/internal/core/paragraph.go:96.15,98.3 1 0
github.com/mmonterroca/docxgo/internal/core/paragraph.go:101.2,102.16 2 0
github.com/mmonterroca/docxgo/internal/core/paragraph.go:102.16,104.3 1 0
github.com/mmonterroca/docxgo/internal/core/paragraph.go:107.2,108.16 2 0
github.com/mmonterroca/docxgo/internal/core/paragraph.go:108.16,110.3 1 0
github.com/mmonterroca/docxgo/internal/core/paragraph.go:112.2,113.16 2 0
github.com/mmonterroca/docxgo/internal/core/paragraph.go:113.16,115.3 1 0
github.com/mmonterroca/docxgo/internal/core/paragraph.go:117.2,118.16 2 0
github.com/mmonterroca/docxgo/internal/core/paragraph.go:118.16,120.3 1 0
github.com/mmonterroca/docxgo/internal/core/paragraph.go:123.2,126.17 3 0
github.com/mmonterroca/docxgo/internal/core/paragraph.go:130.65,133.16 3 0
github.com/mmonterroca/docxgo/internal/core/paragraph.go:133.16,135.3 1 0
github.com/mmonterroca/docxgo/internal/core/paragraph.go:138.2,139.16 2 0
github.com/mmonterroca/docxgo/internal/core/paragraph.go:139.16,141.3 1 0
github.com/mmonterroca/docxgo/internal/core/paragraph.go:144.2,144.41 1 0
github.com/mmonterroca/docxgo/internal/core/paragraph.go:144.41,146.3 1 0
github.com/mmonterroca/docxgo/internal/core/paragraph.go:148.2,149.17 2 0
github.com/mmonterroca/docxgo/internal/core/paragraph.go:153.96,156.16 3 0
github.com/mmonterroca/docxgo/internal/core/paragraph.go:156.16,158.3 1 0
github.com/mmonterroca/docxgo/internal/core/paragraph.go:161.2,162.16 2 0
github.com/mmonterroca/docxgo/internal/core/paragraph.go:162.16,164.3 1 0
github.com/mmonterroca/docxgo/internal/core/paragraph.go:167.2,167.41 1 0
github.com/mmonterroca/docxgo/internal/core/paragraph.go:167.41,169.3 1 0
github.com/mmonterroca/docxgo/internal/core/paragraph.go:171.2,172.17 2 0
github.com/mmonterroca/docxgo/internal/core/paragraph.go:176.126,179.16 3 0
github.com/mmonterroca/docxgo/internal/core/paragraph.go:179.16,181.3 1 0
github.com/mmonterroca/docxgo/internal/core/paragraph.go:184.2,185.16 2 0
github.com/mmonterroca/docxgo/internal/core/paragraph.go:185.16,187.3 1 0
github.com/mmonterroca/docxgo/internal/core/paragraph.go:190.2,190.41 1 0
github.com/mmonterroca/docxgo/internal/core/paragraph.go:190.41,192.3 1 0
github.com/mmonterroca/docxgo/internal/core/paragraph.go:194.2,195.17 2 0
github.com/mmonterroca/docxgo/internal/core/paragraph.go:199.45,203.2 3 0
github.com/mmonterroca/docxgo/internal/core/paragraph.go:206.41,211.2 3 23
github.com/mmonterroca/docxgo/internal/core/paragraph.go:214.45,218.2 3 0
github.com/mmonterroca/docxgo/internal/core/paragraph.go:221.35,223.29 2 0
github.com/mmonterroca/docxgo/internal/core/paragraph.go:223.29,225.3 1 0
github.com/mmonterroca/docxgo/internal/core/paragraph.go:226.2,226.20 1 0
github.com/mmonterroca/docxgo/internal/core/paragraph.go:230.42,233.2 1 0
github.com/mmonterroca/docxgo/internal/core/paragraph.go:236.54,237.21 1 0
github.com/mmonterroca/docxgo/internal/core/paragraph.go:237.21,239.3 1 0
github.com/mmonterroca/docxgo/internal/core/paragraph.go:240.2,241.12 2 0
github.com/mmonterroca/docxgo/internal/core/paragraph.go:245.50,247.2 1 16
github.com/mmonterroca/docxgo/internal/core/paragraph.go:250.64,251.72 1 5
github.com/mmonterroca/docxgo/internal/core/paragraph.go:251.72,253.3 1 0
github.com/mmonterroca/docxgo/internal/core/paragraph.go:254.2,255.12 2 5
github.com/mmonterroca/docxgo/internal/core/paragraph.go:259.49,261.2 1 12
github.com/mmonterroca/docxgo/internal/core/paragraph.go:264.64,266.76 1 2
github.com/mmonterroca/docxgo/internal/core/paragraph.go:266.76,269.3 1 0
github.com/mmonterroca/docxgo/internal/core/paragraph.go:270.2,270.78 1 2
github.com/mmonterroca/docxgo/internal/core/paragraph.go:270.78,273.3 1 0
github.com/mmonterroca/docxgo/internal/core/paragraph.go:274.2,274.68 1 2
github.com/mmonterroca/docxgo/internal/core/paragraph.go:274.68,277.3 1 0
github.com/mmonterroca/docxgo/internal/core/paragraph.go:278.2,278.64 1 2
github.com/mmonterroca/docxgo/internal/core/paragraph.go:278.64,281.3 1 0
github.com/mmonterroca/docxgo/internal/core/paragraph.go:282.2,282.48 1 2
github.com/mmonterroca/docxgo/internal/core/paragraph.go:282.48,285.3 1 1
github.com/mmonterroca/docxgo/internal/core/paragraph.go:287.2,288.12 2 1
github.com/mmonterroca/docxgo/internal/core/paragraph.go:292.41,294.2 1 11
github.com/mmonterroca/docxgo/internal/core/paragraph.go:297.55,298.66 1 0
github.com/mmonterroca/docxgo/internal/core/paragraph.go:298.66,301.3 1 0
github.com/mmonterroca/docxgo/internal/core/paragraph.go:302.2,303.12 2 0
github.com/mmonterroca/docxgo/internal/core/paragraph.go:307.40,309.2 1 11
github.com/mmonterroca/docxgo/internal/core/paragraph.go:312.54,313.66 1 0
github.com/mmonterroca/docxgo/internal/core/paragraph.go:313.66,316.3 1 0
github.com/mmonterroca/docxgo/internal/core/paragraph.go:317.2,318.12 2 0
github.com/mmonterroca/docxgo/internal/core/paragraph.go:322.54,324.2 1 11
github.com/mmonterroca/docxgo/internal/core/paragraph.go:327.70,328.87 1 0
github.com/mmonterroca/docxgo/internal/core/paragraph.go:328.87,331.3 1 0
github.com/mmonterroca/docxgo/internal/core/paragraph.go:332.2,332.90 1 0
github.com/mmonterroca/docxgo/internal/core/paragraph.go:332.90,335.3 1 0
github.com/mmonterroca/docxgo/internal/core/paragraph.go:336.2,337.12 2 0
github.com/mmonterroca/docxgo/internal/core/run.go:53.35,62.2 1 14
github.com/mmonterroca/docxgo/internal/core/run.go:65.29,67.2 1 12
github.com/mmonterroca/docxgo/internal/core/run.go:70.42,73.2 2 12
github.com/mmonterroca/docxgo/internal/core/run.go:76.34,78.2 1 11
github.com/mmonterroca/docxgo/internal/core/run.go:81.47,82.21 1 0
github.com/mmonterroca/docxgo/internal/core/run.go:82.21,84.3 1 0
github.com/mmonterroca/docxgo/internal/core/run.go:85.2,86.12 2 0
github.com/mmonterroca/docxgo/internal/core/run.go:90.36,92.2 1 12
github.com/mmonterroca/docxgo/internal/core/run.go:95.50,99.2 2 1
github.com/mmonterroca/docxgo/internal/core/run.go:102.26,104.2 1 14
github.com/mmonterroca/docxgo/internal/core/run.go:107.45,108.78 1 7
github.com/mmonterroca/docxgo/internal/core/run.go:108.78,111.3 1 2
github.com/mmonterroca/docxgo/internal/core/run.go:112.2,113.12 2 5
github.com/mmonterroca/docxgo/internal/core/run.go:117.27,119.2 1 12
github.com/mmonterroca/docxgo/internal/core/run.go:122.40,125.2 2 3
github.com/mmonterroca/docxgo/internal/core/run.go:128.29,130.2 1 12
github.com/mmonterroca/docxgo/internal/core/run.go:133.44,136.2 2 1
github.com/mmonterroca/docxgo/internal/core/run.go:139.49,141.2 1 11
github.com/mmonterroca/docxgo/internal/core/run.go:144.63,146.66 1 0
github.com/mmonterroca/docxgo/internal/core/run.go:146.66,149.3 1 0
github.com/mmonterroca/docxgo/internal/core/run.go:150.2,151.12 2 0
github.com/mmonterroca/docxgo/internal/core/run.go:155.29,157.2 1 11
github.com/mmonterroca/docxgo/internal/core/run.go:160.44,163.2 2 0
github.com/mmonterroca/docxgo/internal/core/run.go:166.49,168.2 1 11
github.com/mmonterroca/docxgo/internal/core/run.go:171.63,173.71 1 0
github.com/mmonterroca/docxgo/internal/core/run.go:173.71,176.3 1 0
github.com/mmonterroca/docxgo/internal/core/run.go:177.2,178.12 2 0
github.com/mmonterroca/docxgo/internal/core/run.go:182.42,185.2 2 0
github.com/mmonterroca/docxgo/internal/core/run.go:188.50,189.18 1 0
github.com/mmonterroca/docxgo/internal/core/run.go:189.18,191.3 1 0
github.com/mmonterroca/docxgo/internal/core/run.go:193.2,193.21 1 0
github.com/mmonterroca/docxgo/internal/core/run.go:193.21,195.3 1 0
github.com/mmonterroca/docxgo/internal/core/run.go:197.2,198.12 2 0
github.com/mmonterroca/docxgo/internal/core/run.go:202.39,203.21 1 0
github.com/mmonterroca/docxgo/internal/core/run.go:203.21,205.3 1 0
github.com/mmonterroca/docxgo/internal/core/run.go:207.2,209.15 3 0
github.com/mmonterroca/docxgo/internal/core/section.go:53.102,64.2 1 0
github.com/mmonterroca/docxgo/internal/core/section.go:67.50,71.2 3 0
github.com/mmonterroca/docxgo/internal/core/section.go:74.63,75.41 1 0
github.com/mmonterroca/docxgo/internal/core/section.go:75.41,82.3 1 0
github.com/mmonterroca/docxgo/internal/core/section.go:84.2,87.12 4 0
github.com/mmonterroca/docxgo/internal/core/section.go:91.48,95.2 3 0
github.com/mmonterroca/docxgo/internal/core/section.go:98.64,99.84 1 0
github.com/mmonterroca/docxgo/internal/core/section.go:99.84,106.3 1 0
github.com/mmonterroca/docxgo/internal/core/section.go:108.2,111.12 4 0
github.com/mmonterroca/docxgo/internal/core/section.go:115.56,119.2 3 0
github.com/mmonterroca/docxgo/internal/core/section.go:122.71,123.83 1 0
github.com/mmonterroca/docxgo/internal/core/section.go:123.83,130.3 1 0
github.com/mmonterroca/docxgo/internal/core/section.go:132.2,135.12 4 0
github.com/mmonterroca/docxgo/internal/core/section.go:139.37,143.2 3 0
github.com/mmonterroca/docxgo/internal/core/section.go:146.51,147.47 1 0
github.com/mmonterroca/docxgo/internal/core/section.go:147.47,154.3 1 0
github.com/mmonterroca/docxgo/internal/core/section.go:156.2,159.12 4 0
github.com/mmonterroca/docxgo/internal/core/section.go:163.83,168.53 3 0
github.com/mmonterroca/docxgo/internal/core/section.go:168.53,170.3 1 0
github.com/mmonterroca/docxgo/internal/core/section.go:173.2,181.20 3 0
github.com/mmonterroca/docxgo/internal/core/section.go:185.83,190.53 3 0
github.com/mmonterroca/docxgo/internal/core/section.go:190.53,192.3 1 0
github.com/mmonterroca/docxgo/internal/core/section.go:195.2,203.20 3 0
github.com/mmonterroca/docxgo/internal/core/section.go:216.63,224.2 6 0
github.com/mmonterroca/docxgo/internal/core/section.go:227.54,235.2 5 0
github.com/mmonterroca/docxgo/internal/core/section.go:247.63,255.2 6 0
github.com/mmonterroca/docxgo/internal/core/section.go:258.54,266.2 5 0
github.com/mmonterroca/docxgo/internal/core/table.go:50.124,63.28 2 19
github.com/mmonterroca/docxgo/internal/core/table.go:63.28,67.3 3 46
github.com/mmonterroca/docxgo/internal/core/table.go:69.2,69.10 1 19
github.com/mmonterroca/docxgo/internal/core/table.go:73.57,74.39 1 16
github.com/mmonterroca/docxgo/internal/core/table.go:74.39,77.3 1 0
github.com/mmonterroca/docxgo/internal/core/table.go:78.2,78.27 1 16
github.com/mmonterroca/docxgo/internal/core/table.go:82.42,86.2 3 3
github.com/mmonterroca/docxgo/internal/core/table.go:89.51,94.2 4 1
github.com/mmonterroca/docxgo/internal/core/table.go:97.63,98.38 1 1
github.com/mmonterroca/docxgo/internal/core/table.go:98.38,101.3 1 0
github.com/mmonterroca/docxgo/internal/core/table.go:103.2,109.17 4 1
github.com/mmonterroca/docxgo/internal/core/table.go:113.44,114.39 1 1
github.com/mmonterroca/docxgo/internal/core/table.go:114.39,117.3 1 0
github.com/mmonterroca/docxgo/internal/core/table.go:119.2,120.12 2 1
github.com/mmonterroca/docxgo/internal/core/table.go:124.32,126.2 1 9
github.com/mmonterroca/docxgo/internal/core/table.go:129.35,131.2 1 6
github.com/mmonterroca/docxgo/internal/core/table.go:134.43,136.2 1 1
github.com/mmonterroca/docxgo/internal/core/table.go:139.57,140.67 1 0
github.com/mmonterroca/docxgo/internal/core/table.go:140.67,143.3 1 0
github.com/mmonterroca/docxgo/internal/core/table.go:144.2,145.12 2 0
github.com/mmonterroca/docxgo/internal/core/table.go:149.46,151.2 1 1
github.com/mmonterroca/docxgo/internal/core/table.go:154.60,155.72 1 0
github.com/mmonterroca/docxgo/internal/core/table.go:155.72,158.3 1 0
github.com/mmonterroca/docxgo/internal/core/table.go:159.2,160.12 2 0
github.com/mmonterroca/docxgo/internal/core/table.go:164.43,166.2 1 4
github.com/mmonterroca/docxgo/internal/core/table.go:169.57,172.2 2 2
github.com/mmonterroca/docxgo/internal/core/table.go:184.124,194.28 2 48
github.com/mmonterroca/docxgo/internal/core/table.go:194.28,198.3 3 149
github.com/mmonterroca/docxgo/internal/core/table.go:200.2,200.12 1 48
github.com/mmonterroca/docxgo/internal/core/table.go:204.60,205.36 1 17
github.com/mmonterroca/docxgo/internal/core/table.go:205.36,208.3 1 0
github.com/mmonterroca/docxgo/internal/core/table.go:209.2,209.26 1 17
github.com/mmonterroca/docxgo/internal/core/table.go:213.47,217.2 3 5
github.com/mmonterroca/docxgo/internal/core/table.go:220.33,222.2 1 2
github.com/mmonterroca/docxgo/internal/core/table.go:225.47,226.15 1 0
github.com/mmonterroca/docxgo/internal/core/table.go:226.15,229.3 1 0
github.com/mmonterroca/docxgo/internal/core/table.go:230.2,231.12 2 0
github.com/mmonterroca/docxgo/internal/core/table.go:250.116,264.2 1 149
github.com/mmonterroca/docxgo/internal/core/table.go:267.62,272.2 4 7
github.com/mmonterroca/docxgo/internal/core/table.go:275.53,279.2 3 13
github.com/mmonterroca/docxgo/internal/core/table.go:282.33,284.2 1 6
github.com/mmonterroca/docxgo/internal/core/table.go:287.47,288.15 1 0
github.com/mmonterroca/docxgo/internal/core/table.go:288.15,291.3 1 0
github.com/mmonterroca/docxgo/internal/core/table.go:292.2,293.12 2 0
github.com/mmonterroca/docxgo/internal/core/table.go:297.66,299.2 1 6
github.com/mmonterroca/docxgo/internal/core/table.go:302.80,303.75 1 0
github.com/mmonterroca/docxgo/internal/core/table.go:303.75,306.3 1 0
github.com/mmonterroca/docxgo/internal/core/table.go:307.2,308.12 2 0
github.com/mmonterroca/docxgo/internal/core/table.go:312.51,314.2 1 0
github.com/mmonterroca/docxgo/internal/core/table.go:317.67,320.2 2 0
github.com/mmonterroca/docxgo/internal/core/table.go:323.44,325.2 1 6
github.com/mmonterroca/docxgo/internal/core/table.go:328.58,331.2 2 0
github.com/mmonterroca/docxgo/internal/core/table.go:334.49,335.14 1 9
github.com/mmonterroca/docxgo/internal/core/table.go:335.14,338.3 1 2
github.com/mmonterroca/docxgo/internal/core/table.go:339.2,339.14 1 7
github.com/mmonterroca/docxgo/internal/core/table.go:339.14,342.3 1 2
github.com/mmonterroca/docxgo/internal/core/table.go:345.2,348.14 2 5
github.com/mmonterroca/docxgo/internal/core/table.go:348.14,350.3 1 3
github.com/mmonterroca/docxgo/internal/core/table.go:352.2,352.12 1 5
github.com/mmonterroca/docxgo/internal/core/table.go:356.36,358.2 1 10
github.com/mmonterroca/docxgo/internal/core/table.go:361.49,362.14 1 2
github.com/mmonterroca/docxgo/internal/core/table.go:362.14,365.3 1 1
github.com/mmonterroca/docxgo/internal/core/table.go:366.2,367.12 2 1
github.com/mmonterroca/docxgo/internal/core/table.go:371.55,373.2 1 11
github.com/mmonterroca/docxgo/internal/core/table.go:376.73,377.72 1 2
github.com/mmonterroca/docxgo/internal/core/table.go:377.72,380.3 1 0
github.com/mmonterroca/docxgo/internal/core/table.go:381.2,382.12 2 2
github.com/mmonterroca/docxgo/internal/core/table.go:386.68,387.14 1 9
github.com/mmonterroca/docxgo/internal/core/table.go:387.14,390.3 1 2
github.com/mmonterroca/docxgo/internal/core/table.go:391.2,391.14 1 7
github.com/mmonterroca/docxgo/internal/core/table.go:391.14,394.3 1 2
github.com/mmonterroca/docxgo/internal/core/table.go:396.2,398.19 3 5
github.com/mmonterroca/docxgo/internal/core/table.go:402.45,407.2 3 14
github.com/mmonterroca/docxgo/internal/writer/zip.go:40.43,45.2 1 3
github.com/mmonterroca/docxgo/internal/writer/zip.go:48.174,50.47 1 3
github.com/mmonterroca/docxgo/internal/writer/zip.go:50.47,52.3 1 0
github.com/mmonterroca/docxgo/internal/writer/zip.go:55.2,55.43 1 3
github.com/mmonterroca/docxgo/internal/writer/zip.go:55.43,57.3 1 0
github.com/mmonterroca/docxgo/internal/writer/zip.go:60.2,60.50 1 3
github.com/mmonterroca/docxgo/internal/writer/zip.go:60.50,62.3 1 0
github.com/mmonterroca/docxgo/internal/writer/zip.go:65.2,65.51 1 3
github.com/mmonterroca/docxgo/internal/writer/zip.go:65.51,67.3 1 0
github.com/mmonterroca/docxgo/internal/writer/zip.go:70.2,70.58 1 3
github.com/mmonterroca/docxgo/internal/writer/zip.go:70.58,72.3 1 0
github.com/mmonterroca/docxgo/internal/writer/zip.go:75.2,75.56 1 3
github.com/mmonterroca/docxgo/internal/writer/zip.go:75.56,77.3 1 0
github.com/mmonterroca/docxgo/internal/writer/zip.go:80.2,80.48 1 3
github.com/mmonterroca/docxgo/internal/writer/zip.go:80.48,82.3 1 0
github.com/mmonterroca/docxgo/internal/writer/zip.go:85.2,85.51 1 3
github.com/mmonterroca/docxgo/internal/writer/zip.go:85.51,87.3 1 0
github.com/mmonterroca/docxgo/internal/writer/zip.go:90.2,90.47 1 3
github.com/mmonterroca/docxgo/internal/writer/zip.go:90.47,92.3 1 0
github.com/mmonterroca/docxgo/internal/writer/zip.go:94.2,94.12 1 3
github.com/mmonterroca/docxgo/internal/writer/zip.go:98.36,100.2 1 3
github.com/mmonterroca/docxgo/internal/writer/zip.go:103.48,121.2 2 3
github.com/mmonterroca/docxgo/internal/writer/zip.go:124.44,147.2 2 3
github.com/mmonterroca/docxgo/internal/writer/zip.go:150.72,152.2 1 3
github.com/mmonterroca/docxgo/internal/writer/zip.go:155.78,156.17 1 3
github.com/mmonterroca/docxgo/internal/writer/zip.go:156.17,161.3 1 0
github.com/mmonterroca/docxgo/internal/writer/zip.go:162.2,162.58 1 3
github.com/mmonterroca/docxgo/internal/writer/zip.go:166.82,167.18 1 3
github.com/mmonterroca/docxgo/internal/writer/zip.go:167.18,184.3 2 3
github.com/mmonterroca/docxgo/internal/writer/zip.go:185.2,185.48 1 3
github.com/mmonterroca/docxgo/internal/writer/zip.go:189.80,190.18 1 3
github.com/mmonterroca/docxgo/internal/writer/zip.go:190.18,196.3 1 3
github.com/mmonterroca/docxgo/internal/writer/zip.go:197.2,197.47 1 3
github.com/mmonterroca/docxgo/internal/writer/zip.go:201.49,215.2 2 3
github.com/mmonterroca/docxgo/internal/writer/zip.go:218.52,229.2 2 3
github.com/mmonterroca/docxgo/internal/writer/zip.go:232.48,255.2 2 3
github.com/mmonterroca/docxgo/internal/writer/zip.go:258.65,260.16 2 18
github.com/mmonterroca/docxgo/internal/writer/zip.go:260.16,262.3 1 0
github.com/mmonterroca/docxgo/internal/writer/zip.go:265.2,265.55 1 18
github.com/mmonterroca/docxgo/internal/writer/zip.go:265.55,267.3 1 0
github.com/mmonterroca/docxgo/internal/writer/zip.go:270.2,272.42 3 18
github.com/mmonterroca/docxgo/internal/writer/zip.go:272.42,274.3 1 0
github.com/mmonterroca/docxgo/internal/writer/zip.go:276.2,276.12 1 18
github.com/mmonterroca/docxgo/internal/writer/zip.go:280.63,282.16 2 9
github.com/mmonterroca/docxgo/internal/writer/zip.go:282.16,284.3 1 0
github.com/mmonterroca/docxgo/internal/writer/zip.go:285.2,286.12 2 9
github.com/mmonterroca/docxgo/internal/xml/drawing_helper.go:30.65,57.2 2 0
github.com/mmonterroca/docxgo/internal/xml/drawing_helper.go:60.67,101.22 5 0
github.com/mmonterroca/docxgo/internal/xml/drawing_helper.go:101.22,104.3 2 0
github.com/mmonterroca/docxgo/internal/xml/drawing_helper.go:104.8,107.3 2 0
github.com/mmonterroca/docxgo/internal/xml/drawing_helper.go:110.2,113.22 2 0
github.com/mmonterroca/docxgo/internal/xml/drawing_helper.go:113.22,116.3 2 0
github.com/mmonterroca/docxgo/internal/xml/drawing_helper.go:116.8,119.3 2 0
github.com/mmonterroca/docxgo/internal/xml/drawing_helper.go:122.2,122.37 1 0
github.com/mmonterroca/docxgo/internal/xml/drawing_helper.go:122.37,126.3 1 0
github.com/mmonterroca/docxgo/internal/xml/drawing_helper.go:128.2,130.3 1 0
github.com/mmonterroca/docxgo/internal/xml/drawing_helper.go:134.67,178.2 1 0
github.com/mmonterroca/docxgo/internal/xml/drawing_helper.go:181.57,182.15 1 0
github.com/mmonterroca/docxgo/internal/xml/drawing_helper.go:183.25,184.18 1 0
github.com/mmonterroca/docxgo/internal/xml/drawing_helper.go:185.27,186.18 1 0
github.com/mmonterroca/docxgo/internal/xml/drawing_helper.go:187.26,188.18 1 0
github.com/mmonterroca/docxgo/internal/xml/drawing_helper.go:189.27,190.18 1 0
github.com/mmonterroca/docxgo/internal/xml/drawing_helper.go:191.28,192.18 1 0
github.com/mmonterroca/docxgo/internal/xml/drawing_helper.go:193.10,194.18 1 0
github.com/mmonterroca/docxgo/internal/xml/drawing_helper.go:199.55,200.15 1 0
github.com/mmonterroca/docxgo/internal/xml/drawing_helper.go:201.24,202.21 1 0
github.com/mmonterroca/docxgo/internal/xml/drawing_helper.go:203.27,204.21 1 0
github.com/mmonterroca/docxgo/internal/xml/drawing_helper.go:205.27,206.21 1 0
github.com/mmonterroca/docxgo/internal/xml/drawing_helper.go:207.27,208.18 1 0
github.com/mmonterroca/docxgo/internal/xml/drawing_helper.go:209.28,210.18 1 0
github.com/mmonterroca/docxgo/internal/xml/drawing_helper.go:211.10,212.21 1 0
github.com/mmonterroca/docxgo/internal/xml/field.go:56.33,60.2 1 3
github.com/mmonterroca/docxgo/internal/xml/field.go:63.36,67.2 1 2
github.com/mmonterroca/docxgo/internal/xml/field.go:70.31,74.2 1 2
github.com/mmonterroca/docxgo/internal/xml/field.go:77.50,82.2 1 3
github.com/mmonterroca/docxgo/internal/xml/headerfooter.go:49.26,55.2 1 1
github.com/mmonterroca/docxgo/internal/xml/headerfooter.go:58.26,64.2 1 1
github.com/mmonterroca/docxgo/internal/xml/headerfooter.go:67.45,69.2 1 1
github.com/mmonterroca/docxgo/internal/xml/headerfooter.go:72.45,74.2 1 1
github.com/mmonterroca/docxgo/internal/xml/section.go:92.48,97.2 1 2
github.com/mmonterroca/docxgo/internal/xml/section.go:100.77,102.15 2 1
github.com/mmonterroca/docxgo/internal/xml/section.go:102.15,104.3 1 0
github.com/mmonterroca/docxgo/internal/xml/section.go:105.2,109.3 1 1
github.com/mmonterroca/docxgo/internal/xml/section.go:113.91,122.2 1 1
github.com/mmonterroca/docxgo/internal/xml/section.go:125.50,129.2 1 1
github.com/mmonterroca/docxgo/internal/xml/section.go:132.67,137.2 1 1
github.com/mmonterroca/docxgo/internal/xml/section.go:140.67,145.2 1 1
github.com/mmonterroca/docxgo/internal/xml/style.go:142.26,147.2 1 2
github.com/mmonterroca/docxgo/internal/xml/style.go:150.41,152.2 1 3
github.com/mmonterroca/docxgo/internal/xml/style.go:155.69,161.15 2 2
github.com/mmonterroca/docxgo/internal/xml/style.go:161.15,164.3 2 1
github.com/mmonterroca/docxgo/internal/xml/style.go:165.2,165.14 1 2
github.com/mmonterroca/docxgo/internal/xml/style.go:169.69,175.15 2 1
github.com/mmonterroca/docxgo/internal/xml/style.go:175.15,178.3 2 0
github.com/mmonterroca/docxgo/internal/xml/style.go:179.2,179.14 1 1
