mode: set
github.com/fumiama/go-docx/apidrawing.go:33.64,35.16 2 1
github.com/fumiama/go-docx/apidrawing.go:35.16,37.3 1 0
github.com/fumiama/go-docx/apidrawing.go:38.2,43.33 6 1
github.com/fumiama/go-docx/apidrawing.go:43.33,46.3 2 1
github.com/fumiama/go-docx/apidrawing.go:46.8,49.3 2 1
github.com/fumiama/go-docx/apidrawing.go:50.2,111.17 6 1
github.com/fumiama/go-docx/apidrawing.go:115.69,117.16 2 1
github.com/fumiama/go-docx/apidrawing.go:117.16,119.3 1 0
github.com/fumiama/go-docx/apidrawing.go:120.2,120.33 1 1
github.com/fumiama/go-docx/apidrawing.go:124.37,125.21 1 1
github.com/fumiama/go-docx/apidrawing.go:125.21,128.3 2 1
github.com/fumiama/go-docx/apidrawing.go:129.2,129.131 1 1
github.com/fumiama/go-docx/apidrawing.go:129.131,132.3 2 1
github.com/fumiama/go-docx/apidrawing.go:136.64,138.16 2 1
github.com/fumiama/go-docx/apidrawing.go:138.16,140.3 1 0
github.com/fumiama/go-docx/apidrawing.go:141.2,146.33 6 1
github.com/fumiama/go-docx/apidrawing.go:146.33,149.3 2 0
github.com/fumiama/go-docx/apidrawing.go:149.8,152.3 2 1
github.com/fumiama/go-docx/apidrawing.go:153.2,223.17 6 1
github.com/fumiama/go-docx/apidrawing.go:227.69,229.16 2 1
github.com/fumiama/go-docx/apidrawing.go:229.16,231.3 1 0
github.com/fumiama/go-docx/apidrawing.go:232.2,232.33 1 1
github.com/fumiama/go-docx/apidrawing.go:236.37,237.21 1 1
github.com/fumiama/go-docx/apidrawing.go:237.21,240.3 2 1
github.com/fumiama/go-docx/apidrawing.go:241.2,241.131 1 1
github.com/fumiama/go-docx/apidrawing.go:241.131,244.3 2 1
github.com/fumiama/go-docx/apilink.go:29.66,46.2 4 1
github.com/fumiama/go-docx/apipara.go:24.42,31.2 3 1
github.com/fumiama/go-docx/apipara.go:34.48,41.2 2 1
github.com/fumiama/go-docx/apipara.go:51.58,52.25 1 1
github.com/fumiama/go-docx/apipara.go:52.25,54.3 1 1
github.com/fumiama/go-docx/apipara.go:55.2,56.10 2 1
github.com/fumiama/go-docx/apipara.go:60.42,71.2 5 1
github.com/fumiama/go-docx/apipara.go:74.50,75.25 1 1
github.com/fumiama/go-docx/apipara.go:75.25,77.3 1 1
github.com/fumiama/go-docx/apipara.go:78.2,79.10 2 1
github.com/fumiama/go-docx/apipara.go:83.58,84.25 1 1
github.com/fumiama/go-docx/apipara.go:84.25,86.3 1 1
github.com/fumiama/go-docx/apipara.go:88.2,88.39 1 1
github.com/fumiama/go-docx/apipara.go:88.39,90.3 1 1
github.com/fumiama/go-docx/apipara.go:91.2,99.10 2 1
github.com/fumiama/go-docx/apipara.go:103.77,104.25 1 1
github.com/fumiama/go-docx/apipara.go:104.25,106.3 1 1
github.com/fumiama/go-docx/apipara.go:107.2,107.39 1 1
github.com/fumiama/go-docx/apipara.go:107.39,109.3 1 1
github.com/fumiama/go-docx/apipara.go:110.2,116.10 2 1
github.com/fumiama/go-docx/apipara.go:120.53,121.25 1 1
github.com/fumiama/go-docx/apipara.go:121.25,123.3 1 1
github.com/fumiama/go-docx/apipara.go:124.2,124.39 1 1
github.com/fumiama/go-docx/apipara.go:124.39,126.3 1 1
github.com/fumiama/go-docx/apipara.go:127.2,128.10 2 1
github.com/fumiama/go-docx/apirel.go:24.73,25.47 1 1
github.com/fumiama/go-docx/apirel.go:25.47,27.17 2 1
github.com/fumiama/go-docx/apirel.go:27.17,29.4 1 0
github.com/fumiama/go-docx/apirel.go:31.2,31.12 1 1
github.com/fumiama/go-docx/apirun.go:24.40,29.2 2 1
github.com/fumiama/go-docx/apirun.go:32.38,37.2 2 1
github.com/fumiama/go-docx/apirun.go:40.40,45.2 2 1
github.com/fumiama/go-docx/apirun.go:48.51,55.2 2 1
github.com/fumiama/go-docx/apirun.go:58.38,63.2 2 1
github.com/fumiama/go-docx/apirun.go:66.27,69.2 2 1
github.com/fumiama/go-docx/apirun.go:72.29,75.2 2 1
github.com/fumiama/go-docx/apirun.go:91.42,94.2 2 1
github.com/fumiama/go-docx/apirun.go:97.42,100.2 2 1
github.com/fumiama/go-docx/apirun.go:103.37,105.9 2 1
github.com/fumiama/go-docx/apirun.go:105.9,107.3 1 1
github.com/fumiama/go-docx/apirun.go:108.2,109.10 2 1
github.com/fumiama/go-docx/apirun.go:113.29,116.2 2 1
github.com/fumiama/go-docx/apirun.go:119.62,127.2 2 1
github.com/fumiama/go-docx/apishape.go:29.91,83.2 8 1
github.com/fumiama/go-docx/apishape.go:86.91,152.2 8 1
github.com/fumiama/go-docx/apitable.go:35.10,37.27 2 1
github.com/fumiama/go-docx/apitable.go:37.27,39.24 2 1
github.com/fumiama/go-docx/apitable.go:39.24,46.4 1 1
github.com/fumiama/go-docx/apitable.go:47.3,50.4 1 1
github.com/fumiama/go-docx/apitable.go:53.2,53.25 1 1
github.com/fumiama/go-docx/apitable.go:53.25,55.3 1 1
github.com/fumiama/go-docx/apitable.go:56.2,60.20 3 1
github.com/fumiama/go-docx/apitable.go:60.20,62.3 1 1
github.com/fumiama/go-docx/apitable.go:64.2,83.12 3 1
github.com/fumiama/go-docx/apitable.go:94.10,97.30 3 1
github.com/fumiama/go-docx/apitable.go:97.30,98.12 1 1
github.com/fumiama/go-docx/apitable.go:98.12,102.4 1 1
github.com/fumiama/go-docx/apitable.go:104.2,104.31 1 1
github.com/fumiama/go-docx/apitable.go:104.31,106.31 2 1
github.com/fumiama/go-docx/apitable.go:106.31,113.4 1 1
github.com/fumiama/go-docx/apitable.go:114.3,118.12 2 1
github.com/fumiama/go-docx/apitable.go:118.12,122.4 1 1
github.com/fumiama/go-docx/apitable.go:125.2,125.25 1 1
github.com/fumiama/go-docx/apitable.go:125.25,127.3 1 1
github.com/fumiama/go-docx/apitable.go:128.2,132.20 3 1
github.com/fumiama/go-docx/apitable.go:132.20,134.3 1 1
github.com/fumiama/go-docx/apitable.go:136.2,157.12 3 1
github.com/fumiama/go-docx/apitable.go:168.50,169.44 1 1
github.com/fumiama/go-docx/apitable.go:169.44,172.3 2 1
github.com/fumiama/go-docx/apitable.go:173.2,174.10 2 0
github.com/fumiama/go-docx/apitable.go:185.58,186.47 1 1
github.com/fumiama/go-docx/apitable.go:186.47,189.3 2 1
github.com/fumiama/go-docx/apitable.go:190.2,191.10 2 0
github.com/fumiama/go-docx/apitable.go:195.65,202.2 2 1
github.com/fumiama/go-docx/apitable.go:214.49,217.39 2 1
github.com/fumiama/go-docx/apitable.go:217.39,218.29 1 1
github.com/fumiama/go-docx/apitable.go:218.29,220.4 1 1
github.com/fumiama/go-docx/apitext.go:26.35,38.2 5 1
github.com/fumiama/go-docx/apitext.go:41.47,42.18 1 1
github.com/fumiama/go-docx/apitext.go:42.18,44.3 1 0
github.com/fumiama/go-docx/apitext.go:45.2,46.46 2 1
github.com/fumiama/go-docx/apitext.go:46.46,47.12 1 1
github.com/fumiama/go-docx/apitext.go:47.12,49.4 1 0
github.com/fumiama/go-docx/apitext.go:50.3,50.51 1 1
github.com/fumiama/go-docx/apitext.go:50.51,51.20 1 1
github.com/fumiama/go-docx/apitext.go:51.20,53.5 1 0
github.com/fumiama/go-docx/apitext.go:54.4,54.15 1 1
github.com/fumiama/go-docx/apitext.go:54.15,58.5 1 1
github.com/fumiama/go-docx/apitext.go:61.2,66.12 3 1
github.com/fumiama/go-docx/docx.go:60.18,62.2 1 1
github.com/fumiama/go-docx/docx.go:93.67,95.16 2 1
github.com/fumiama/go-docx/docx.go:95.16,97.3 1 0
github.com/fumiama/go-docx/docx.go:98.2,99.8 2 1
github.com/fumiama/go-docx/docx.go:104.62,144.26 3 1
github.com/fumiama/go-docx/docx.go:144.26,146.3 1 1
github.com/fumiama/go-docx/docx.go:147.2,148.12 2 1
github.com/fumiama/go-docx/docx.go:152.63,157.2 3 1
github.com/fumiama/go-docx/docx.go:160.44,162.2 1 1
github.com/fumiama/go-docx/empty.go:27.27,74.2 3 1
github.com/fumiama/go-docx/helper.go:30.37,32.2 1 1
github.com/fumiama/go-docx/helper.go:35.41,42.2 6 1
github.com/fumiama/go-docx/helper.go:45.40,47.16 2 1
github.com/fumiama/go-docx/helper.go:47.16,49.3 1 1
github.com/fumiama/go-docx/helper.go:50.2,51.16 2 1
github.com/fumiama/go-docx/helper.go:51.16,53.3 1 1
github.com/fumiama/go-docx/helper.go:54.2,55.15 2 1
github.com/fumiama/go-docx/helper.go:59.36,61.16 2 1
github.com/fumiama/go-docx/helper.go:61.16,63.3 1 1
github.com/fumiama/go-docx/helper.go:64.2,65.16 2 1
github.com/fumiama/go-docx/helper.go:65.16,67.3 1 1
github.com/fumiama/go-docx/helper.go:68.2,69.15 2 1
github.com/fumiama/go-docx/id.go:24.52,31.2 6 1
github.com/fumiama/go-docx/image.go:29.60,33.2 3 1
github.com/fumiama/go-docx/link.go:39.52,50.2 3 1
github.com/fumiama/go-docx/link.go:55.49,65.2 3 1
github.com/fumiama/go-docx/link.go:68.55,69.47 1 1
github.com/fumiama/go-docx/link.go:69.47,70.17 1 1
github.com/fumiama/go-docx/link.go:70.17,72.4 1 1
github.com/fumiama/go-docx/link.go:74.2,74.29 1 1
github.com/fumiama/go-docx/link.go:78.55,79.47 1 1
github.com/fumiama/go-docx/link.go:79.47,80.25 1 1
github.com/fumiama/go-docx/link.go:80.25,82.4 1 1
github.com/fumiama/go-docx/link.go:84.2,84.29 1 1
github.com/fumiama/go-docx/media.go:33.33,35.2 1 1
github.com/fumiama/go-docx/media.go:38.42,40.9 2 1
github.com/fumiama/go-docx/media.go:40.9,42.3 1 1
github.com/fumiama/go-docx/media.go:43.2,43.20 1 1
github.com/fumiama/go-docx/media.go:47.34,50.2 2 1
github.com/fumiama/go-docx/pack.go:34.56,37.22 2 1
github.com/fumiama/go-docx/pack.go:37.22,38.35 1 1
github.com/fumiama/go-docx/pack.go:38.35,40.18 2 1
github.com/fumiama/go-docx/pack.go:40.18,42.5 1 0
github.com/fumiama/go-docx/pack.go:44.8,45.35 1 0
github.com/fumiama/go-docx/pack.go:45.35,47.18 2 0
github.com/fumiama/go-docx/pack.go:47.18,49.5 1 0
github.com/fumiama/go-docx/pack.go:53.2,56.28 3 1
github.com/fumiama/go-docx/pack.go:56.28,58.3 1 1
github.com/fumiama/go-docx/pack.go:60.2,60.29 1 1
github.com/fumiama/go-docx/pack.go:60.29,62.17 2 1
github.com/fumiama/go-docx/pack.go:62.17,64.4 1 0
github.com/fumiama/go-docx/pack.go:66.3,67.17 2 1
github.com/fumiama/go-docx/pack.go:67.17,69.4 1 0
github.com/fumiama/go-docx/pack.go:72.2,72.8 1 1
github.com/fumiama/go-docx/pack.go:82.49,84.2 1 0
github.com/fumiama/go-docx/pack.go:87.63,89.16 2 1
github.com/fumiama/go-docx/pack.go:89.16,91.3 1 0
github.com/fumiama/go-docx/pack.go:92.2,93.8 2 1
github.com/fumiama/go-docx/structcanvas.go:41.93,42.6 1 1
github.com/fumiama/go-docx/structcanvas.go:42.6,44.20 2 1
github.com/fumiama/go-docx/structcanvas.go:44.20,45.9 1 1
github.com/fumiama/go-docx/structcanvas.go:47.3,47.17 1 1
github.com/fumiama/go-docx/structcanvas.go:47.17,49.4 1 0
github.com/fumiama/go-docx/structcanvas.go:51.3,51.41 1 1
github.com/fumiama/go-docx/structcanvas.go:51.41,52.25 1 1
github.com/fumiama/go-docx/structcanvas.go:53.14,56.66 3 1
github.com/fumiama/go-docx/structcanvas.go:56.66,58.6 1 0
github.com/fumiama/go-docx/structcanvas.go:59.17,62.66 3 1
github.com/fumiama/go-docx/structcanvas.go:62.66,64.6 1 0
github.com/fumiama/go-docx/structcanvas.go:65.15,69.66 4 0
github.com/fumiama/go-docx/structcanvas.go:69.66,71.6 1 0
github.com/fumiama/go-docx/structcanvas.go:72.5,72.38 1 0
github.com/fumiama/go-docx/structcanvas.go:73.15,76.66 3 0
github.com/fumiama/go-docx/structcanvas.go:76.66,78.6 1 0
github.com/fumiama/go-docx/structcanvas.go:79.5,80.38 2 0
github.com/fumiama/go-docx/structcanvas.go:81.15,85.66 4 0
github.com/fumiama/go-docx/structcanvas.go:85.66,87.6 1 0
github.com/fumiama/go-docx/structcanvas.go:88.5,88.38 1 0
github.com/fumiama/go-docx/structcanvas.go:89.12,91.19 2 0
github.com/fumiama/go-docx/structcanvas.go:91.19,93.6 1 0
github.com/fumiama/go-docx/structcanvas.go:94.5,94.13 1 0
github.com/fumiama/go-docx/structcanvas.go:98.2,98.12 1 1
github.com/fumiama/go-docx/structcanvas.go:108.86,109.6 1 1
github.com/fumiama/go-docx/structcanvas.go:109.6,111.20 2 1
github.com/fumiama/go-docx/structcanvas.go:111.20,112.9 1 1
github.com/fumiama/go-docx/structcanvas.go:114.3,114.17 1 1
github.com/fumiama/go-docx/structcanvas.go:114.17,116.4 1 0
github.com/fumiama/go-docx/structcanvas.go:118.3,118.41 1 1
github.com/fumiama/go-docx/structcanvas.go:118.41,119.25 1 1
github.com/fumiama/go-docx/structcanvas.go:120.18,121.27 1 0
github.com/fumiama/go-docx/structcanvas.go:122.12,124.19 2 1
github.com/fumiama/go-docx/structcanvas.go:124.19,126.6 1 0
github.com/fumiama/go-docx/structcanvas.go:127.5,127.13 1 1
github.com/fumiama/go-docx/structcanvas.go:131.2,131.12 1 1
github.com/fumiama/go-docx/structcanvas.go:141.81,142.6 1 1
github.com/fumiama/go-docx/structcanvas.go:142.6,144.20 2 1
github.com/fumiama/go-docx/structcanvas.go:144.20,145.9 1 1
github.com/fumiama/go-docx/structcanvas.go:147.3,147.17 1 1
github.com/fumiama/go-docx/structcanvas.go:147.17,149.4 1 0
github.com/fumiama/go-docx/structcanvas.go:151.3,151.41 1 1
github.com/fumiama/go-docx/structcanvas.go:151.41,152.25 1 1
github.com/fumiama/go-docx/structcanvas.go:153.14,156.66 3 1
github.com/fumiama/go-docx/structcanvas.go:156.66,158.6 1 0
github.com/fumiama/go-docx/structcanvas.go:159.12,161.19 2 0
github.com/fumiama/go-docx/structcanvas.go:161.19,163.6 1 0
github.com/fumiama/go-docx/structcanvas.go:164.5,164.13 1 0
github.com/fumiama/go-docx/structcanvas.go:168.2,168.12 1 1
github.com/fumiama/go-docx/structdoc.go:48.50,49.26 1 1
github.com/fumiama/go-docx/structdoc.go:49.26,50.28 1 1
github.com/fumiama/go-docx/structdoc.go:50.28,52.4 1 1
github.com/fumiama/go-docx/structdoc.go:54.2,54.11 1 1
github.com/fumiama/go-docx/structdoc.go:65.71,66.6 1 1
github.com/fumiama/go-docx/structdoc.go:66.6,68.20 2 1
github.com/fumiama/go-docx/structdoc.go:68.20,69.9 1 1
github.com/fumiama/go-docx/structdoc.go:71.3,71.17 1 1
github.com/fumiama/go-docx/structdoc.go:71.17,73.4 1 0
github.com/fumiama/go-docx/structdoc.go:75.3,75.41 1 1
github.com/fumiama/go-docx/structdoc.go:75.41,76.25 1 1
github.com/fumiama/go-docx/structdoc.go:77.13,81.66 4 1
github.com/fumiama/go-docx/structdoc.go:81.66,83.6 1 0
github.com/fumiama/go-docx/structdoc.go:84.5,84.38 1 1
github.com/fumiama/go-docx/structdoc.go:85.15,89.66 4 1
github.com/fumiama/go-docx/structdoc.go:89.66,91.6 1 0
github.com/fumiama/go-docx/structdoc.go:92.5,92.38 1 1
github.com/fumiama/go-docx/structdoc.go:93.18,96.66 3 1
github.com/fumiama/go-docx/structdoc.go:96.66,98.6 1 0
github.com/fumiama/go-docx/structdoc.go:99.5,99.38 1 1
github.com/fumiama/go-docx/structdoc.go:100.12,102.19 2 1
github.com/fumiama/go-docx/structdoc.go:102.19,104.6 1 0
github.com/fumiama/go-docx/structdoc.go:108.2,108.12 1 1
github.com/fumiama/go-docx/structdoc.go:114.45,117.25 3 1
github.com/fumiama/go-docx/structdoc.go:117.25,119.3 1 1
github.com/fumiama/go-docx/structdoc.go:120.2,120.31 1 1
github.com/fumiama/go-docx/structdoc.go:120.31,122.9 2 1
github.com/fumiama/go-docx/structdoc.go:122.9,124.4 1 1
github.com/fumiama/go-docx/structdoc.go:126.2,126.17 1 1
github.com/fumiama/go-docx/structdoc.go:131.43,132.31 1 1
github.com/fumiama/go-docx/structdoc.go:132.31,133.27 1 1
github.com/fumiama/go-docx/structdoc.go:134.19,136.20 2 1
github.com/fumiama/go-docx/structdoc.go:136.20,137.13 1 0
github.com/fumiama/go-docx/structdoc.go:139.4,139.19 1 1
github.com/fumiama/go-docx/structdoc.go:140.15,141.35 1 0
github.com/fumiama/go-docx/structdoc.go:141.35,142.38 1 0
github.com/fumiama/go-docx/structdoc.go:142.38,143.38 1 0
github.com/fumiama/go-docx/structdoc.go:143.38,145.23 2 0
github.com/fumiama/go-docx/structdoc.go:145.23,146.16 1 0
github.com/fumiama/go-docx/structdoc.go:148.7,148.22 1 0
github.com/fumiama/go-docx/structdoc.go:177.77,178.6 1 1
github.com/fumiama/go-docx/structdoc.go:178.6,180.20 2 1
github.com/fumiama/go-docx/structdoc.go:180.20,181.9 1 1
github.com/fumiama/go-docx/structdoc.go:183.3,183.17 1 1
github.com/fumiama/go-docx/structdoc.go:183.17,185.4 1 0
github.com/fumiama/go-docx/structdoc.go:187.3,187.41 1 1
github.com/fumiama/go-docx/structdoc.go:187.41,188.31 1 1
github.com/fumiama/go-docx/structdoc.go:188.31,190.66 2 1
github.com/fumiama/go-docx/structdoc.go:190.66,192.6 1 0
github.com/fumiama/go-docx/structdoc.go:193.5,193.13 1 1
github.com/fumiama/go-docx/structdoc.go:195.4,196.18 2 0
github.com/fumiama/go-docx/structdoc.go:196.18,198.5 1 0
github.com/fumiama/go-docx/structdoc.go:201.2,201.12 1 1
github.com/fumiama/go-docx/structdoc.go:208.70,209.33 1 1
github.com/fumiama/go-docx/structdoc.go:209.33,211.3 1 1
github.com/fumiama/go-docx/structdoc.go:218.78,221.21 2 1
github.com/fumiama/go-docx/structdoc.go:221.21,268.30 18 1
github.com/fumiama/go-docx/structdoc.go:268.30,269.28 1 1
github.com/fumiama/go-docx/structdoc.go:270.20,271.58 1 1
github.com/fumiama/go-docx/structdoc.go:271.58,274.24 3 1
github.com/fumiama/go-docx/structdoc.go:276.5,277.69 2 1
github.com/fumiama/go-docx/structdoc.go:278.16,280.69 2 0
github.com/fumiama/go-docx/structdoc.go:281.12,282.67 1 0
github.com/fumiama/go-docx/structdoc.go:286.3,286.40 1 1
github.com/fumiama/go-docx/structdoc.go:286.40,288.4 1 1
github.com/fumiama/go-docx/structdoc.go:289.3,289.8 1 1
github.com/fumiama/go-docx/structdoc.go:291.2,291.8 1 1
github.com/fumiama/go-docx/structdoc.go:294.40,298.32 4 1
github.com/fumiama/go-docx/structdoc.go:298.32,299.33 1 1
github.com/fumiama/go-docx/structdoc.go:299.33,301.12 2 0
github.com/fumiama/go-docx/structdoc.go:303.3,303.40 1 1
github.com/fumiama/go-docx/structdoc.go:305.2,305.12 1 1
github.com/fumiama/go-docx/structdoc.go:308.56,312.32 4 1
github.com/fumiama/go-docx/structdoc.go:312.32,313.29 1 1
github.com/fumiama/go-docx/structdoc.go:313.29,315.12 2 1
github.com/fumiama/go-docx/structdoc.go:317.3,317.35 1 0
github.com/fumiama/go-docx/structdoc.go:317.35,319.18 2 0
github.com/fumiama/go-docx/structdoc.go:319.18,320.13 1 0
github.com/fumiama/go-docx/structdoc.go:322.4,327.12 3 0
github.com/fumiama/go-docx/structdoc.go:329.3,329.40 1 0
github.com/fumiama/go-docx/structdoc.go:331.2,331.8 1 1
github.com/fumiama/go-docx/structdoc.go:334.48,338.33 4 0
github.com/fumiama/go-docx/structdoc.go:338.33,342.36 4 0
github.com/fumiama/go-docx/structdoc.go:342.36,346.36 4 0
github.com/fumiama/go-docx/structdoc.go:346.36,349.5 2 0
github.com/fumiama/go-docx/structdoc.go:350.4,350.49 1 0
github.com/fumiama/go-docx/structdoc.go:352.3,352.44 1 0
github.com/fumiama/go-docx/structdoc.go:354.2,354.8 1 0
github.com/fumiama/go-docx/structdoc.go:358.37,359.46 1 1
github.com/fumiama/go-docx/structdoc.go:359.46,360.27 1 1
github.com/fumiama/go-docx/structdoc.go:361.19,363.62 2 1
github.com/fumiama/go-docx/structdoc.go:364.15,366.62 2 0
github.com/fumiama/go-docx/structdoc.go:367.11,368.60 1 0
github.com/fumiama/go-docx/structdrawing.go:55.74,56.6 1 1
github.com/fumiama/go-docx/structdrawing.go:56.6,58.20 2 1
github.com/fumiama/go-docx/structdrawing.go:58.20,59.9 1 1
github.com/fumiama/go-docx/structdrawing.go:61.3,61.17 1 1
github.com/fumiama/go-docx/structdrawing.go:61.17,63.4 1 0
github.com/fumiama/go-docx/structdrawing.go:65.3,65.41 1 1
github.com/fumiama/go-docx/structdrawing.go:65.41,66.25 1 1
github.com/fumiama/go-docx/structdrawing.go:67.18,71.66 4 1
github.com/fumiama/go-docx/structdrawing.go:71.66,73.6 1 0
github.com/fumiama/go-docx/structdrawing.go:74.18,78.66 4 1
github.com/fumiama/go-docx/structdrawing.go:78.66,80.6 1 0
github.com/fumiama/go-docx/structdrawing.go:81.12,83.19 2 0
github.com/fumiama/go-docx/structdrawing.go:83.19,85.6 1 0
github.com/fumiama/go-docx/structdrawing.go:86.5,86.13 1 0
github.com/fumiama/go-docx/structdrawing.go:90.2,90.12 1 1
github.com/fumiama/go-docx/structdrawing.go:93.48,94.21 1 0
github.com/fumiama/go-docx/structdrawing.go:94.21,99.3 1 0
github.com/fumiama/go-docx/structdrawing.go:100.2,100.21 1 0
github.com/fumiama/go-docx/structdrawing.go:100.21,105.3 1 0
github.com/fumiama/go-docx/structdrawing.go:106.2,106.27 1 0
github.com/fumiama/go-docx/structdrawing.go:136.85,137.34 1 1
github.com/fumiama/go-docx/structdrawing.go:137.34,138.26 1 1
github.com/fumiama/go-docx/structdrawing.go:139.16,140.39 1 1
github.com/fumiama/go-docx/structdrawing.go:141.16,142.39 1 1
github.com/fumiama/go-docx/structdrawing.go:143.16,144.39 1 1
github.com/fumiama/go-docx/structdrawing.go:145.16,146.39 1 1
github.com/fumiama/go-docx/structdrawing.go:147.11,147.11 0 0
github.com/fumiama/go-docx/structdrawing.go:150.3,150.17 1 1
github.com/fumiama/go-docx/structdrawing.go:150.17,152.4 1 0
github.com/fumiama/go-docx/structdrawing.go:154.2,154.6 1 1
github.com/fumiama/go-docx/structdrawing.go:154.6,156.20 2 1
github.com/fumiama/go-docx/structdrawing.go:156.20,157.9 1 1
github.com/fumiama/go-docx/structdrawing.go:159.3,159.17 1 1
github.com/fumiama/go-docx/structdrawing.go:159.17,161.4 1 0
github.com/fumiama/go-docx/structdrawing.go:163.3,163.41 1 1
github.com/fumiama/go-docx/structdrawing.go:163.41,164.25 1 1
github.com/fumiama/go-docx/structdrawing.go:165.18,167.31 2 1
github.com/fumiama/go-docx/structdrawing.go:167.31,168.26 1 1
github.com/fumiama/go-docx/structdrawing.go:169.16,170.43 1 1
github.com/fumiama/go-docx/structdrawing.go:171.16,172.43 1 1
github.com/fumiama/go-docx/structdrawing.go:174.6,174.20 1 1
github.com/fumiama/go-docx/structdrawing.go:174.20,176.7 1 0
github.com/fumiama/go-docx/structdrawing.go:178.24,180.31 2 1
github.com/fumiama/go-docx/structdrawing.go:180.31,181.26 1 1
github.com/fumiama/go-docx/structdrawing.go:182.15,183.48 1 1
github.com/fumiama/go-docx/structdrawing.go:184.15,185.48 1 1
github.com/fumiama/go-docx/structdrawing.go:186.15,187.48 1 1
github.com/fumiama/go-docx/structdrawing.go:188.15,189.48 1 1
github.com/fumiama/go-docx/structdrawing.go:191.6,191.20 1 1
github.com/fumiama/go-docx/structdrawing.go:191.20,193.7 1 0
github.com/fumiama/go-docx/structdrawing.go:195.17,198.66 3 1
github.com/fumiama/go-docx/structdrawing.go:198.66,200.6 1 0
github.com/fumiama/go-docx/structdrawing.go:201.29,204.66 3 1
github.com/fumiama/go-docx/structdrawing.go:204.66,206.6 1 0
github.com/fumiama/go-docx/structdrawing.go:207.5,207.33 1 1
github.com/fumiama/go-docx/structdrawing.go:208.19,212.66 4 1
github.com/fumiama/go-docx/structdrawing.go:212.66,214.6 1 0
github.com/fumiama/go-docx/structdrawing.go:215.5,215.23 1 1
github.com/fumiama/go-docx/structdrawing.go:216.12,218.19 2 0
github.com/fumiama/go-docx/structdrawing.go:218.19,220.6 1 0
github.com/fumiama/go-docx/structdrawing.go:221.5,221.13 1 0
github.com/fumiama/go-docx/structdrawing.go:225.2,225.12 1 1
github.com/fumiama/go-docx/structdrawing.go:229.36,231.38 2 0
github.com/fumiama/go-docx/structdrawing.go:231.38,233.10 2 0
github.com/fumiama/go-docx/structdrawing.go:234.23,235.32 1 0
github.com/fumiama/go-docx/structdrawing.go:236.64,237.100 1 0
github.com/fumiama/go-docx/structdrawing.go:238.11,239.65 1 0
github.com/fumiama/go-docx/structdrawing.go:241.3,242.48 2 0
github.com/fumiama/go-docx/structdrawing.go:242.48,244.18 2 0
github.com/fumiama/go-docx/structdrawing.go:244.18,246.5 1 0
github.com/fumiama/go-docx/structdrawing.go:246.10,249.5 2 0
github.com/fumiama/go-docx/structdrawing.go:251.3,252.21 2 0
github.com/fumiama/go-docx/structdrawing.go:254.2,254.40 1 0
github.com/fumiama/go-docx/structdrawing.go:254.40,256.10 2 0
github.com/fumiama/go-docx/structdrawing.go:257.23,258.32 1 0
github.com/fumiama/go-docx/structdrawing.go:259.49,260.58 1 0
github.com/fumiama/go-docx/structdrawing.go:261.48,262.66 1 0
github.com/fumiama/go-docx/structdrawing.go:263.11,264.25 1 0
github.com/fumiama/go-docx/structdrawing.go:266.3,267.46 2 0
github.com/fumiama/go-docx/structdrawing.go:267.46,269.4 1 0
github.com/fumiama/go-docx/structdrawing.go:270.3,271.21 2 0
github.com/fumiama/go-docx/structdrawing.go:273.2,273.41 1 0
github.com/fumiama/go-docx/structdrawing.go:273.41,275.21 2 0
github.com/fumiama/go-docx/structdrawing.go:275.21,277.4 1 0
github.com/fumiama/go-docx/structdrawing.go:277.9,279.4 1 0
github.com/fumiama/go-docx/structdrawing.go:280.3,281.21 2 0
github.com/fumiama/go-docx/structdrawing.go:283.2,283.28 1 0
github.com/fumiama/go-docx/structdrawing.go:286.50,287.38 1 0
github.com/fumiama/go-docx/structdrawing.go:287.38,288.48 1 0
github.com/fumiama/go-docx/structdrawing.go:288.48,290.18 2 0
github.com/fumiama/go-docx/structdrawing.go:290.18,292.5 1 0
github.com/fumiama/go-docx/structdrawing.go:293.4,298.16 6 0
github.com/fumiama/go-docx/structdrawing.go:298.16,300.5 1 0
github.com/fumiama/go-docx/structdrawing.go:301.4,331.16 15 0
github.com/fumiama/go-docx/structdrawing.go:333.3,333.13 1 0
github.com/fumiama/go-docx/structdrawing.go:335.2,335.40 1 0
github.com/fumiama/go-docx/structdrawing.go:335.40,337.3 1 0
github.com/fumiama/go-docx/structdrawing.go:338.2,338.41 1 0
github.com/fumiama/go-docx/structdrawing.go:338.41,340.3 1 0
github.com/fumiama/go-docx/structdrawing.go:341.2,341.12 1 0
github.com/fumiama/go-docx/structdrawing.go:354.79,356.34 2 1
github.com/fumiama/go-docx/structdrawing.go:356.34,357.26 1 1
github.com/fumiama/go-docx/structdrawing.go:358.13,359.36 1 1
github.com/fumiama/go-docx/structdrawing.go:360.13,361.36 1 1
github.com/fumiama/go-docx/structdrawing.go:363.3,363.17 1 1
github.com/fumiama/go-docx/structdrawing.go:363.17,365.4 1 0
github.com/fumiama/go-docx/structdrawing.go:368.2,369.12 2 1
github.com/fumiama/go-docx/structdrawing.go:382.85,384.34 2 1
github.com/fumiama/go-docx/structdrawing.go:384.34,385.26 1 1
github.com/fumiama/go-docx/structdrawing.go:386.12,387.35 1 1
github.com/fumiama/go-docx/structdrawing.go:388.12,389.35 1 1
github.com/fumiama/go-docx/structdrawing.go:390.12,391.35 1 1
github.com/fumiama/go-docx/structdrawing.go:392.12,393.35 1 1
github.com/fumiama/go-docx/structdrawing.go:395.3,395.17 1 1
github.com/fumiama/go-docx/structdrawing.go:395.17,397.4 1 0
github.com/fumiama/go-docx/structdrawing.go:400.2,401.12 2 1
github.com/fumiama/go-docx/structdrawing.go:412.78,413.34 1 1
github.com/fumiama/go-docx/structdrawing.go:413.34,414.26 1 1
github.com/fumiama/go-docx/structdrawing.go:415.13,417.18 2 1
github.com/fumiama/go-docx/structdrawing.go:417.18,419.5 1 0
github.com/fumiama/go-docx/structdrawing.go:420.4,420.13 1 1
github.com/fumiama/go-docx/structdrawing.go:421.15,422.23 1 1
github.com/fumiama/go-docx/structdrawing.go:424.11,424.11 0 0
github.com/fumiama/go-docx/structdrawing.go:429.2,430.12 2 1
github.com/fumiama/go-docx/structdrawing.go:440.86,441.6 1 1
github.com/fumiama/go-docx/structdrawing.go:441.6,443.20 2 1
github.com/fumiama/go-docx/structdrawing.go:443.20,444.9 1 1
github.com/fumiama/go-docx/structdrawing.go:446.3,446.17 1 1
github.com/fumiama/go-docx/structdrawing.go:446.17,448.4 1 0
github.com/fumiama/go-docx/structdrawing.go:450.3,450.41 1 1
github.com/fumiama/go-docx/structdrawing.go:450.41,451.25 1 1
github.com/fumiama/go-docx/structdrawing.go:452.29,455.16 3 1
github.com/fumiama/go-docx/structdrawing.go:455.16,456.14 1 1
github.com/fumiama/go-docx/structdrawing.go:458.5,459.19 2 1
github.com/fumiama/go-docx/structdrawing.go:459.19,461.6 1 0
github.com/fumiama/go-docx/structdrawing.go:462.12,464.19 2 0
github.com/fumiama/go-docx/structdrawing.go:464.19,466.6 1 0
github.com/fumiama/go-docx/structdrawing.go:467.5,467.13 1 0
github.com/fumiama/go-docx/structdrawing.go:471.2,471.12 1 1
github.com/fumiama/go-docx/structdrawing.go:491.79,492.34 1 1
github.com/fumiama/go-docx/structdrawing.go:492.34,493.26 1 1
github.com/fumiama/go-docx/structdrawing.go:494.12,495.23 1 1
github.com/fumiama/go-docx/structdrawing.go:496.11,496.11 0 0
github.com/fumiama/go-docx/structdrawing.go:500.2,500.6 1 1
github.com/fumiama/go-docx/structdrawing.go:500.6,502.20 2 1
github.com/fumiama/go-docx/structdrawing.go:502.20,503.9 1 1
github.com/fumiama/go-docx/structdrawing.go:505.3,505.17 1 1
github.com/fumiama/go-docx/structdrawing.go:505.17,507.4 1 0
github.com/fumiama/go-docx/structdrawing.go:509.3,509.41 1 1
github.com/fumiama/go-docx/structdrawing.go:509.41,510.25 1 1
github.com/fumiama/go-docx/structdrawing.go:511.23,515.66 4 1
github.com/fumiama/go-docx/structdrawing.go:515.66,517.6 1 0
github.com/fumiama/go-docx/structdrawing.go:518.5,519.27 2 1
github.com/fumiama/go-docx/structdrawing.go:520.12,522.19 2 0
github.com/fumiama/go-docx/structdrawing.go:522.19,524.6 1 0
github.com/fumiama/go-docx/structdrawing.go:525.5,525.13 1 0
github.com/fumiama/go-docx/structdrawing.go:529.2,529.12 1 1
github.com/fumiama/go-docx/structdrawing.go:546.83,547.34 1 1
github.com/fumiama/go-docx/structdrawing.go:547.34,548.26 1 1
github.com/fumiama/go-docx/structdrawing.go:549.14,550.22 1 1
github.com/fumiama/go-docx/structdrawing.go:551.11,551.11 0 0
github.com/fumiama/go-docx/structdrawing.go:555.2,555.6 1 1
github.com/fumiama/go-docx/structdrawing.go:555.6,557.20 2 1
github.com/fumiama/go-docx/structdrawing.go:557.20,558.9 1 1
github.com/fumiama/go-docx/structdrawing.go:560.3,560.17 1 1
github.com/fumiama/go-docx/structdrawing.go:560.17,562.4 1 0
github.com/fumiama/go-docx/structdrawing.go:564.3,564.41 1 1
github.com/fumiama/go-docx/structdrawing.go:564.41,565.25 1 1
github.com/fumiama/go-docx/structdrawing.go:566.15,569.66 3 1
github.com/fumiama/go-docx/structdrawing.go:569.66,571.6 1 0
github.com/fumiama/go-docx/structdrawing.go:572.5,573.19 2 1
github.com/fumiama/go-docx/structdrawing.go:574.15,578.66 4 1
github.com/fumiama/go-docx/structdrawing.go:578.66,580.6 1 0
github.com/fumiama/go-docx/structdrawing.go:581.5,581.21 1 1
github.com/fumiama/go-docx/structdrawing.go:582.15,586.66 4 0
github.com/fumiama/go-docx/structdrawing.go:586.66,588.6 1 0
github.com/fumiama/go-docx/structdrawing.go:589.5,589.22 1 0
github.com/fumiama/go-docx/structdrawing.go:590.15,594.66 4 0
github.com/fumiama/go-docx/structdrawing.go:594.66,596.6 1 0
github.com/fumiama/go-docx/structdrawing.go:597.5,597.21 1 0
github.com/fumiama/go-docx/structdrawing.go:598.12,600.19 2 0
github.com/fumiama/go-docx/structdrawing.go:600.19,602.6 1 0
github.com/fumiama/go-docx/structdrawing.go:603.5,603.13 1 0
github.com/fumiama/go-docx/structdrawing.go:607.2,607.12 1 1
github.com/fumiama/go-docx/structdrawing.go:620.74,621.6 1 1
github.com/fumiama/go-docx/structdrawing.go:621.6,623.20 2 1
github.com/fumiama/go-docx/structdrawing.go:623.20,624.9 1 1
github.com/fumiama/go-docx/structdrawing.go:626.3,626.17 1 1
github.com/fumiama/go-docx/structdrawing.go:626.17,628.4 1 0
github.com/fumiama/go-docx/structdrawing.go:630.3,630.41 1 1
github.com/fumiama/go-docx/structdrawing.go:630.41,631.25 1 1
github.com/fumiama/go-docx/structdrawing.go:632.19,635.66 3 1
github.com/fumiama/go-docx/structdrawing.go:635.66,637.6 1 0
github.com/fumiama/go-docx/structdrawing.go:638.5,638.38 1 1
github.com/fumiama/go-docx/structdrawing.go:639.20,642.66 3 1
github.com/fumiama/go-docx/structdrawing.go:642.66,644.6 1 0
github.com/fumiama/go-docx/structdrawing.go:645.5,645.24 1 1
github.com/fumiama/go-docx/structdrawing.go:646.16,649.66 3 1
github.com/fumiama/go-docx/structdrawing.go:649.66,651.6 1 0
github.com/fumiama/go-docx/structdrawing.go:652.5,652.20 1 1
github.com/fumiama/go-docx/structdrawing.go:653.12,655.19 2 0
github.com/fumiama/go-docx/structdrawing.go:655.19,657.6 1 0
github.com/fumiama/go-docx/structdrawing.go:658.5,658.13 1 0
github.com/fumiama/go-docx/structdrawing.go:662.2,662.12 1 1
github.com/fumiama/go-docx/structdrawing.go:673.92,674.6 1 1
github.com/fumiama/go-docx/structdrawing.go:674.6,676.20 2 1
github.com/fumiama/go-docx/structdrawing.go:676.20,677.9 1 1
github.com/fumiama/go-docx/structdrawing.go:679.3,679.17 1 1
github.com/fumiama/go-docx/structdrawing.go:679.17,681.4 1 0
github.com/fumiama/go-docx/structdrawing.go:683.3,683.41 1 1
github.com/fumiama/go-docx/structdrawing.go:683.41,684.25 1 1
github.com/fumiama/go-docx/structdrawing.go:685.17,687.16 2 1
github.com/fumiama/go-docx/structdrawing.go:687.16,688.14 1 0
github.com/fumiama/go-docx/structdrawing.go:690.5,691.19 2 1
github.com/fumiama/go-docx/structdrawing.go:691.19,693.6 1 0
github.com/fumiama/go-docx/structdrawing.go:694.5,694.64 1 1
github.com/fumiama/go-docx/structdrawing.go:695.20,697.66 2 1
github.com/fumiama/go-docx/structdrawing.go:697.66,699.6 1 0
github.com/fumiama/go-docx/structdrawing.go:700.12,702.19 2 0
github.com/fumiama/go-docx/structdrawing.go:702.19,704.6 1 0
github.com/fumiama/go-docx/structdrawing.go:705.5,705.13 1 0
github.com/fumiama/go-docx/structdrawing.go:709.2,709.12 1 1
github.com/fumiama/go-docx/structdrawing.go:719.78,721.6 1 1
github.com/fumiama/go-docx/structdrawing.go:721.6,723.20 2 1
github.com/fumiama/go-docx/structdrawing.go:723.20,724.9 1 1
github.com/fumiama/go-docx/structdrawing.go:726.3,726.17 1 1
github.com/fumiama/go-docx/structdrawing.go:726.17,728.4 1 0
github.com/fumiama/go-docx/structdrawing.go:731.3,731.41 1 1
github.com/fumiama/go-docx/structdrawing.go:731.41,732.25 1 1
github.com/fumiama/go-docx/structdrawing.go:733.20,736.16 3 1
github.com/fumiama/go-docx/structdrawing.go:736.16,737.14 1 0
github.com/fumiama/go-docx/structdrawing.go:739.5,740.19 2 1
github.com/fumiama/go-docx/structdrawing.go:740.19,742.6 1 0
github.com/fumiama/go-docx/structdrawing.go:743.5,743.21 1 1
github.com/fumiama/go-docx/structdrawing.go:744.12,746.19 2 0
github.com/fumiama/go-docx/structdrawing.go:746.19,748.6 1 0
github.com/fumiama/go-docx/structdrawing.go:749.5,749.13 1 0
github.com/fumiama/go-docx/structdrawing.go:753.2,753.12 1 1
github.com/fumiama/go-docx/structdrawing.go:770.78,771.6 1 1
github.com/fumiama/go-docx/structdrawing.go:771.6,773.20 2 1
github.com/fumiama/go-docx/structdrawing.go:773.20,774.9 1 1
github.com/fumiama/go-docx/structdrawing.go:776.3,776.17 1 1
github.com/fumiama/go-docx/structdrawing.go:776.17,778.4 1 0
github.com/fumiama/go-docx/structdrawing.go:780.3,780.41 1 1
github.com/fumiama/go-docx/structdrawing.go:780.41,781.25 1 1
github.com/fumiama/go-docx/structdrawing.go:782.16,784.66 2 1
github.com/fumiama/go-docx/structdrawing.go:784.66,786.6 1 0
github.com/fumiama/go-docx/structdrawing.go:787.19,789.66 2 1
github.com/fumiama/go-docx/structdrawing.go:789.66,791.6 1 0
github.com/fumiama/go-docx/structdrawing.go:792.12,794.19 2 0
github.com/fumiama/go-docx/structdrawing.go:794.19,796.6 1 0
github.com/fumiama/go-docx/structdrawing.go:797.5,797.13 1 0
github.com/fumiama/go-docx/structdrawing.go:801.2,801.12 1 1
github.com/fumiama/go-docx/structdrawing.go:813.76,814.34 1 1
github.com/fumiama/go-docx/structdrawing.go:814.34,815.26 1 1
github.com/fumiama/go-docx/structdrawing.go:816.16,817.24 1 1
github.com/fumiama/go-docx/structdrawing.go:818.17,819.25 1 1
github.com/fumiama/go-docx/structdrawing.go:820.11,820.11 0 0
github.com/fumiama/go-docx/structdrawing.go:824.2,824.6 1 1
github.com/fumiama/go-docx/structdrawing.go:824.6,826.20 2 1
github.com/fumiama/go-docx/structdrawing.go:826.20,827.9 1 1
github.com/fumiama/go-docx/structdrawing.go:829.3,829.17 1 1
github.com/fumiama/go-docx/structdrawing.go:829.17,831.4 1 0
github.com/fumiama/go-docx/structdrawing.go:833.3,833.41 1 1
github.com/fumiama/go-docx/structdrawing.go:833.41,834.25 1 1
github.com/fumiama/go-docx/structdrawing.go:835.23,838.16 3 1
github.com/fumiama/go-docx/structdrawing.go:838.16,839.14 1 0
github.com/fumiama/go-docx/structdrawing.go:841.5,842.19 2 1
github.com/fumiama/go-docx/structdrawing.go:842.19,844.6 1 0
github.com/fumiama/go-docx/structdrawing.go:845.5,845.27 1 1
github.com/fumiama/go-docx/structdrawing.go:846.12,848.19 2 0
github.com/fumiama/go-docx/structdrawing.go:848.19,850.6 1 0
github.com/fumiama/go-docx/structdrawing.go:851.5,851.13 1 0
github.com/fumiama/go-docx/structdrawing.go:855.2,855.12 1 1
github.com/fumiama/go-docx/structdrawing.go:871.75,872.6 1 1
github.com/fumiama/go-docx/structdrawing.go:872.6,874.20 2 1
github.com/fumiama/go-docx/structdrawing.go:874.20,875.9 1 1
github.com/fumiama/go-docx/structdrawing.go:877.3,877.17 1 1
github.com/fumiama/go-docx/structdrawing.go:877.17,879.4 1 0
github.com/fumiama/go-docx/structdrawing.go:881.3,881.41 1 1
github.com/fumiama/go-docx/structdrawing.go:881.41,882.25 1 0
github.com/fumiama/go-docx/structdrawing.go:883.20,891.19 4 0
github.com/fumiama/go-docx/structdrawing.go:891.19,893.6 1 0
github.com/fumiama/go-docx/structdrawing.go:894.12,896.19 2 0
github.com/fumiama/go-docx/structdrawing.go:896.19,898.6 1 0
github.com/fumiama/go-docx/structdrawing.go:899.5,899.13 1 0
github.com/fumiama/go-docx/structdrawing.go:903.2,903.12 1 1
github.com/fumiama/go-docx/structdrawing.go:920.74,921.6 1 1
github.com/fumiama/go-docx/structdrawing.go:921.6,923.20 2 1
github.com/fumiama/go-docx/structdrawing.go:923.20,924.9 1 1
github.com/fumiama/go-docx/structdrawing.go:926.3,926.17 1 1
github.com/fumiama/go-docx/structdrawing.go:926.17,928.4 1 0
github.com/fumiama/go-docx/structdrawing.go:930.3,930.41 1 1
github.com/fumiama/go-docx/structdrawing.go:930.41,931.25 1 1
github.com/fumiama/go-docx/structdrawing.go:932.16,934.66 2 1
github.com/fumiama/go-docx/structdrawing.go:934.66,936.6 1 0
github.com/fumiama/go-docx/structdrawing.go:937.20,940.66 3 1
github.com/fumiama/go-docx/structdrawing.go:940.66,942.6 1 0
github.com/fumiama/go-docx/structdrawing.go:943.5,943.24 1 1
github.com/fumiama/go-docx/structdrawing.go:944.12,946.19 2 0
github.com/fumiama/go-docx/structdrawing.go:946.19,948.6 1 0
github.com/fumiama/go-docx/structdrawing.go:949.5,949.13 1 0
github.com/fumiama/go-docx/structdrawing.go:953.2,953.12 1 1
github.com/fumiama/go-docx/structdrawing.go:970.82,971.34 1 1
github.com/fumiama/go-docx/structdrawing.go:971.34,972.26 1 1
github.com/fumiama/go-docx/structdrawing.go:973.14,974.37 1 1
github.com/fumiama/go-docx/structdrawing.go:975.16,976.37 1 0
github.com/fumiama/go-docx/structdrawing.go:977.16,978.37 1 0
github.com/fumiama/go-docx/structdrawing.go:979.11,979.11 0 0
github.com/fumiama/go-docx/structdrawing.go:982.3,982.17 1 1
github.com/fumiama/go-docx/structdrawing.go:982.17,984.4 1 0
github.com/fumiama/go-docx/structdrawing.go:986.2,986.6 1 1
github.com/fumiama/go-docx/structdrawing.go:986.6,988.20 2 1
github.com/fumiama/go-docx/structdrawing.go:988.20,989.9 1 1
github.com/fumiama/go-docx/structdrawing.go:991.3,991.17 1 1
github.com/fumiama/go-docx/structdrawing.go:991.17,993.4 1 0
github.com/fumiama/go-docx/structdrawing.go:995.3,995.41 1 1
github.com/fumiama/go-docx/structdrawing.go:995.41,996.25 1 1
github.com/fumiama/go-docx/structdrawing.go:997.15,998.31 1 1
github.com/fumiama/go-docx/structdrawing.go:998.31,999.26 1 1
github.com/fumiama/go-docx/structdrawing.go:1000.15,1001.39 1 1
github.com/fumiama/go-docx/structdrawing.go:1002.15,1003.39 1 1
github.com/fumiama/go-docx/structdrawing.go:1005.6,1005.20 1 1
github.com/fumiama/go-docx/structdrawing.go:1005.20,1007.7 1 0
github.com/fumiama/go-docx/structdrawing.go:1009.15,1010.31 1 1
github.com/fumiama/go-docx/structdrawing.go:1010.31,1011.26 1 1
github.com/fumiama/go-docx/structdrawing.go:1012.16,1013.40 1 1
github.com/fumiama/go-docx/structdrawing.go:1014.16,1015.40 1 1
github.com/fumiama/go-docx/structdrawing.go:1017.6,1017.20 1 1
github.com/fumiama/go-docx/structdrawing.go:1017.20,1019.7 1 0
github.com/fumiama/go-docx/structdrawing.go:1021.17,1023.31 2 0
github.com/fumiama/go-docx/structdrawing.go:1023.31,1024.26 1 0
github.com/fumiama/go-docx/structdrawing.go:1025.15,1026.39 1 0
github.com/fumiama/go-docx/structdrawing.go:1027.15,1028.39 1 0
github.com/fumiama/go-docx/structdrawing.go:1030.6,1030.20 1 0
github.com/fumiama/go-docx/structdrawing.go:1030.20,1032.7 1 0
github.com/fumiama/go-docx/structdrawing.go:1034.5,1034.21 1 0
github.com/fumiama/go-docx/structdrawing.go:1035.17,1037.31 2 0
github.com/fumiama/go-docx/structdrawing.go:1037.31,1038.26 1 0
github.com/fumiama/go-docx/structdrawing.go:1039.16,1040.40 1 0
github.com/fumiama/go-docx/structdrawing.go:1041.16,1042.40 1 0
github.com/fumiama/go-docx/structdrawing.go:1044.6,1044.20 1 0
github.com/fumiama/go-docx/structdrawing.go:1044.20,1046.7 1 0
github.com/fumiama/go-docx/structdrawing.go:1048.5,1048.21 1 0
github.com/fumiama/go-docx/structdrawing.go:1049.12,1051.19 2 0
github.com/fumiama/go-docx/structdrawing.go:1051.19,1053.6 1 0
github.com/fumiama/go-docx/structdrawing.go:1054.5,1054.13 1 0
github.com/fumiama/go-docx/structdrawing.go:1058.2,1058.12 1 1
github.com/fumiama/go-docx/structdrawing.go:1084.80,1085.34 1 1
github.com/fumiama/go-docx/structdrawing.go:1085.34,1086.26 1 1
github.com/fumiama/go-docx/structdrawing.go:1087.15,1088.23 1 1
github.com/fumiama/go-docx/structdrawing.go:1089.11,1089.11 0 0
github.com/fumiama/go-docx/structdrawing.go:1094.2,1094.6 1 1
github.com/fumiama/go-docx/structdrawing.go:1094.6,1096.20 2 1
github.com/fumiama/go-docx/structdrawing.go:1096.20,1097.9 1 1
github.com/fumiama/go-docx/structdrawing.go:1099.3,1099.17 1 1
github.com/fumiama/go-docx/structdrawing.go:1099.17,1101.4 1 0
github.com/fumiama/go-docx/structdrawing.go:1103.3,1103.41 1 1
github.com/fumiama/go-docx/structdrawing.go:1103.41,1104.25 1 0
github.com/fumiama/go-docx/structdrawing.go:1105.17,1108.19 3 0
github.com/fumiama/go-docx/structdrawing.go:1108.19,1110.6 1 0
github.com/fumiama/go-docx/structdrawing.go:1111.12,1113.19 2 0
github.com/fumiama/go-docx/structdrawing.go:1113.19,1115.6 1 0
github.com/fumiama/go-docx/structdrawing.go:1116.5,1116.13 1 0
github.com/fumiama/go-docx/structdrawing.go:1120.2,1120.12 1 1
github.com/fumiama/go-docx/structdrawing.go:1202.85,1203.32 1 1
github.com/fumiama/go-docx/structdrawing.go:1203.32,1204.24 1 1
github.com/fumiama/go-docx/structdrawing.go:1205.16,1206.37 1 1
github.com/fumiama/go-docx/structdrawing.go:1207.16,1208.37 1 1
github.com/fumiama/go-docx/structdrawing.go:1209.16,1210.37 1 1
github.com/fumiama/go-docx/structdrawing.go:1211.16,1212.37 1 1
github.com/fumiama/go-docx/structdrawing.go:1213.20,1214.39 1 1
github.com/fumiama/go-docx/structdrawing.go:1215.25,1216.44 1 1
github.com/fumiama/go-docx/structdrawing.go:1217.20,1218.39 1 1
github.com/fumiama/go-docx/structdrawing.go:1219.17,1220.36 1 1
github.com/fumiama/go-docx/structdrawing.go:1221.23,1222.42 1 1
github.com/fumiama/go-docx/structdrawing.go:1223.23,1224.42 1 1
github.com/fumiama/go-docx/structdrawing.go:1226.3,1226.17 1 1
github.com/fumiama/go-docx/structdrawing.go:1226.17,1228.4 1 0
github.com/fumiama/go-docx/structdrawing.go:1230.2,1230.6 1 1
github.com/fumiama/go-docx/structdrawing.go:1230.6,1232.20 2 1
github.com/fumiama/go-docx/structdrawing.go:1232.20,1233.9 1 1
github.com/fumiama/go-docx/structdrawing.go:1235.3,1235.17 1 1
github.com/fumiama/go-docx/structdrawing.go:1235.17,1237.4 1 0
github.com/fumiama/go-docx/structdrawing.go:1239.3,1239.41 1 1
github.com/fumiama/go-docx/structdrawing.go:1239.41,1240.25 1 1
github.com/fumiama/go-docx/structdrawing.go:1241.21,1243.31 2 1
github.com/fumiama/go-docx/structdrawing.go:1243.31,1244.26 1 1
github.com/fumiama/go-docx/structdrawing.go:1245.15,1246.47 1 1
github.com/fumiama/go-docx/structdrawing.go:1247.15,1248.47 1 1
github.com/fumiama/go-docx/structdrawing.go:1250.6,1250.20 1 1
github.com/fumiama/go-docx/structdrawing.go:1250.20,1252.7 1 0
github.com/fumiama/go-docx/structdrawing.go:1254.21,1258.66 3 1
github.com/fumiama/go-docx/structdrawing.go:1258.66,1260.6 1 0
github.com/fumiama/go-docx/structdrawing.go:1261.21,1265.66 3 1
github.com/fumiama/go-docx/structdrawing.go:1265.66,1267.6 1 0
github.com/fumiama/go-docx/structdrawing.go:1268.18,1271.66 3 1
github.com/fumiama/go-docx/structdrawing.go:1271.66,1273.6 1 0
github.com/fumiama/go-docx/structdrawing.go:1274.24,1277.66 3 1
github.com/fumiama/go-docx/structdrawing.go:1277.66,1279.6 1 0
github.com/fumiama/go-docx/structdrawing.go:1280.20,1281.29 1 1
github.com/fumiama/go-docx/structdrawing.go:1282.22,1284.56 2 0
github.com/fumiama/go-docx/structdrawing.go:1285.17,1288.66 3 1
github.com/fumiama/go-docx/structdrawing.go:1288.66,1290.6 1 0
github.com/fumiama/go-docx/structdrawing.go:1291.29,1294.66 3 1
github.com/fumiama/go-docx/structdrawing.go:1294.66,1296.6 1 0
github.com/fumiama/go-docx/structdrawing.go:1297.19,1301.66 4 1
github.com/fumiama/go-docx/structdrawing.go:1301.66,1303.6 1 0
github.com/fumiama/go-docx/structdrawing.go:1304.12,1306.19 2 0
github.com/fumiama/go-docx/structdrawing.go:1306.19,1308.6 1 0
github.com/fumiama/go-docx/structdrawing.go:1309.5,1309.13 1 0
github.com/fumiama/go-docx/structdrawing.go:1313.2,1313.12 1 1
github.com/fumiama/go-docx/structdrawing.go:1317.36,1319.54 2 0
github.com/fumiama/go-docx/structdrawing.go:1319.54,1320.39 1 0
github.com/fumiama/go-docx/structdrawing.go:1320.39,1322.11 2 0
github.com/fumiama/go-docx/structdrawing.go:1323.24,1324.33 1 0
github.com/fumiama/go-docx/structdrawing.go:1325.65,1326.101 1 0
github.com/fumiama/go-docx/structdrawing.go:1327.12,1328.66 1 0
github.com/fumiama/go-docx/structdrawing.go:1330.4,1331.49 2 0
github.com/fumiama/go-docx/structdrawing.go:1331.49,1333.19 2 0
github.com/fumiama/go-docx/structdrawing.go:1333.19,1335.6 1 0
github.com/fumiama/go-docx/structdrawing.go:1335.11,1338.6 2 0
github.com/fumiama/go-docx/structdrawing.go:1340.4,1341.22 2 0
github.com/fumiama/go-docx/structdrawing.go:1343.3,1343.41 1 0
github.com/fumiama/go-docx/structdrawing.go:1343.41,1345.11 2 0
github.com/fumiama/go-docx/structdrawing.go:1346.24,1347.33 1 0
github.com/fumiama/go-docx/structdrawing.go:1348.50,1349.59 1 0
github.com/fumiama/go-docx/structdrawing.go:1350.49,1351.67 1 0
github.com/fumiama/go-docx/structdrawing.go:1352.12,1353.26 1 0
github.com/fumiama/go-docx/structdrawing.go:1355.4,1356.47 2 0
github.com/fumiama/go-docx/structdrawing.go:1356.47,1358.5 1 0
github.com/fumiama/go-docx/structdrawing.go:1359.4,1360.22 2 0
github.com/fumiama/go-docx/structdrawing.go:1362.3,1362.42 1 0
github.com/fumiama/go-docx/structdrawing.go:1362.42,1364.22 2 0
github.com/fumiama/go-docx/structdrawing.go:1364.22,1366.5 1 0
github.com/fumiama/go-docx/structdrawing.go:1366.10,1368.5 1 0
github.com/fumiama/go-docx/structdrawing.go:1369.4,1370.22 2 0
github.com/fumiama/go-docx/structdrawing.go:1373.2,1373.28 1 0
github.com/fumiama/go-docx/structdrawing.go:1376.50,1377.38 1 0
github.com/fumiama/go-docx/structdrawing.go:1377.38,1378.48 1 0
github.com/fumiama/go-docx/structdrawing.go:1378.48,1380.18 2 0
github.com/fumiama/go-docx/structdrawing.go:1380.18,1382.5 1 0
github.com/fumiama/go-docx/structdrawing.go:1383.4,1388.16 6 0
github.com/fumiama/go-docx/structdrawing.go:1388.16,1390.5 1 0
github.com/fumiama/go-docx/structdrawing.go:1391.4,1421.16 15 0
github.com/fumiama/go-docx/structdrawing.go:1423.3,1423.13 1 0
github.com/fumiama/go-docx/structdrawing.go:1425.2,1425.40 1 0
github.com/fumiama/go-docx/structdrawing.go:1425.40,1427.3 1 0
github.com/fumiama/go-docx/structdrawing.go:1428.2,1428.41 1 0
github.com/fumiama/go-docx/structdrawing.go:1428.41,1430.3 1 0
github.com/fumiama/go-docx/structdrawing.go:1431.2,1431.12 1 0
github.com/fumiama/go-docx/structdrawing.go:1449.82,1450.34 1 1
github.com/fumiama/go-docx/structdrawing.go:1450.34,1451.40 1 1
github.com/fumiama/go-docx/structdrawing.go:1451.40,1453.9 2 1
github.com/fumiama/go-docx/structdrawing.go:1456.2,1456.6 1 1
github.com/fumiama/go-docx/structdrawing.go:1456.6,1458.20 2 1
github.com/fumiama/go-docx/structdrawing.go:1458.20,1459.9 1 1
github.com/fumiama/go-docx/structdrawing.go:1461.3,1461.17 1 1
github.com/fumiama/go-docx/structdrawing.go:1461.17,1463.4 1 0
github.com/fumiama/go-docx/structdrawing.go:1465.3,1465.41 1 1
github.com/fumiama/go-docx/structdrawing.go:1465.41,1466.25 1 1
github.com/fumiama/go-docx/structdrawing.go:1467.21,1469.66 2 1
github.com/fumiama/go-docx/structdrawing.go:1469.66,1471.6 1 0
github.com/fumiama/go-docx/structdrawing.go:1472.12,1474.19 2 0
github.com/fumiama/go-docx/structdrawing.go:1474.19,1476.6 1 0
github.com/fumiama/go-docx/structdrawing.go:1477.5,1477.13 1 0
github.com/fumiama/go-docx/structdrawing.go:1481.2,1481.12 1 1
github.com/fumiama/go-docx/structdrawing.go:1492.82,1493.34 1 1
github.com/fumiama/go-docx/structdrawing.go:1493.34,1494.40 1 1
github.com/fumiama/go-docx/structdrawing.go:1494.40,1496.9 2 1
github.com/fumiama/go-docx/structdrawing.go:1499.2,1499.6 1 1
github.com/fumiama/go-docx/structdrawing.go:1499.6,1501.20 2 1
github.com/fumiama/go-docx/structdrawing.go:1501.20,1502.9 1 1
github.com/fumiama/go-docx/structdrawing.go:1504.3,1504.17 1 1
github.com/fumiama/go-docx/structdrawing.go:1504.17,1506.4 1 0
github.com/fumiama/go-docx/structdrawing.go:1508.3,1508.41 1 1
github.com/fumiama/go-docx/structdrawing.go:1508.41,1509.25 1 1
github.com/fumiama/go-docx/structdrawing.go:1510.21,1512.66 2 1
github.com/fumiama/go-docx/structdrawing.go:1512.66,1514.6 1 0
github.com/fumiama/go-docx/structdrawing.go:1515.12,1517.19 2 0
github.com/fumiama/go-docx/structdrawing.go:1517.19,1519.6 1 0
github.com/fumiama/go-docx/structdrawing.go:1520.5,1520.13 1 0
github.com/fumiama/go-docx/structdrawing.go:1524.2,1524.12 1 1
github.com/fumiama/go-docx/structeffects.go:130.76,131.34 1 1
github.com/fumiama/go-docx/structeffects.go:131.34,132.26 1 1
github.com/fumiama/go-docx/structeffects.go:133.14,134.22 1 1
github.com/fumiama/go-docx/structeffects.go:135.16,136.24 1 1
github.com/fumiama/go-docx/structeffects.go:137.15,138.23 1 1
github.com/fumiama/go-docx/structeffects.go:139.20,140.28 1 0
github.com/fumiama/go-docx/structeffects.go:141.24,142.32 1 0
github.com/fumiama/go-docx/structeffects.go:143.11,143.11 0 0
github.com/fumiama/go-docx/structeffects.go:148.2,149.12 2 1
github.com/fumiama/go-docx/structeffects.go:192.86,193.34 1 1
github.com/fumiama/go-docx/structeffects.go:193.34,194.26 1 1
github.com/fumiama/go-docx/structeffects.go:195.17,196.25 1 1
github.com/fumiama/go-docx/structeffects.go:197.11,197.11 0 0
github.com/fumiama/go-docx/structeffects.go:201.2,201.6 1 1
github.com/fumiama/go-docx/structeffects.go:201.6,203.20 2 1
github.com/fumiama/go-docx/structeffects.go:203.20,204.9 1 1
github.com/fumiama/go-docx/structeffects.go:206.3,206.17 1 1
github.com/fumiama/go-docx/structeffects.go:206.17,208.4 1 0
github.com/fumiama/go-docx/structeffects.go:210.3,210.41 1 1
github.com/fumiama/go-docx/structeffects.go:210.41,211.25 1 1
github.com/fumiama/go-docx/structeffects.go:212.16,214.66 2 1
github.com/fumiama/go-docx/structeffects.go:214.66,216.6 1 0
github.com/fumiama/go-docx/structeffects.go:217.20,218.46 1 1
github.com/fumiama/go-docx/structeffects.go:219.21,222.66 3 0
github.com/fumiama/go-docx/structeffects.go:222.66,224.6 1 0
github.com/fumiama/go-docx/structeffects.go:225.5,225.25 1 0
github.com/fumiama/go-docx/structeffects.go:226.20,229.66 3 0
github.com/fumiama/go-docx/structeffects.go:229.66,231.6 1 0
github.com/fumiama/go-docx/structeffects.go:232.5,232.24 1 0
github.com/fumiama/go-docx/structeffects.go:233.18,234.27 1 1
github.com/fumiama/go-docx/structeffects.go:235.14,238.66 3 1
github.com/fumiama/go-docx/structeffects.go:238.66,240.6 1 0
github.com/fumiama/go-docx/structeffects.go:241.5,241.17 1 1
github.com/fumiama/go-docx/structeffects.go:242.12,244.19 2 1
github.com/fumiama/go-docx/structeffects.go:244.19,246.6 1 0
github.com/fumiama/go-docx/structeffects.go:247.5,247.13 1 1
github.com/fumiama/go-docx/structeffects.go:251.2,251.12 1 1
github.com/fumiama/go-docx/structeffects.go:261.96,262.34 1 0
github.com/fumiama/go-docx/structeffects.go:262.34,263.26 1 0
github.com/fumiama/go-docx/structeffects.go:264.13,266.18 2 0
github.com/fumiama/go-docx/structeffects.go:266.18,268.5 1 0
github.com/fumiama/go-docx/structeffects.go:269.15,270.23 1 0
github.com/fumiama/go-docx/structeffects.go:271.11,271.11 0 0
github.com/fumiama/go-docx/structeffects.go:276.2,277.8 2 0
github.com/fumiama/go-docx/structeffects.go:293.84,294.34 1 1
github.com/fumiama/go-docx/structeffects.go:294.34,295.26 1 1
github.com/fumiama/go-docx/structeffects.go:296.14,298.18 2 0
github.com/fumiama/go-docx/structeffects.go:298.18,300.5 1 0
github.com/fumiama/go-docx/structeffects.go:301.22,303.18 2 0
github.com/fumiama/go-docx/structeffects.go:303.18,305.5 1 0
github.com/fumiama/go-docx/structeffects.go:306.17,308.18 2 0
github.com/fumiama/go-docx/structeffects.go:308.18,310.5 1 0
github.com/fumiama/go-docx/structeffects.go:311.15,313.18 2 1
github.com/fumiama/go-docx/structeffects.go:313.18,315.5 1 0
github.com/fumiama/go-docx/structeffects.go:316.19,317.27 1 1
github.com/fumiama/go-docx/structeffects.go:318.11,318.11 0 1
github.com/fumiama/go-docx/structeffects.go:323.2,324.8 2 1
github.com/fumiama/go-docx/structeffects.go:340.80,341.34 1 0
github.com/fumiama/go-docx/structeffects.go:341.34,342.26 1 0
github.com/fumiama/go-docx/structeffects.go:343.20,344.24 1 0
github.com/fumiama/go-docx/structeffects.go:344.24,345.13 1 0
github.com/fumiama/go-docx/structeffects.go:347.4,348.18 2 0
github.com/fumiama/go-docx/structeffects.go:348.18,350.5 1 0
github.com/fumiama/go-docx/structeffects.go:351.15,352.24 1 0
github.com/fumiama/go-docx/structeffects.go:352.24,353.13 1 0
github.com/fumiama/go-docx/structeffects.go:355.4,356.18 2 0
github.com/fumiama/go-docx/structeffects.go:356.18,358.5 1 0
github.com/fumiama/go-docx/structeffects.go:359.25,360.24 1 0
github.com/fumiama/go-docx/structeffects.go:360.24,361.13 1 0
github.com/fumiama/go-docx/structeffects.go:363.4,364.18 2 0
github.com/fumiama/go-docx/structeffects.go:364.18,366.5 1 0
github.com/fumiama/go-docx/structeffects.go:367.20,368.24 1 0
github.com/fumiama/go-docx/structeffects.go:368.24,369.13 1 0
github.com/fumiama/go-docx/structeffects.go:371.4,372.18 2 0
github.com/fumiama/go-docx/structeffects.go:372.18,374.5 1 0
github.com/fumiama/go-docx/structeffects.go:375.23,376.24 1 0
github.com/fumiama/go-docx/structeffects.go:376.24,377.13 1 0
github.com/fumiama/go-docx/structeffects.go:379.4,380.18 2 0
github.com/fumiama/go-docx/structeffects.go:380.18,382.5 1 0
github.com/fumiama/go-docx/structeffects.go:383.18,384.24 1 0
github.com/fumiama/go-docx/structeffects.go:384.24,385.13 1 0
github.com/fumiama/go-docx/structeffects.go:387.4,388.18 2 0
github.com/fumiama/go-docx/structeffects.go:388.18,390.5 1 0
github.com/fumiama/go-docx/structeffects.go:391.11,391.11 0 0
github.com/fumiama/go-docx/structeffects.go:396.2,397.8 2 0
github.com/fumiama/go-docx/structgroup.go:40.86,41.6 1 1
github.com/fumiama/go-docx/structgroup.go:41.6,43.20 2 1
github.com/fumiama/go-docx/structgroup.go:43.20,44.9 1 1
github.com/fumiama/go-docx/structgroup.go:46.3,46.17 1 1
github.com/fumiama/go-docx/structgroup.go:46.17,48.4 1 0
github.com/fumiama/go-docx/structgroup.go:50.3,50.41 1 1
github.com/fumiama/go-docx/structgroup.go:50.41,51.25 1 1
github.com/fumiama/go-docx/structgroup.go:52.22,55.66 3 1
github.com/fumiama/go-docx/structgroup.go:55.66,57.6 1 0
github.com/fumiama/go-docx/structgroup.go:58.5,58.26 1 1
github.com/fumiama/go-docx/structgroup.go:59.19,62.66 3 1
github.com/fumiama/go-docx/structgroup.go:62.66,64.6 1 0
github.com/fumiama/go-docx/structgroup.go:65.5,65.36 1 1
github.com/fumiama/go-docx/structgroup.go:66.15,69.66 3 0
github.com/fumiama/go-docx/structgroup.go:69.66,71.6 1 0
github.com/fumiama/go-docx/structgroup.go:72.5,72.38 1 0
github.com/fumiama/go-docx/structgroup.go:73.15,77.66 4 0
github.com/fumiama/go-docx/structgroup.go:77.66,79.6 1 0
github.com/fumiama/go-docx/structgroup.go:80.5,80.38 1 0
github.com/fumiama/go-docx/structgroup.go:81.15,85.66 4 0
github.com/fumiama/go-docx/structgroup.go:85.66,87.6 1 0
github.com/fumiama/go-docx/structgroup.go:88.5,88.38 1 0
github.com/fumiama/go-docx/structgroup.go:89.17,93.66 4 0
github.com/fumiama/go-docx/structgroup.go:93.66,95.6 1 0
github.com/fumiama/go-docx/structgroup.go:96.5,96.38 1 0
github.com/fumiama/go-docx/structgroup.go:97.12,99.19 2 0
github.com/fumiama/go-docx/structgroup.go:99.19,101.6 1 0
github.com/fumiama/go-docx/structgroup.go:102.5,102.13 1 0
github.com/fumiama/go-docx/structgroup.go:106.2,106.12 1 1
github.com/fumiama/go-docx/structgroup.go:116.80,117.6 1 1
github.com/fumiama/go-docx/structgroup.go:117.6,119.20 2 1
github.com/fumiama/go-docx/structgroup.go:119.20,120.9 1 1
github.com/fumiama/go-docx/structgroup.go:122.3,122.17 1 1
github.com/fumiama/go-docx/structgroup.go:122.17,124.4 1 0
github.com/fumiama/go-docx/structgroup.go:126.3,126.41 1 1
github.com/fumiama/go-docx/structgroup.go:126.41,127.25 1 1
github.com/fumiama/go-docx/structgroup.go:128.22,131.19 3 1
github.com/fumiama/go-docx/structgroup.go:131.19,133.6 1 0
github.com/fumiama/go-docx/structgroup.go:134.12,136.19 2 0
github.com/fumiama/go-docx/structgroup.go:136.19,138.6 1 0
github.com/fumiama/go-docx/structgroup.go:139.5,139.13 1 0
github.com/fumiama/go-docx/structgroup.go:143.2,143.12 1 1
github.com/fumiama/go-docx/structgroup.go:163.80,164.6 1 1
github.com/fumiama/go-docx/structgroup.go:164.6,166.20 2 1
github.com/fumiama/go-docx/structgroup.go:166.20,167.9 1 1
github.com/fumiama/go-docx/structgroup.go:169.3,169.17 1 1
github.com/fumiama/go-docx/structgroup.go:169.17,171.4 1 0
github.com/fumiama/go-docx/structgroup.go:173.3,173.41 1 1
github.com/fumiama/go-docx/structgroup.go:173.41,174.25 1 1
github.com/fumiama/go-docx/structgroup.go:175.17,178.66 3 0
github.com/fumiama/go-docx/structgroup.go:178.66,180.6 1 0
github.com/fumiama/go-docx/structgroup.go:181.5,181.21 1 0
github.com/fumiama/go-docx/structgroup.go:182.22,185.66 3 0
github.com/fumiama/go-docx/structgroup.go:185.66,187.6 1 0
github.com/fumiama/go-docx/structgroup.go:188.5,188.26 1 0
github.com/fumiama/go-docx/structgroup.go:189.19,192.66 3 0
github.com/fumiama/go-docx/structgroup.go:192.66,194.6 1 0
github.com/fumiama/go-docx/structgroup.go:195.5,195.36 1 0
github.com/fumiama/go-docx/structgroup.go:196.15,199.66 3 0
github.com/fumiama/go-docx/structgroup.go:199.66,201.6 1 0
github.com/fumiama/go-docx/structgroup.go:202.5,202.38 1 0
github.com/fumiama/go-docx/structgroup.go:203.15,207.66 4 0
github.com/fumiama/go-docx/structgroup.go:207.66,209.6 1 0
github.com/fumiama/go-docx/structgroup.go:210.5,210.38 1 0
github.com/fumiama/go-docx/structgroup.go:211.15,215.66 4 0
github.com/fumiama/go-docx/structgroup.go:215.66,217.6 1 0
github.com/fumiama/go-docx/structgroup.go:218.5,218.38 1 0
github.com/fumiama/go-docx/structgroup.go:219.12,221.19 2 1
github.com/fumiama/go-docx/structgroup.go:221.19,223.6 1 0
github.com/fumiama/go-docx/structgroup.go:224.5,224.13 1 1
github.com/fumiama/go-docx/structgroup.go:228.2,228.12 1 1
github.com/fumiama/go-docx/structlink.go:37.76,38.6 1 1
github.com/fumiama/go-docx/structlink.go:38.6,40.20 2 1
github.com/fumiama/go-docx/structlink.go:40.20,41.9 1 1
github.com/fumiama/go-docx/structlink.go:43.3,43.17 1 1
github.com/fumiama/go-docx/structlink.go:43.17,45.4 1 0
github.com/fumiama/go-docx/structlink.go:47.3,47.41 1 1
github.com/fumiama/go-docx/structlink.go:47.41,48.28 1 1
github.com/fumiama/go-docx/structlink.go:48.28,50.66 2 1
github.com/fumiama/go-docx/structlink.go:50.66,52.6 1 0
github.com/fumiama/go-docx/structlink.go:53.5,53.13 1 1
github.com/fumiama/go-docx/structlink.go:55.4,56.18 2 0
github.com/fumiama/go-docx/structlink.go:56.18,58.5 1 0
github.com/fumiama/go-docx/structlink.go:61.2,61.12 1 1
github.com/fumiama/go-docx/structnum.go:45.80,46.6 1 1
github.com/fumiama/go-docx/structnum.go:46.6,48.20 2 1
github.com/fumiama/go-docx/structnum.go:48.20,49.9 1 1
github.com/fumiama/go-docx/structnum.go:51.3,51.17 1 1
github.com/fumiama/go-docx/structnum.go:51.17,53.4 1 0
github.com/fumiama/go-docx/structnum.go:55.3,55.41 1 1
github.com/fumiama/go-docx/structnum.go:55.41,56.25 1 1
github.com/fumiama/go-docx/structnum.go:57.17,60.21 3 1
github.com/fumiama/go-docx/structnum.go:61.16,64.20 3 1
github.com/fumiama/go-docx/structnum.go:65.12,67.19 2 0
github.com/fumiama/go-docx/structnum.go:67.19,69.6 1 0
github.com/fumiama/go-docx/structnum.go:70.5,70.13 1 0
github.com/fumiama/go-docx/structnum.go:75.2,75.12 1 1
github.com/fumiama/go-docx/structpara.go:52.86,53.6 1 1
github.com/fumiama/go-docx/structpara.go:53.6,55.20 2 1
github.com/fumiama/go-docx/structpara.go:55.20,56.9 1 1
github.com/fumiama/go-docx/structpara.go:58.3,58.17 1 1
github.com/fumiama/go-docx/structpara.go:58.17,60.4 1 0
github.com/fumiama/go-docx/structpara.go:61.3,61.41 1 1
github.com/fumiama/go-docx/structpara.go:61.41,62.25 1 1
github.com/fumiama/go-docx/structpara.go:63.16,66.66 3 1
github.com/fumiama/go-docx/structpara.go:66.66,68.6 1 0
github.com/fumiama/go-docx/structpara.go:69.5,69.20 1 1
github.com/fumiama/go-docx/structpara.go:70.19,73.66 3 1
github.com/fumiama/go-docx/structpara.go:73.66,75.6 1 0
github.com/fumiama/go-docx/structpara.go:76.5,76.23 1 1
github.com/fumiama/go-docx/structpara.go:77.15,80.66 3 0
github.com/fumiama/go-docx/structpara.go:80.66,82.6 1 0
github.com/fumiama/go-docx/structpara.go:83.5,83.19 1 0
github.com/fumiama/go-docx/structpara.go:84.14,85.66 1 1
github.com/fumiama/go-docx/structpara.go:86.15,89.66 3 0
github.com/fumiama/go-docx/structpara.go:89.66,91.6 1 0
github.com/fumiama/go-docx/structpara.go:92.5,92.21 1 0
github.com/fumiama/go-docx/structpara.go:93.16,96.16 3 0
github.com/fumiama/go-docx/structpara.go:96.16,97.14 1 0
github.com/fumiama/go-docx/structpara.go:99.5,100.19 2 0
github.com/fumiama/go-docx/structpara.go:100.19,102.6 1 0
github.com/fumiama/go-docx/structpara.go:103.5,103.20 1 0
github.com/fumiama/go-docx/structpara.go:104.15,107.66 3 1
github.com/fumiama/go-docx/structpara.go:107.66,109.6 1 0
github.com/fumiama/go-docx/structpara.go:110.5,110.29 1 1
github.com/fumiama/go-docx/structpara.go:111.18,112.50 1 1
github.com/fumiama/go-docx/structpara.go:113.17,116.66 3 0
github.com/fumiama/go-docx/structpara.go:116.66,118.6 1 0
github.com/fumiama/go-docx/structpara.go:119.5,119.29 1 0
github.com/fumiama/go-docx/structpara.go:120.25,121.66 1 0
github.com/fumiama/go-docx/structpara.go:122.26,125.16 3 0
github.com/fumiama/go-docx/structpara.go:125.16,126.14 1 0
github.com/fumiama/go-docx/structpara.go:128.5,129.19 2 0
github.com/fumiama/go-docx/structpara.go:129.19,131.6 1 0
github.com/fumiama/go-docx/structpara.go:132.5,132.30 1 0
github.com/fumiama/go-docx/structpara.go:133.22,136.16 3 0
github.com/fumiama/go-docx/structpara.go:136.16,137.14 1 0
github.com/fumiama/go-docx/structpara.go:139.5,140.19 2 0
github.com/fumiama/go-docx/structpara.go:140.19,142.6 1 0
github.com/fumiama/go-docx/structpara.go:143.5,143.26 1 0
github.com/fumiama/go-docx/structpara.go:144.19,147.16 3 0
github.com/fumiama/go-docx/structpara.go:147.16,148.14 1 0
github.com/fumiama/go-docx/structpara.go:150.5,151.19 2 0
github.com/fumiama/go-docx/structpara.go:151.19,153.6 1 0
github.com/fumiama/go-docx/structpara.go:154.5,154.23 1 0
github.com/fumiama/go-docx/structpara.go:155.25,158.16 3 0
github.com/fumiama/go-docx/structpara.go:158.16,159.14 1 0
github.com/fumiama/go-docx/structpara.go:161.5,162.19 2 0
github.com/fumiama/go-docx/structpara.go:162.19,164.6 1 0
github.com/fumiama/go-docx/structpara.go:165.5,165.29 1 0
github.com/fumiama/go-docx/structpara.go:167.12,169.19 2 0
github.com/fumiama/go-docx/structpara.go:169.19,171.6 1 0
github.com/fumiama/go-docx/structpara.go:172.5,172.13 1 0
github.com/fumiama/go-docx/structpara.go:176.2,176.12 1 1
github.com/fumiama/go-docx/structpara.go:194.37,196.104 2 1
github.com/fumiama/go-docx/structpara.go:196.104,198.17 2 0
github.com/fumiama/go-docx/structpara.go:198.17,200.4 1 0
github.com/fumiama/go-docx/structpara.go:202.2,202.31 1 1
github.com/fumiama/go-docx/structpara.go:202.31,203.24 1 1
github.com/fumiama/go-docx/structpara.go:204.19,211.18 7 1
github.com/fumiama/go-docx/structpara.go:211.18,213.5 1 0
github.com/fumiama/go-docx/structpara.go:213.10,215.5 1 1
github.com/fumiama/go-docx/structpara.go:216.4,216.21 1 1
github.com/fumiama/go-docx/structpara.go:217.13,218.33 1 1
github.com/fumiama/go-docx/structpara.go:218.33,219.26 1 1
github.com/fumiama/go-docx/structpara.go:220.16,221.28 1 1
github.com/fumiama/go-docx/structpara.go:222.15,223.24 1 0
github.com/fumiama/go-docx/structpara.go:224.24,225.24 1 0
github.com/fumiama/go-docx/structpara.go:226.19,227.25 1 0
github.com/fumiama/go-docx/structpara.go:227.25,229.15 2 0
github.com/fumiama/go-docx/structpara.go:231.6,231.25 1 0
github.com/fumiama/go-docx/structpara.go:231.25,233.15 2 0
github.com/fumiama/go-docx/structpara.go:237.11,238.12 1 0
github.com/fumiama/go-docx/structpara.go:241.2,241.20 1 1
github.com/fumiama/go-docx/structpara.go:245.76,261.6 2 1
github.com/fumiama/go-docx/structpara.go:261.6,263.20 2 1
github.com/fumiama/go-docx/structpara.go:263.20,264.9 1 1
github.com/fumiama/go-docx/structpara.go:266.3,266.17 1 1
github.com/fumiama/go-docx/structpara.go:266.17,268.4 1 0
github.com/fumiama/go-docx/structpara.go:269.3,269.41 1 1
github.com/fumiama/go-docx/structpara.go:269.41,271.25 2 1
github.com/fumiama/go-docx/structpara.go:272.21,275.66 3 1
github.com/fumiama/go-docx/structpara.go:275.66,277.6 1 0
github.com/fumiama/go-docx/structpara.go:278.5,280.17 3 1
github.com/fumiama/go-docx/structpara.go:280.17,282.6 1 1
github.com/fumiama/go-docx/structpara.go:283.5,283.21 1 1
github.com/fumiama/go-docx/structpara.go:283.21,285.6 1 1
github.com/fumiama/go-docx/structpara.go:286.5,286.18 1 1
github.com/fumiama/go-docx/structpara.go:287.13,291.66 4 1
github.com/fumiama/go-docx/structpara.go:291.66,293.6 1 0
github.com/fumiama/go-docx/structpara.go:294.5,294.18 1 1
github.com/fumiama/go-docx/structpara.go:295.15,298.66 3 0
github.com/fumiama/go-docx/structpara.go:298.66,300.6 1 0
github.com/fumiama/go-docx/structpara.go:301.5,301.18 1 0
github.com/fumiama/go-docx/structpara.go:302.15,305.66 3 1
github.com/fumiama/go-docx/structpara.go:305.66,307.6 1 0
github.com/fumiama/go-docx/structpara.go:308.5,309.13 2 1
github.com/fumiama/go-docx/structpara.go:310.12,312.19 2 1
github.com/fumiama/go-docx/structpara.go:312.19,314.6 1 0
github.com/fumiama/go-docx/structpara.go:315.5,315.13 1 1
github.com/fumiama/go-docx/structpara.go:317.4,317.37 1 1
github.com/fumiama/go-docx/structpara.go:320.2,321.12 2 1
github.com/fumiama/go-docx/structpara.go:327.50,330.25 3 1
github.com/fumiama/go-docx/structpara.go:330.25,332.3 1 1
github.com/fumiama/go-docx/structpara.go:333.2,333.34 1 1
github.com/fumiama/go-docx/structpara.go:333.34,335.9 2 1
github.com/fumiama/go-docx/structpara.go:335.9,337.4 1 1
github.com/fumiama/go-docx/structpara.go:339.2,339.20 1 1
github.com/fumiama/go-docx/structpara.go:343.34,344.32 1 1
github.com/fumiama/go-docx/structpara.go:344.32,345.29 1 1
github.com/fumiama/go-docx/structpara.go:345.29,347.34 2 1
github.com/fumiama/go-docx/structpara.go:347.34,348.35 1 1
github.com/fumiama/go-docx/structpara.go:348.35,349.91 1 0
github.com/fumiama/go-docx/structpara.go:349.91,350.53 1 0
github.com/fumiama/go-docx/structpara.go:350.53,351.16 1 0
github.com/fumiama/go-docx/structpara.go:354.6,354.91 1 0
github.com/fumiama/go-docx/structpara.go:354.91,355.53 1 0
github.com/fumiama/go-docx/structpara.go:355.53,356.16 1 0
github.com/fumiama/go-docx/structpara.go:360.5,360.26 1 1
github.com/fumiama/go-docx/structpara.go:362.4,362.20 1 1
github.com/fumiama/go-docx/structpara.go:368.33,369.32 1 1
github.com/fumiama/go-docx/structpara.go:369.32,370.29 1 1
github.com/fumiama/go-docx/structpara.go:370.29,372.34 2 1
github.com/fumiama/go-docx/structpara.go:372.34,373.35 1 1
github.com/fumiama/go-docx/structpara.go:373.35,374.91 1 0
github.com/fumiama/go-docx/structpara.go:374.91,375.52 1 0
github.com/fumiama/go-docx/structpara.go:375.52,376.16 1 0
github.com/fumiama/go-docx/structpara.go:379.6,379.91 1 0
github.com/fumiama/go-docx/structpara.go:379.91,380.52 1 0
github.com/fumiama/go-docx/structpara.go:380.52,381.16 1 0
github.com/fumiama/go-docx/structpara.go:385.5,385.26 1 1
github.com/fumiama/go-docx/structpara.go:387.4,387.20 1 1
github.com/fumiama/go-docx/structpara.go:393.33,394.32 1 1
github.com/fumiama/go-docx/structpara.go:394.32,395.29 1 1
github.com/fumiama/go-docx/structpara.go:395.29,397.34 2 1
github.com/fumiama/go-docx/structpara.go:397.34,398.35 1 1
github.com/fumiama/go-docx/structpara.go:398.35,399.91 1 0
github.com/fumiama/go-docx/structpara.go:399.91,400.52 1 0
github.com/fumiama/go-docx/structpara.go:400.52,401.16 1 0
github.com/fumiama/go-docx/structpara.go:404.6,404.91 1 0
github.com/fumiama/go-docx/structpara.go:404.91,405.52 1 0
github.com/fumiama/go-docx/structpara.go:405.52,406.16 1 0
github.com/fumiama/go-docx/structpara.go:410.5,410.26 1 1
github.com/fumiama/go-docx/structpara.go:412.4,412.20 1 1
github.com/fumiama/go-docx/structpara.go:418.42,419.32 1 1
github.com/fumiama/go-docx/structpara.go:419.32,420.29 1 1
github.com/fumiama/go-docx/structpara.go:420.29,422.34 2 1
github.com/fumiama/go-docx/structpara.go:422.34,423.35 1 1
github.com/fumiama/go-docx/structpara.go:423.35,424.91 1 0
github.com/fumiama/go-docx/structpara.go:424.91,425.98 1 0
github.com/fumiama/go-docx/structpara.go:425.98,426.16 1 0
github.com/fumiama/go-docx/structpara.go:429.6,429.91 1 0
github.com/fumiama/go-docx/structpara.go:429.91,430.98 1 0
github.com/fumiama/go-docx/structpara.go:430.98,431.16 1 0
github.com/fumiama/go-docx/structpara.go:435.5,435.26 1 1
github.com/fumiama/go-docx/structpara.go:437.4,437.20 1 1
github.com/fumiama/go-docx/structpara.go:443.50,444.32 1 1
github.com/fumiama/go-docx/structpara.go:444.32,445.29 1 1
github.com/fumiama/go-docx/structpara.go:445.29,447.34 2 1
github.com/fumiama/go-docx/structpara.go:447.34,448.35 1 1
github.com/fumiama/go-docx/structpara.go:448.35,449.91 1 0
github.com/fumiama/go-docx/structpara.go:449.91,450.143 1 0
github.com/fumiama/go-docx/structpara.go:450.143,451.16 1 0
github.com/fumiama/go-docx/structpara.go:454.6,454.91 1 0
github.com/fumiama/go-docx/structpara.go:454.91,455.143 1 0
github.com/fumiama/go-docx/structpara.go:455.143,456.16 1 0
github.com/fumiama/go-docx/structpara.go:460.5,460.26 1 1
github.com/fumiama/go-docx/structpara.go:462.4,462.20 1 1
github.com/fumiama/go-docx/structpara.go:468.38,469.32 1 1
github.com/fumiama/go-docx/structpara.go:469.32,470.29 1 1
github.com/fumiama/go-docx/structpara.go:470.29,472.34 2 1
github.com/fumiama/go-docx/structpara.go:472.34,473.35 1 1
github.com/fumiama/go-docx/structpara.go:473.35,474.44 1 1
github.com/fumiama/go-docx/structpara.go:474.44,475.15 1 0
github.com/fumiama/go-docx/structpara.go:477.6,477.102 1 1
github.com/fumiama/go-docx/structpara.go:477.102,478.15 1 0
github.com/fumiama/go-docx/structpara.go:480.6,480.91 1 1
github.com/fumiama/go-docx/structpara.go:480.91,481.15 1 0
github.com/fumiama/go-docx/structpara.go:483.6,483.91 1 1
github.com/fumiama/go-docx/structpara.go:483.91,484.15 1 0
github.com/fumiama/go-docx/structpara.go:486.6,486.91 1 1
github.com/fumiama/go-docx/structpara.go:486.91,487.50 1 1
github.com/fumiama/go-docx/structpara.go:487.50,488.16 1 0
github.com/fumiama/go-docx/structpara.go:491.6,491.91 1 1
github.com/fumiama/go-docx/structpara.go:491.91,492.50 1 0
github.com/fumiama/go-docx/structpara.go:492.50,493.16 1 0
github.com/fumiama/go-docx/structpara.go:497.5,497.26 1 1
github.com/fumiama/go-docx/structpara.go:499.4,499.20 1 1
github.com/fumiama/go-docx/structrun.go:48.74,49.34 1 1
github.com/fumiama/go-docx/structrun.go:49.34,50.26 1 1
github.com/fumiama/go-docx/structrun.go:51.16,52.24 1 0
github.com/fumiama/go-docx/structrun.go:57.11,57.11 0 1
github.com/fumiama/go-docx/structrun.go:61.2,61.6 1 1
github.com/fumiama/go-docx/structrun.go:61.6,63.20 2 1
github.com/fumiama/go-docx/structrun.go:63.20,64.9 1 1
github.com/fumiama/go-docx/structrun.go:66.3,66.17 1 1
github.com/fumiama/go-docx/structrun.go:66.17,68.4 1 0
github.com/fumiama/go-docx/structrun.go:70.3,70.41 1 1
github.com/fumiama/go-docx/structrun.go:70.41,72.18 2 1
github.com/fumiama/go-docx/structrun.go:72.18,74.5 1 0
github.com/fumiama/go-docx/structrun.go:75.4,75.20 1 1
github.com/fumiama/go-docx/structrun.go:75.20,77.5 1 1
github.com/fumiama/go-docx/structrun.go:81.2,81.12 1 1
github.com/fumiama/go-docx/structrun.go:84.89,85.23 1 1
github.com/fumiama/go-docx/structrun.go:86.13,89.64 3 1
github.com/fumiama/go-docx/structrun.go:89.64,91.4 1 0
github.com/fumiama/go-docx/structrun.go:92.3,93.18 2 1
github.com/fumiama/go-docx/structrun.go:94.19,97.64 3 1
github.com/fumiama/go-docx/structrun.go:97.64,99.4 1 0
github.com/fumiama/go-docx/structrun.go:100.3,101.18 2 1
github.com/fumiama/go-docx/structrun.go:102.11,105.64 3 1
github.com/fumiama/go-docx/structrun.go:105.64,107.4 1 0
github.com/fumiama/go-docx/structrun.go:108.3,108.17 1 1
github.com/fumiama/go-docx/structrun.go:109.17,113.64 4 1
github.com/fumiama/go-docx/structrun.go:113.64,115.4 1 0
github.com/fumiama/go-docx/structrun.go:116.3,116.17 1 1
github.com/fumiama/go-docx/structrun.go:117.13,118.17 1 1
github.com/fumiama/go-docx/structrun.go:119.12,122.17 3 1
github.com/fumiama/go-docx/structrun.go:122.17,124.4 1 0
github.com/fumiama/go-docx/structrun.go:125.3,125.17 1 1
github.com/fumiama/go-docx/structrun.go:126.26,141.7 1 0
github.com/fumiama/go-docx/structrun.go:141.7,143.22 2 0
github.com/fumiama/go-docx/structrun.go:143.22,144.10 1 0
github.com/fumiama/go-docx/structrun.go:146.4,146.19 1 0
github.com/fumiama/go-docx/structrun.go:146.19,148.5 1 0
github.com/fumiama/go-docx/structrun.go:150.4,150.75 1 0
github.com/fumiama/go-docx/structrun.go:150.75,151.35 1 0
github.com/fumiama/go-docx/structrun.go:151.35,152.39 1 0
github.com/fumiama/go-docx/structrun.go:152.39,153.76 1 0
github.com/fumiama/go-docx/structrun.go:153.76,155.22 2 0
github.com/fumiama/go-docx/structrun.go:155.22,157.9 1 0
github.com/fumiama/go-docx/structrun.go:158.8,158.49 1 0
github.com/fumiama/go-docx/structrun.go:158.49,160.9 1 0
github.com/fumiama/go-docx/structrun.go:161.8,161.21 1 0
github.com/fumiama/go-docx/structrun.go:163.7,163.12 1 0
github.com/fumiama/go-docx/structrun.go:167.4,167.42 1 0
github.com/fumiama/go-docx/structrun.go:167.42,168.44 1 0
github.com/fumiama/go-docx/structrun.go:168.44,169.11 1 0
github.com/fumiama/go-docx/structrun.go:172.4,173.18 2 0
github.com/fumiama/go-docx/structrun.go:173.18,175.5 1 0
github.com/fumiama/go-docx/structrun.go:177.10,178.17 1 1
github.com/fumiama/go-docx/structrun.go:180.2,180.8 1 1
github.com/fumiama/go-docx/structrun.go:186.44,189.25 3 1
github.com/fumiama/go-docx/structrun.go:189.25,191.3 1 1
github.com/fumiama/go-docx/structrun.go:192.2,192.34 1 1
github.com/fumiama/go-docx/structrun.go:192.34,194.9 2 1
github.com/fumiama/go-docx/structrun.go:194.9,196.4 1 1
github.com/fumiama/go-docx/structrun.go:198.2,198.20 1 1
github.com/fumiama/go-docx/structrun.go:223.80,224.6 1 1
github.com/fumiama/go-docx/structrun.go:224.6,226.20 2 1
github.com/fumiama/go-docx/structrun.go:226.20,227.9 1 1
github.com/fumiama/go-docx/structrun.go:229.3,229.17 1 1
github.com/fumiama/go-docx/structrun.go:229.17,231.4 1 0
github.com/fumiama/go-docx/structrun.go:233.3,233.41 1 1
github.com/fumiama/go-docx/structrun.go:233.41,234.25 1 1
github.com/fumiama/go-docx/structrun.go:235.18,238.66 3 1
github.com/fumiama/go-docx/structrun.go:238.66,240.6 1 0
github.com/fumiama/go-docx/structrun.go:241.5,241.21 1 1
github.com/fumiama/go-docx/structrun.go:242.13,243.21 1 1
github.com/fumiama/go-docx/structrun.go:244.15,245.24 1 0
github.com/fumiama/go-docx/structrun.go:246.13,247.25 1 1
github.com/fumiama/go-docx/structrun.go:248.13,251.25 3 1
github.com/fumiama/go-docx/structrun.go:252.21,255.25 3 1
github.com/fumiama/go-docx/structrun.go:256.17,259.21 3 1
github.com/fumiama/go-docx/structrun.go:260.14,263.20 3 1
github.com/fumiama/go-docx/structrun.go:264.19,267.66 3 0
github.com/fumiama/go-docx/structrun.go:267.66,269.6 1 0
github.com/fumiama/go-docx/structrun.go:270.5,270.23 1 0
github.com/fumiama/go-docx/structrun.go:271.16,274.22 3 0
github.com/fumiama/go-docx/structrun.go:275.18,278.24 3 1
github.com/fumiama/go-docx/structrun.go:279.18,282.21 3 0
github.com/fumiama/go-docx/structrun.go:283.15,286.66 3 1
github.com/fumiama/go-docx/structrun.go:286.66,288.6 1 0
github.com/fumiama/go-docx/structrun.go:289.5,289.21 1 1
github.com/fumiama/go-docx/structrun.go:290.16,293.16 3 0
github.com/fumiama/go-docx/structrun.go:293.16,294.14 1 0
github.com/fumiama/go-docx/structrun.go:296.5,297.19 2 0
github.com/fumiama/go-docx/structrun.go:297.19,299.6 1 0
github.com/fumiama/go-docx/structrun.go:300.5,300.20 1 0
github.com/fumiama/go-docx/structrun.go:301.21,304.25 3 0
github.com/fumiama/go-docx/structrun.go:305.18,308.22 3 0
github.com/fumiama/go-docx/structrun.go:309.12,311.19 2 1
github.com/fumiama/go-docx/structrun.go:311.19,313.6 1 0
github.com/fumiama/go-docx/structrun.go:314.5,314.13 1 1
github.com/fumiama/go-docx/structrun.go:319.2,319.12 1 1
github.com/fumiama/go-docx/structrun.go:332.79,333.34 1 1
github.com/fumiama/go-docx/structrun.go:333.34,334.26 1 1
github.com/fumiama/go-docx/structrun.go:335.16,336.24 1 1
github.com/fumiama/go-docx/structrun.go:337.19,338.27 1 1
github.com/fumiama/go-docx/structrun.go:339.16,340.24 1 1
github.com/fumiama/go-docx/structrun.go:341.15,342.23 1 1
github.com/fumiama/go-docx/structrun.go:346.2,347.12 2 1
github.com/fumiama/go-docx/structsect.go:65.76,66.6 1 1
github.com/fumiama/go-docx/structsect.go:66.6,68.20 2 1
github.com/fumiama/go-docx/structsect.go:68.20,69.9 1 1
github.com/fumiama/go-docx/structsect.go:71.3,71.17 1 1
github.com/fumiama/go-docx/structsect.go:71.17,73.4 1 0
github.com/fumiama/go-docx/structsect.go:74.3,74.41 1 1
github.com/fumiama/go-docx/structsect.go:74.41,75.25 1 1
github.com/fumiama/go-docx/structsect.go:76.16,79.66 3 1
github.com/fumiama/go-docx/structsect.go:79.66,81.6 1 0
github.com/fumiama/go-docx/structsect.go:82.5,82.23 1 1
github.com/fumiama/go-docx/structsect.go:83.17,86.66 3 1
github.com/fumiama/go-docx/structsect.go:86.66,88.6 1 0
github.com/fumiama/go-docx/structsect.go:89.5,89.24 1 1
github.com/fumiama/go-docx/structsect.go:90.16,93.66 3 1
github.com/fumiama/go-docx/structsect.go:93.66,95.6 1 0
github.com/fumiama/go-docx/structsect.go:96.5,96.23 1 1
github.com/fumiama/go-docx/structsect.go:97.19,100.66 3 1
github.com/fumiama/go-docx/structsect.go:100.66,102.6 1 0
github.com/fumiama/go-docx/structsect.go:103.5,103.26 1 1
github.com/fumiama/go-docx/structsect.go:104.12,106.19 2 1
github.com/fumiama/go-docx/structsect.go:106.19,108.6 1 0
github.com/fumiama/go-docx/structsect.go:112.2,112.12 1 1
github.com/fumiama/go-docx/structsect.go:116.78,119.34 2 1
github.com/fumiama/go-docx/structsect.go:119.34,120.26 1 1
github.com/fumiama/go-docx/structsect.go:121.12,123.18 2 1
github.com/fumiama/go-docx/structsect.go:123.18,125.5 1 0
github.com/fumiama/go-docx/structsect.go:126.12,128.18 2 1
github.com/fumiama/go-docx/structsect.go:128.18,130.5 1 0
github.com/fumiama/go-docx/structsect.go:131.11,131.11 0 0
github.com/fumiama/go-docx/structsect.go:136.2,137.12 2 1
github.com/fumiama/go-docx/structsect.go:141.80,144.34 2 1
github.com/fumiama/go-docx/structsect.go:144.34,145.26 1 1
github.com/fumiama/go-docx/structsect.go:146.14,148.18 2 1
github.com/fumiama/go-docx/structsect.go:148.18,150.5 1 0
github.com/fumiama/go-docx/structsect.go:151.15,153.18 2 1
github.com/fumiama/go-docx/structsect.go:153.18,155.5 1 0
github.com/fumiama/go-docx/structsect.go:156.17,158.18 2 1
github.com/fumiama/go-docx/structsect.go:158.18,160.5 1 0
github.com/fumiama/go-docx/structsect.go:161.16,163.18 2 1
github.com/fumiama/go-docx/structsect.go:163.18,165.5 1 0
github.com/fumiama/go-docx/structsect.go:166.17,168.18 2 1
github.com/fumiama/go-docx/structsect.go:168.18,170.5 1 0
github.com/fumiama/go-docx/structsect.go:171.17,173.18 2 1
github.com/fumiama/go-docx/structsect.go:173.18,175.5 1 0
github.com/fumiama/go-docx/structsect.go:176.17,178.18 2 1
github.com/fumiama/go-docx/structsect.go:178.18,180.5 1 0
github.com/fumiama/go-docx/structsect.go:181.11,181.11 0 0
github.com/fumiama/go-docx/structsect.go:186.2,187.12 2 1
github.com/fumiama/go-docx/structsect.go:191.78,194.34 2 1
github.com/fumiama/go-docx/structsect.go:194.34,195.26 1 1
github.com/fumiama/go-docx/structsect.go:196.16,198.18 2 1
github.com/fumiama/go-docx/structsect.go:198.18,200.5 1 0
github.com/fumiama/go-docx/structsect.go:201.11,201.11 0 0
github.com/fumiama/go-docx/structsect.go:206.2,207.12 2 1
github.com/fumiama/go-docx/structsect.go:211.79,214.34 2 1
github.com/fumiama/go-docx/structsect.go:214.34,215.26 1 1
github.com/fumiama/go-docx/structsect.go:216.20,218.18 2 1
github.com/fumiama/go-docx/structsect.go:218.18,220.5 1 0
github.com/fumiama/go-docx/structsect.go:221.15,222.24 1 0
github.com/fumiama/go-docx/structsect.go:223.11,223.11 0 0
github.com/fumiama/go-docx/structsect.go:228.2,229.12 2 1
github.com/fumiama/go-docx/structshape.go:43.86,44.6 1 1
github.com/fumiama/go-docx/structshape.go:44.6,46.20 2 1
github.com/fumiama/go-docx/structshape.go:46.20,47.9 1 1
github.com/fumiama/go-docx/structshape.go:49.3,49.17 1 1
github.com/fumiama/go-docx/structshape.go:49.17,51.4 1 0
github.com/fumiama/go-docx/structshape.go:53.3,53.41 1 1
github.com/fumiama/go-docx/structshape.go:53.41,54.25 1 1
github.com/fumiama/go-docx/structshape.go:55.17,58.66 3 0
github.com/fumiama/go-docx/structshape.go:58.66,60.6 1 0
github.com/fumiama/go-docx/structshape.go:61.19,64.66 3 1
github.com/fumiama/go-docx/structshape.go:64.66,66.6 1 0
github.com/fumiama/go-docx/structshape.go:67.19,70.66 3 1
github.com/fumiama/go-docx/structshape.go:70.66,72.6 1 0
github.com/fumiama/go-docx/structshape.go:73.16,76.66 3 1
github.com/fumiama/go-docx/structshape.go:76.66,78.6 1 0
github.com/fumiama/go-docx/structshape.go:79.16,83.66 4 0
github.com/fumiama/go-docx/structshape.go:83.66,85.6 1 0
github.com/fumiama/go-docx/structshape.go:86.5,86.23 1 0
github.com/fumiama/go-docx/structshape.go:87.18,90.66 3 1
[...]
github.com/fumiama/go-docx/structtable.go:204.23,206.18 2 1
github.com/fumiama/go-docx/structtable.go:206.18,208.5 1 0
github.com/fumiama/go-docx/structtable.go:209.24,211.18 2 0
github.com/fumiama/go-docx/structtable.go:211.18,213.5 1 0
github.com/fumiama/go-docx/structtable.go:214.21,215.30 1 0
github.com/fumiama/go-docx/structtable.go:216.21,217.30 1 0
github.com/fumiama/go-docx/structtable.go:218.20,219.29 1 0
github.com/fumiama/go-docx/structtable.go:220.20,221.29 1 0
github.com/fumiama/go-docx/structtable.go:222.16,224.18 2 0
github.com/fumiama/go-docx/structtable.go:224.18,226.5 1 0
github.com/fumiama/go-docx/structtable.go:227.16,229.18 2 0
github.com/fumiama/go-docx/structtable.go:229.18,231.5 1 0
github.com/fumiama/go-docx/structtable.go:236.2,237.12 2 1
github.com/fumiama/go-docx/structtable.go:247.88,248.34 1 0
github.com/fumiama/go-docx/structtable.go:248.34,249.23 1 0
github.com/fumiama/go-docx/structtable.go:249.23,250.12 1 0
github.com/fumiama/go-docx/structtable.go:252.3,252.26 1 0
github.com/fumiama/go-docx/structtable.go:253.14,254.22 1 0
github.com/fumiama/go-docx/structtable.go:255.11,255.11 0 0
github.com/fumiama/go-docx/structtable.go:260.2,261.12 2 0
github.com/fumiama/go-docx/structtable.go:272.88,273.34 1 1
github.com/fumiama/go-docx/structtable.go:273.34,274.23 1 1
github.com/fumiama/go-docx/structtable.go:274.23,275.12 1 1
github.com/fumiama/go-docx/structtable.go:277.3,277.26 1 1
github.com/fumiama/go-docx/structtable.go:278.12,280.18 2 1
github.com/fumiama/go-docx/structtable.go:280.18,282.5 1 0
github.com/fumiama/go-docx/structtable.go:283.15,284.23 1 1
github.com/fumiama/go-docx/structtable.go:285.11,285.11 0 0
github.com/fumiama/go-docx/structtable.go:290.2,291.12 2 1
github.com/fumiama/go-docx/structtable.go:307.81,308.34 1 1
github.com/fumiama/go-docx/structtable.go:308.34,309.23 1 1
github.com/fumiama/go-docx/structtable.go:309.23,310.12 1 0
github.com/fumiama/go-docx/structtable.go:312.3,312.26 1 1
github.com/fumiama/go-docx/structtable.go:313.14,314.22 1 1
github.com/fumiama/go-docx/structtable.go:315.19,316.41 1 1
github.com/fumiama/go-docx/structtable.go:317.18,318.40 1 1
github.com/fumiama/go-docx/structtable.go:319.22,320.41 1 1
github.com/fumiama/go-docx/structtable.go:321.21,322.40 1 1
github.com/fumiama/go-docx/structtable.go:323.18,324.40 1 1
github.com/fumiama/go-docx/structtable.go:325.18,326.40 1 1
github.com/fumiama/go-docx/structtable.go:327.11,327.11 0 0
github.com/fumiama/go-docx/structtable.go:332.2,333.12 2 1
github.com/fumiama/go-docx/structtable.go:343.77,344.6 1 1
github.com/fumiama/go-docx/structtable.go:344.6,346.20 2 1
github.com/fumiama/go-docx/structtable.go:346.20,347.9 1 1
github.com/fumiama/go-docx/structtable.go:349.3,349.17 1 1
github.com/fumiama/go-docx/structtable.go:349.17,351.4 1 0
github.com/fumiama/go-docx/structtable.go:353.3,353.43 1 1
github.com/fumiama/go-docx/structtable.go:353.43,354.25 1 0
github.com/fumiama/go-docx/structtable.go:355.19,358.66 3 0
github.com/fumiama/go-docx/structtable.go:358.66,360.6 1 0
github.com/fumiama/go-docx/structtable.go:361.5,361.41 1 0
github.com/fumiama/go-docx/structtable.go:362.12,364.19 2 0
github.com/fumiama/go-docx/structtable.go:364.19,366.6 1 0
github.com/fumiama/go-docx/structtable.go:367.5,367.13 1 0
github.com/fumiama/go-docx/structtable.go:371.2,371.12 1 1
github.com/fumiama/go-docx/structtable.go:381.85,382.34 1 0
github.com/fumiama/go-docx/structtable.go:382.34,383.23 1 0
github.com/fumiama/go-docx/structtable.go:383.23,384.12 1 0
github.com/fumiama/go-docx/structtable.go:386.3,386.26 1 0
github.com/fumiama/go-docx/structtable.go:387.12,389.18 2 0
github.com/fumiama/go-docx/structtable.go:389.18,391.5 1 0
github.com/fumiama/go-docx/structtable.go:392.11,392.11 0 0
github.com/fumiama/go-docx/structtable.go:397.2,398.12 2 0
github.com/fumiama/go-docx/structtable.go:414.76,428.6 1 1
github.com/fumiama/go-docx/structtable.go:428.6,430.20 2 1
github.com/fumiama/go-docx/structtable.go:430.20,431.9 1 1
github.com/fumiama/go-docx/structtable.go:433.3,433.17 1 1
github.com/fumiama/go-docx/structtable.go:433.17,435.4 1 0
github.com/fumiama/go-docx/structtable.go:437.3,437.41 1 1
github.com/fumiama/go-docx/structtable.go:437.41,438.25 1 1
github.com/fumiama/go-docx/structtable.go:439.16,442.66 3 1
github.com/fumiama/go-docx/structtable.go:442.66,444.6 1 0
github.com/fumiama/go-docx/structtable.go:445.14,449.66 4 1
github.com/fumiama/go-docx/structtable.go:449.66,451.6 1 0
github.com/fumiama/go-docx/structtable.go:452.5,452.48 1 1
github.com/fumiama/go-docx/structtable.go:453.12,455.19 2 0
github.com/fumiama/go-docx/structtable.go:455.19,457.6 1 0
github.com/fumiama/go-docx/structtable.go:458.5,458.13 1 0
github.com/fumiama/go-docx/structtable.go:462.2,462.12 1 1
github.com/fumiama/go-docx/structtable.go:473.86,474.6 1 1
github.com/fumiama/go-docx/structtable.go:474.6,476.20 2 1
github.com/fumiama/go-docx/structtable.go:476.20,477.9 1 1
github.com/fumiama/go-docx/structtable.go:479.3,479.17 1 1
github.com/fumiama/go-docx/structtable.go:479.17,481.4 1 0
github.com/fumiama/go-docx/structtable.go:483.3,483.43 1 1
github.com/fumiama/go-docx/structtable.go:483.43,484.25 1 1
github.com/fumiama/go-docx/structtable.go:485.20,487.34 2 0
github.com/fumiama/go-docx/structtable.go:487.34,488.29 1 0
github.com/fumiama/go-docx/structtable.go:489.17,491.21 2 0
github.com/fumiama/go-docx/structtable.go:491.21,493.8 1 0
github.com/fumiama/go-docx/structtable.go:494.19,495.27 1 0
github.com/fumiama/go-docx/structtable.go:498.5,500.19 3 0
github.com/fumiama/go-docx/structtable.go:500.19,502.6 1 0
github.com/fumiama/go-docx/structtable.go:503.14,505.34 2 1
github.com/fumiama/go-docx/structtable.go:505.34,506.34 1 1
github.com/fumiama/go-docx/structtable.go:506.34,508.12 2 1
github.com/fumiama/go-docx/structtable.go:511.5,513.19 3 1
github.com/fumiama/go-docx/structtable.go:513.19,515.6 1 0
github.com/fumiama/go-docx/structtable.go:516.12,518.19 2 0
github.com/fumiama/go-docx/structtable.go:518.19,520.6 1 0
github.com/fumiama/go-docx/structtable.go:524.2,524.12 1 1
github.com/fumiama/go-docx/structtable.go:545.77,546.6 1 1
github.com/fumiama/go-docx/structtable.go:546.6,548.20 2 1
github.com/fumiama/go-docx/structtable.go:548.20,549.9 1 1
github.com/fumiama/go-docx/structtable.go:551.3,551.17 1 1
github.com/fumiama/go-docx/structtable.go:551.17,553.4 1 0
github.com/fumiama/go-docx/structtable.go:555.3,555.41 1 1
github.com/fumiama/go-docx/structtable.go:555.41,556.25 1 1
github.com/fumiama/go-docx/structtable.go:557.13,561.66 4 1
github.com/fumiama/go-docx/structtable.go:561.66,563.6 1 0
github.com/fumiama/go-docx/structtable.go:564.5,564.48 1 1
github.com/fumiama/go-docx/structtable.go:565.16,568.66 3 1
github.com/fumiama/go-docx/structtable.go:568.66,570.6 1 0
github.com/fumiama/go-docx/structtable.go:571.5,571.35 1 1
github.com/fumiama/go-docx/structtable.go:572.15,575.102 3 0
github.com/fumiama/go-docx/structtable.go:575.102,577.6 1 0
github.com/fumiama/go-docx/structtable.go:578.5,578.40 1 0
github.com/fumiama/go-docx/structtable.go:579.12,581.19 2 0
github.com/fumiama/go-docx/structtable.go:581.19,583.6 1 0
github.com/fumiama/go-docx/structtable.go:584.5,584.13 1 0
github.com/fumiama/go-docx/structtable.go:588.2,588.12 1 1
github.com/fumiama/go-docx/structtable.go:603.87,604.6 1 1
github.com/fumiama/go-docx/structtable.go:604.6,606.20 2 1
github.com/fumiama/go-docx/structtable.go:606.20,607.9 1 1
github.com/fumiama/go-docx/structtable.go:609.3,609.17 1 1
github.com/fumiama/go-docx/structtable.go:609.17,611.4 1 0
github.com/fumiama/go-docx/structtable.go:613.3,613.41 1 1
github.com/fumiama/go-docx/structtable.go:613.41,614.25 1 1
github.com/fumiama/go-docx/structtable.go:615.15,618.16 3 1
github.com/fumiama/go-docx/structtable.go:618.16,619.14 1 0
github.com/fumiama/go-docx/structtable.go:621.5,622.19 2 1
github.com/fumiama/go-docx/structtable.go:622.19,624.6 1 0
github.com/fumiama/go-docx/structtable.go:625.5,625.52 1 1
github.com/fumiama/go-docx/structtable.go:626.18,627.53 1 1
github.com/fumiama/go-docx/structtable.go:628.20,631.16 3 0
github.com/fumiama/go-docx/structtable.go:631.16,632.14 1 0
github.com/fumiama/go-docx/structtable.go:634.5,635.19 2 0
github.com/fumiama/go-docx/structtable.go:635.19,637.6 1 0
github.com/fumiama/go-docx/structtable.go:638.18,640.42 2 0
github.com/fumiama/go-docx/structtable.go:641.21,644.66 3 0
github.com/fumiama/go-docx/structtable.go:644.66,646.6 1 0
github.com/fumiama/go-docx/structtable.go:647.15,650.66 3 1
github.com/fumiama/go-docx/structtable.go:650.66,652.6 1 0
github.com/fumiama/go-docx/structtable.go:653.5,653.21 1 1
github.com/fumiama/go-docx/structtable.go:654.12,656.19 2 0
github.com/fumiama/go-docx/structtable.go:656.19,658.6 1 0
github.com/fumiama/go-docx/structtable.go:659.5,659.13 1 0
github.com/fumiama/go-docx/structtable.go:663.2,663.12 1 1
github.com/fumiama/go-docx/structtable.go:715.80,716.6 1 1
github.com/fumiama/go-docx/structtable.go:716.6,718.20 2 1
github.com/fumiama/go-docx/structtable.go:718.20,719.9 1 1
github.com/fumiama/go-docx/structtable.go:721.3,721.17 1 1
github.com/fumiama/go-docx/structtable.go:721.17,723.4 1 0
github.com/fumiama/go-docx/structtable.go:725.3,725.41 1 1
github.com/fumiama/go-docx/structtable.go:725.41,726.25 1 1
github.com/fumiama/go-docx/structtable.go:727.15,730.66 3 1
github.com/fumiama/go-docx/structtable.go:730.66,732.6 1 0
github.com/fumiama/go-docx/structtable.go:733.5,733.18 1 1
github.com/fumiama/go-docx/structtable.go:734.16,737.66 3 1
github.com/fumiama/go-docx/structtable.go:737.66,739.6 1 0
github.com/fumiama/go-docx/structtable.go:740.5,740.19 1 1
github.com/fumiama/go-docx/structtable.go:741.18,744.66 3 1
github.com/fumiama/go-docx/structtable.go:744.66,746.6 1 0
github.com/fumiama/go-docx/structtable.go:747.5,747.21 1 1
github.com/fumiama/go-docx/structtable.go:748.17,751.66 3 1
github.com/fumiama/go-docx/structtable.go:751.66,753.6 1 0
github.com/fumiama/go-docx/structtable.go:754.5,754.20 1 1
github.com/fumiama/go-docx/structtable.go:755.19,758.66 3 1
github.com/fumiama/go-docx/structtable.go:758.66,760.6 1 0
github.com/fumiama/go-docx/structtable.go:761.5,761.22 1 1
github.com/fumiama/go-docx/structtable.go:762.19,765.66 3 1
github.com/fumiama/go-docx/structtable.go:765.66,767.6 1 0
github.com/fumiama/go-docx/structtable.go:768.5,768.22 1 1
github.com/fumiama/go-docx/structtable.go:769.12,771.19 2 0
github.com/fumiama/go-docx/structtable.go:771.19,773.6 1 0
github.com/fumiama/go-docx/structtable.go:774.5,774.13 1 0
github.com/fumiama/go-docx/structtable.go:778.2,778.12 1 1
github.com/fumiama/go-docx/structtable.go:790.83,791.34 1 1
github.com/fumiama/go-docx/structtable.go:791.34,792.26 1 1
github.com/fumiama/go-docx/structtable.go:793.14,794.22 1 1
github.com/fumiama/go-docx/structtable.go:795.13,796.24 1 1
github.com/fumiama/go-docx/structtable.go:796.24,797.13 1 0
github.com/fumiama/go-docx/structtable.go:799.4,800.18 2 1
github.com/fumiama/go-docx/structtable.go:800.18,802.5 1 0
github.com/fumiama/go-docx/structtable.go:803.4,803.15 1 1
github.com/fumiama/go-docx/structtable.go:804.16,805.24 1 1
github.com/fumiama/go-docx/structtable.go:805.24,806.13 1 0
github.com/fumiama/go-docx/structtable.go:808.4,809.18 2 1
github.com/fumiama/go-docx/structtable.go:809.18,811.5 1 0
github.com/fumiama/go-docx/structtable.go:812.4,812.19 1 1
github.com/fumiama/go-docx/structtable.go:813.16,814.24 1 1
github.com/fumiama/go-docx/structtable.go:818.2,819.12 2 1
github.com/fumiama/go-docx/structtext.go:37.72,38.6 1 1
github.com/fumiama/go-docx/structtext.go:38.6,40.20 2 1
github.com/fumiama/go-docx/structtext.go:40.20,41.9 1 1
github.com/fumiama/go-docx/structtext.go:43.3,43.17 1 1
github.com/fumiama/go-docx/structtext.go:43.17,45.4 1 0
github.com/fumiama/go-docx/structtext.go:47.3,47.41 1 1
github.com/fumiama/go-docx/structtext.go:47.41,48.30 1 1
github.com/fumiama/go-docx/structtext.go:48.30,51.66 3 1
github.com/fumiama/go-docx/structtext.go:51.66,53.6 1 0
github.com/fumiama/go-docx/structtext.go:54.5,54.38 1 1
github.com/fumiama/go-docx/structtext.go:59.2,59.12 1 1
github.com/fumiama/go-docx/structtext.go:70.74,72.34 2 1
github.com/fumiama/go-docx/structtext.go:72.34,73.26 1 1
github.com/fumiama/go-docx/structtext.go:74.14,75.22 1 1
github.com/fumiama/go-docx/structtext.go:76.14,77.24 1 1
github.com/fumiama/go-docx/structtext.go:77.24,78.13 1 0
github.com/fumiama/go-docx/structtext.go:80.4,81.18 2 1
github.com/fumiama/go-docx/structtext.go:81.18,83.5 1 0
github.com/fumiama/go-docx/structtext.go:87.2,88.12 2 1
github.com/fumiama/go-docx/structtext.go:98.83,99.34 1 1
github.com/fumiama/go-docx/structtext.go:99.34,100.32 1 1
github.com/fumiama/go-docx/structtext.go:100.32,102.9 2 1
github.com/fumiama/go-docx/structtext.go:106.2,107.12 2 1
github.com/fumiama/go-docx/structtext.go:120.75,121.34 1 1
github.com/fumiama/go-docx/structtext.go:121.34,122.26 1 1
github.com/fumiama/go-docx/structtext.go:123.16,124.27 1 1
github.com/fumiama/go-docx/structtext.go:125.11,125.11 0 0
github.com/fumiama/go-docx/structtext.go:129.2,129.6 1 1
github.com/fumiama/go-docx/structtext.go:129.6,131.20 2 1
github.com/fumiama/go-docx/structtext.go:131.20,132.9 1 1
github.com/fumiama/go-docx/structtext.go:134.3,134.17 1 1
github.com/fumiama/go-docx/structtext.go:134.17,136.4 1 0
github.com/fumiama/go-docx/structtext.go:138.3,138.37 1 1
github.com/fumiama/go-docx/structtext.go:138.37,140.4 1 1
github.com/fumiama/go-docx/structtext.go:143.2,143.12 1 1
github.com/fumiama/go-docx/structtext.go:150.35,152.2 1 1
github.com/fumiama/go-docx/structtext.go:155.42,156.28 1 1
github.com/fumiama/go-docx/structtext.go:156.28,158.3 1 0
github.com/fumiama/go-docx/structtext.go:159.2,159.42 1 1
github.com/fumiama/go-docx/structtext.go:159.42,161.3 1 0
github.com/fumiama/go-docx/structtext.go:162.2,162.56 1 1
github.com/fumiama/go-docx/structtext.go:162.56,164.3 1 0
github.com/fumiama/go-docx/structtext.go:165.2,165.56 1 1
github.com/fumiama/go-docx/structtext.go:165.56,167.3 1 0
github.com/fumiama/go-docx/structtext.go:168.2,170.38 3 1
github.com/fumiama/go-docx/structtext.go:170.38,173.33 3 1
github.com/fumiama/go-docx/structtext.go:173.33,174.12 1 1
github.com/fumiama/go-docx/structtext.go:176.3,176.34 1 1
github.com/fumiama/go-docx/structtext.go:176.34,178.4 1 1
github.com/fumiama/go-docx/structtext.go:179.3,179.34 1 1
github.com/fumiama/go-docx/structtext.go:179.34,181.4 1 1
github.com/fumiama/go-docx/structtext.go:182.3,183.26 2 1
github.com/fumiama/go-docx/structtext.go:183.26,184.12 1 1
github.com/fumiama/go-docx/structtext.go:186.3,187.39 2 1
github.com/fumiama/go-docx/structtext.go:187.39,188.41 1 1
github.com/fumiama/go-docx/structtext.go:188.41,190.5 1 0
github.com/fumiama/go-docx/structtext.go:193.2,193.13 1 1
github.com/fumiama/go-docx/structtext.go:197.55,198.32 1 1
github.com/fumiama/go-docx/structtext.go:198.32,199.29 1 1
github.com/fumiama/go-docx/structtext.go:199.29,201.4 1 0
github.com/fumiama/go-docx/structtext.go:202.3,202.43 1 1
github.com/fumiama/go-docx/structtext.go:202.43,204.4 1 0
github.com/fumiama/go-docx/structtext.go:205.3,205.57 1 1
github.com/fumiama/go-docx/structtext.go:205.57,207.4 1 0
github.com/fumiama/go-docx/structtext.go:208.3,208.57 1 1
github.com/fumiama/go-docx/structtext.go:208.57,210.4 1 0
github.com/fumiama/go-docx/structtext.go:211.3,213.26 3 1
github.com/fumiama/go-docx/structtext.go:213.26,216.34 3 1
github.com/fumiama/go-docx/structtext.go:216.34,217.13 1 1
github.com/fumiama/go-docx/structtext.go:219.4,219.35 1 1
github.com/fumiama/go-docx/structtext.go:219.35,221.5 1 1
github.com/fumiama/go-docx/structtext.go:222.4,222.35 1 1
github.com/fumiama/go-docx/structtext.go:222.35,224.5 1 1
github.com/fumiama/go-docx/structtext.go:225.4,226.27 2 1
github.com/fumiama/go-docx/structtext.go:226.27,227.13 1 1
github.com/fumiama/go-docx/structtext.go:229.4,230.40 2 1
github.com/fumiama/go-docx/structtext.go:230.40,231.42 1 1
github.com/fumiama/go-docx/structtext.go:231.42,233.6 1 0
github.com/fumiama/go-docx/structtext.go:236.3,236.14 1 1
github.com/fumiama/go-docx/structtext.go:243.69,247.31 4 1
github.com/fumiama/go-docx/structtext.go:247.31,248.24 1 1
github.com/fumiama/go-docx/structtext.go:249.13,253.33 4 1
github.com/fumiama/go-docx/structtext.go:253.33,254.26 1 1
github.com/fumiama/go-docx/structtext.go:255.16,256.22 1 1
github.com/fumiama/go-docx/structtext.go:256.22,258.7 1 1
github.com/fumiama/go-docx/structtext.go:259.13,260.22 1 0
github.com/fumiama/go-docx/structtext.go:260.22,263.7 2 0
github.com/fumiama/go-docx/structtext.go:264.6,264.40 1 0
github.com/fumiama/go-docx/structtext.go:267.4,267.20 1 1
github.com/fumiama/go-docx/structtext.go:267.20,269.5 1 1
github.com/fumiama/go-docx/structtext.go:270.4,270.47 1 1
github.com/fumiama/go-docx/structtext.go:270.47,273.35 3 1
github.com/fumiama/go-docx/structtext.go:273.35,275.6 1 1
github.com/fumiama/go-docx/structtext.go:275.11,277.50 2 1
github.com/fumiama/go-docx/structtext.go:277.50,280.7 2 1
github.com/fumiama/go-docx/structtext.go:280.12,282.7 1 0
github.com/fumiama/go-docx/structtext.go:284.5,284.34 1 1
github.com/fumiama/go-docx/structtext.go:284.34,285.27 1 1
github.com/fumiama/go-docx/structtext.go:286.17,287.23 1 1
github.com/fumiama/go-docx/structtext.go:287.23,289.8 1 1
github.com/fumiama/go-docx/structtext.go:290.14,291.30 1 0
github.com/fumiama/go-docx/structtext.go:291.30,292.20 1 0
github.com/fumiama/go-docx/structtext.go:292.20,294.9 1 0
github.com/fumiama/go-docx/structtext.go:294.14,296.9 1 0
github.com/fumiama/go-docx/structtext.go:297.8,297.26 1 0
github.com/fumiama/go-docx/structtext.go:299.7,299.53 1 0
github.com/fumiama/go-docx/structtext.go:302.5,302.41 1 1
github.com/fumiama/go-docx/structtext.go:302.41,304.6 1 1
github.com/fumiama/go-docx/structtext.go:305.10,308.5 2 1
github.com/fumiama/go-docx/structtext.go:309.11,310.40 1 0
github.com/fumiama/go-docx/structtext.go:313.2,313.8 1 1
github.com/fumiama/go-docx/theme.go:28.84,33.2 4 1
github.com/fumiama/go-docx/theme.go:36.41,38.2 1 1
github.com/fumiama/go-docx/theme.go:41.35,50.2 3 1
github.com/fumiama/go-docx/theme.go:53.35,62.2 3 1
github.com/fumiama/go-docx/unpack.go:40.60,46.35 6 1
github.com/fumiama/go-docx/unpack.go:46.35,47.47 1 1
github.com/fumiama/go-docx/unpack.go:47.47,49.18 2 1
github.com/fumiama/go-docx/unpack.go:49.18,51.5 1 0
github.com/fumiama/go-docx/unpack.go:52.4,52.12 1 1
github.com/fumiama/go-docx/unpack.go:54.3,54.36 1 1
github.com/fumiama/go-docx/unpack.go:54.36,56.18 2 1
github.com/fumiama/go-docx/unpack.go:56.18,58.5 1 0
github.com/fumiama/go-docx/unpack.go:59.4,59.12 1 1
github.com/fumiama/go-docx/unpack.go:61.3,61.46 1 1
github.com/fumiama/go-docx/unpack.go:61.46,63.18 2 1
github.com/fumiama/go-docx/unpack.go:63.18,65.5 1 0
github.com/fumiama/go-docx/unpack.go:66.4,66.12 1 1
github.com/fumiama/go-docx/unpack.go:69.3,69.48 1 1
github.com/fumiama/go-docx/unpack.go:72.2,73.8 2 1
github.com/fumiama/go-docx/unpack.go:77.52,79.16 2 1
github.com/fumiama/go-docx/unpack.go:79.16,81.3 1 0
github.com/fumiama/go-docx/unpack.go:82.2,101.12 13 1
github.com/fumiama/go-docx/unpack.go:105.55,107.16 2 1
github.com/fumiama/go-docx/unpack.go:107.16,109.3 1 0
github.com/fumiama/go-docx/unpack.go:110.2,114.16 4 1
github.com/fumiama/go-docx/unpack.go:114.16,116.3 1 0
github.com/fumiama/go-docx/unpack.go:117.2,117.47 1 1
github.com/fumiama/go-docx/unpack.go:117.47,118.38 1 1
github.com/fumiama/go-docx/unpack.go:118.38,120.4 1 0
github.com/fumiama/go-docx/unpack.go:121.3,122.17 2 1
github.com/fumiama/go-docx/unpack.go:122.17,124.4 1 0
github.com/fumiama/go-docx/unpack.go:125.3,125.26 1 1
github.com/fumiama/go-docx/unpack.go:125.26,127.4 1 1
github.com/fumiama/go-docx/unpack.go:129.2,129.12 1 1
github.com/fumiama/go-docx/unpack.go:133.49,136.16 3 1
github.com/fumiama/go-docx/unpack.go:136.16,138.3 1 0
github.com/fumiama/go-docx/unpack.go:139.2,140.16 2 1
github.com/fumiama/go-docx/unpack.go:140.16,142.3 1 0
github.com/fumiama/go-docx/unpack.go:143.2,145.19 3 1
